2025-03-08T17:00:16.378+0300 [DEBUG] [org.gradle.launcher.daemon.bootstrap.DaemonMain] Assuming the daemon was started with following jvm opts: [-Xmx2048m, -Dfile.encoding=UTF-8, -Duser.country=TR, -Duser.language=en, -Duser.variant]
2025-03-08T17:00:16.458+0300 [INFO] [org.gradle.launcher.daemon.server.Daemon] start() called on daemon - DefaultDaemonContext[uid=80549b56-74c3-4d90-8835-41d87f499edc,javaHome=/Applications/Android Studio.app/Contents/jbr/Contents/Home,javaVersion=21,javaVendor=JetBrains s.r.o.,daemonRegistryDir=/Users/oguzkaran/Documents/GitHub/Android-Aug-2024/src/Projects/Android/004-DemoBasicViewsDataAndViewBinding/daemon,pid=11998,idleTimeout=10800000,priority=NORMAL,applyInstrumentationAgent=true,nativeServicesMode=ENABLED,daemonOpts=-Xmx2048m,-Dfile.encoding=UTF-8,-Duser.country=TR,-Duser.language=en,-Duser.variant]
2025-03-08T17:00:16.482+0300 [DEBUG] [org.gradle.internal.remote.internal.inet.InetAddresses] Adding IP addresses for network interface utun5
2025-03-08T17:00:16.482+0300 [DEBUG] [org.gradle.internal.remote.internal.inet.InetAddresses] Is this a loopback interface? false
2025-03-08T17:00:16.482+0300 [DEBUG] [org.gradle.internal.remote.internal.inet.InetAddresses] Adding remote address /fe80:0:0:0:94c2:1235:be2c:8bb9%utun5
2025-03-08T17:00:16.482+0300 [DEBUG] [org.gradle.internal.remote.internal.inet.InetAddresses] Adding IP addresses for network interface utun4
2025-03-08T17:00:16.482+0300 [DEBUG] [org.gradle.internal.remote.internal.inet.InetAddresses] Is this a loopback interface? false
2025-03-08T17:00:16.482+0300 [DEBUG] [org.gradle.internal.remote.internal.inet.InetAddresses] Adding remote address /fe80:0:0:0:9658:fb0:b430:b8bc%utun4
2025-03-08T17:00:16.483+0300 [DEBUG] [org.gradle.internal.remote.internal.inet.InetAddresses] Adding IP addresses for network interface utun3
2025-03-08T17:00:16.483+0300 [DEBUG] [org.gradle.internal.remote.internal.inet.InetAddresses] Is this a loopback interface? false
2025-03-08T17:00:16.483+0300 [DEBUG] [org.gradle.internal.remote.internal.inet.InetAddresses] Adding remote address /fe80:0:0:0:6c78:712a:a685:3fd%utun3
2025-03-08T17:00:16.483+0300 [DEBUG] [org.gradle.internal.remote.internal.inet.InetAddresses] Adding IP addresses for network interface utun2
2025-03-08T17:00:16.483+0300 [DEBUG] [org.gradle.internal.remote.internal.inet.InetAddresses] Is this a loopback interface? false
2025-03-08T17:00:16.483+0300 [DEBUG] [org.gradle.internal.remote.internal.inet.InetAddresses] Adding remote address /fe80:0:0:0:ce81:b1c:bd2c:69e%utun2
2025-03-08T17:00:16.483+0300 [DEBUG] [org.gradle.internal.remote.internal.inet.InetAddresses] Adding IP addresses for network interface utun1
2025-03-08T17:00:16.483+0300 [DEBUG] [org.gradle.internal.remote.internal.inet.InetAddresses] Is this a loopback interface? false
2025-03-08T17:00:16.483+0300 [DEBUG] [org.gradle.internal.remote.internal.inet.InetAddresses] Adding remote address /fe80:0:0:0:588:572b:b446:2a0%utun1
2025-03-08T17:00:16.483+0300 [DEBUG] [org.gradle.internal.remote.internal.inet.InetAddresses] Adding IP addresses for network interface utun0
2025-03-08T17:00:16.484+0300 [DEBUG] [org.gradle.internal.remote.internal.inet.InetAddresses] Is this a loopback interface? false
2025-03-08T17:00:16.484+0300 [DEBUG] [org.gradle.internal.remote.internal.inet.InetAddresses] Adding remote address /fe80:0:0:0:3e1d:7f5b:8e7d:e20%utun0
2025-03-08T17:00:16.484+0300 [DEBUG] [org.gradle.internal.remote.internal.inet.InetAddresses] Adding IP addresses for network interface llw0
2025-03-08T17:00:16.484+0300 [DEBUG] [org.gradle.internal.remote.internal.inet.InetAddresses] Is this a loopback interface? false
2025-03-08T17:00:16.484+0300 [DEBUG] [org.gradle.internal.remote.internal.inet.InetAddresses] Adding remote address /fe80:0:0:0:a40c:54ff:fe69:e49e%llw0
2025-03-08T17:00:16.484+0300 [DEBUG] [org.gradle.internal.remote.internal.inet.InetAddresses] Adding IP addresses for network interface awdl0
2025-03-08T17:00:16.484+0300 [DEBUG] [org.gradle.internal.remote.internal.inet.InetAddresses] Is this a loopback interface? false
2025-03-08T17:00:16.484+0300 [DEBUG] [org.gradle.internal.remote.internal.inet.InetAddresses] Adding remote address /fe80:0:0:0:a40c:54ff:fe69:e49e%awdl0
2025-03-08T17:00:16.484+0300 [DEBUG] [org.gradle.internal.remote.internal.inet.InetAddresses] Adding IP addresses for network interface en0
2025-03-08T17:00:16.484+0300 [DEBUG] [org.gradle.internal.remote.internal.inet.InetAddresses] Is this a loopback interface? false
2025-03-08T17:00:16.484+0300 [DEBUG] [org.gradle.internal.remote.internal.inet.InetAddresses] Adding remote address /fe80:0:0:0:ec:c2c1:f440:c54f%en0
2025-03-08T17:00:16.485+0300 [DEBUG] [org.gradle.internal.remote.internal.inet.InetAddresses] Adding remote address /192.168.1.104
2025-03-08T17:00:16.485+0300 [DEBUG] [org.gradle.internal.remote.internal.inet.InetAddresses] Adding IP addresses for network interface lo0
2025-03-08T17:00:16.485+0300 [DEBUG] [org.gradle.internal.remote.internal.inet.InetAddresses] Is this a loopback interface? true
2025-03-08T17:00:16.485+0300 [DEBUG] [org.gradle.internal.remote.internal.inet.InetAddresses] Ignoring remote address on loopback interface /fe80:0:0:0:0:0:0:1%lo0
2025-03-08T17:00:16.485+0300 [DEBUG] [org.gradle.internal.remote.internal.inet.InetAddresses] Adding loopback address /0:0:0:0:0:0:0:1%lo0
2025-03-08T17:00:16.485+0300 [DEBUG] [org.gradle.internal.remote.internal.inet.InetAddresses] Adding loopback address /127.0.0.1
2025-03-08T17:00:16.487+0300 [DEBUG] [org.gradle.internal.remote.internal.inet.TcpIncomingConnector] Listening on [e81eded8-4ede-474b-9b5f-e38cbb9d40fe port:54837, addresses:[localhost/127.0.0.1]].
2025-03-08T17:00:16.498+0300 [DEBUG] [org.gradle.launcher.daemon.server.Daemon] Daemon starting at: Sat Mar 08 17:00:16 TRT 2025, with address: [e81eded8-4ede-474b-9b5f-e38cbb9d40fe port:54837, addresses:[localhost/127.0.0.1]]
2025-03-08T17:00:16.498+0300 [INFO] [org.gradle.launcher.daemon.server.DaemonRegistryUpdater] Advertising the daemon address to the clients: [e81eded8-4ede-474b-9b5f-e38cbb9d40fe port:54837, addresses:[localhost/127.0.0.1]]
2025-03-08T17:00:16.499+0300 [DEBUG] [org.gradle.launcher.daemon.server.DaemonRegistryUpdater] Advertised daemon context: DefaultDaemonContext[uid=80549b56-74c3-4d90-8835-41d87f499edc,javaHome=/Applications/Android Studio.app/Contents/jbr/Contents/Home,javaVersion=21,javaVendor=JetBrains s.r.o.,daemonRegistryDir=/Users/oguzkaran/Documents/GitHub/Android-Aug-2024/src/Projects/Android/004-DemoBasicViewsDataAndViewBinding/daemon,pid=11998,idleTimeout=10800000,priority=NORMAL,applyInstrumentationAgent=true,nativeServicesMode=ENABLED,daemonOpts=-Xmx2048m,-Dfile.encoding=UTF-8,-Duser.country=TR,-Duser.language=en,-Duser.variant]
2025-03-08T17:00:16.499+0300 [DEBUG] [org.gradle.launcher.daemon.registry.PersistentDaemonRegistry] Storing daemon address: [e81eded8-4ede-474b-9b5f-e38cbb9d40fe port:54837, addresses:[localhost/127.0.0.1]], context: DefaultDaemonContext[uid=80549b56-74c3-4d90-8835-41d87f499edc,javaHome=/Applications/Android Studio.app/Contents/jbr/Contents/Home,javaVersion=21,javaVendor=JetBrains s.r.o.,daemonRegistryDir=/Users/oguzkaran/Documents/GitHub/Android-Aug-2024/src/Projects/Android/004-DemoBasicViewsDataAndViewBinding/daemon,pid=11998,idleTimeout=10800000,priority=NORMAL,applyInstrumentationAgent=true,nativeServicesMode=ENABLED,daemonOpts=-Xmx2048m,-Dfile.encoding=UTF-8,-Duser.country=TR,-Duser.language=en,-Duser.variant]
2025-03-08T17:00:16.509+0300 [DEBUG] [org.gradle.cache.internal.DefaultFileLockManager] Waiting to acquire exclusive lock on daemon addresses registry.
2025-03-08T17:00:16.510+0300 [DEBUG] [org.gradle.cache.internal.DefaultFileLockManager] Lock acquired on daemon addresses registry.
2025-03-08T17:00:16.511+0300 [DEBUG] [org.gradle.cache.internal.DefaultFileLockManager] Releasing lock on daemon addresses registry.
2025-03-08T17:00:16.511+0300 [LIFECYCLE] [org.gradle.launcher.daemon.server.Daemon] Daemon server started.
2025-03-08T17:00:16.511+0300 [DEBUG] [org.gradle.launcher.daemon.bootstrap.DaemonStartupCommunication] Completed writing the daemon greeting. Closing streams...
2025-03-08T17:00:16.514+0300 [DEBUG] [org.gradle.launcher.daemon.server.Daemon] stopOnExpiration() called on daemon
2025-03-08T17:00:16.514+0300 [DEBUG] [org.gradle.launcher.daemon.server.Daemon] awaitExpiration() called on daemon
2025-03-08T17:00:16.515+0300 [DEBUG] [org.gradle.launcher.daemon.server.DaemonStateCoordinator] daemon is running. Sleeping until state changes.
2025-03-08T17:00:16.515+0300 [DEBUG] [org.gradle.internal.remote.internal.inet.TcpIncomingConnector] Accepted connection from /127.0.0.1:54838 to /127.0.0.1:54837.
2025-03-08T17:00:16.536+0300 [DEBUG] [org.gradle.launcher.daemon.server.SynchronizedDispatchConnection] thread 35: received class org.gradle.launcher.daemon.protocol.Build
2025-03-08T17:00:16.536+0300 [DEBUG] [org.gradle.launcher.daemon.server.DefaultDaemonConnection] thread 35: Received non-IO message from client: Build{id=9d017e8f-253b-49cf-8a4c-c2920d6ff511, currentDir=/Users/oguzkaran/Documents/GitHub/Android-Aug-2024/src/Projects/Android/006-DemoCounterApplication}
2025-03-08T17:00:16.536+0300 [INFO] [org.gradle.launcher.daemon.server.DefaultIncomingConnectionHandler] Received command: Build{id=9d017e8f-253b-49cf-8a4c-c2920d6ff511, currentDir=/Users/oguzkaran/Documents/GitHub/Android-Aug-2024/src/Projects/Android/006-DemoCounterApplication}.
2025-03-08T17:00:16.536+0300 [DEBUG] [org.gradle.launcher.daemon.server.DefaultIncomingConnectionHandler] Starting executing command: Build{id=9d017e8f-253b-49cf-8a4c-c2920d6ff511, currentDir=/Users/oguzkaran/Documents/GitHub/Android-Aug-2024/src/Projects/Android/006-DemoCounterApplication} with connection: socket connection from /127.0.0.1:54837 to /127.0.0.1:54838.
2025-03-08T17:00:16.537+0300 [DEBUG] [org.gradle.launcher.daemon.server.DaemonStateCoordinator] Command execution: started DaemonCommandExecution[command = Build{id=9d017e8f-253b-49cf-8a4c-c2920d6ff511, currentDir=/Users/oguzkaran/Documents/GitHub/Android-Aug-2024/src/Projects/Android/006-DemoCounterApplication}, connection = DefaultDaemonConnection: socket connection from /127.0.0.1:54837 to /127.0.0.1:54838] after 0.0010666666666666667 minutes of idle
2025-03-08T17:00:16.537+0300 [INFO] [org.gradle.launcher.daemon.server.DaemonRegistryUpdater] Marking the daemon as busy, address: [e81eded8-4ede-474b-9b5f-e38cbb9d40fe port:54837, addresses:[localhost/127.0.0.1]]
2025-03-08T17:00:16.537+0300 [DEBUG] [org.gradle.launcher.daemon.registry.PersistentDaemonRegistry] Marking busy by address: [e81eded8-4ede-474b-9b5f-e38cbb9d40fe port:54837, addresses:[localhost/127.0.0.1]]
2025-03-08T17:00:16.537+0300 [DEBUG] [org.gradle.cache.internal.DefaultFileLockManager] Waiting to acquire exclusive lock on daemon addresses registry.
2025-03-08T17:00:16.538+0300 [DEBUG] [org.gradle.cache.internal.DefaultFileLockManager] Lock acquired on daemon addresses registry.
2025-03-08T17:00:16.538+0300 [DEBUG] [org.gradle.cache.internal.DefaultFileLockManager] Releasing lock on daemon addresses registry.
2025-03-08T17:00:16.538+0300 [DEBUG] [org.gradle.launcher.daemon.server.DaemonStateCoordinator] resetting idle timer
2025-03-08T17:00:16.538+0300 [DEBUG] [org.gradle.launcher.daemon.server.DaemonStateCoordinator] daemon is running. Sleeping until state changes.
2025-03-08T17:00:16.538+0300 [INFO] [org.gradle.launcher.daemon.server.exec.StartBuildOrRespondWithBusy] Daemon is about to start building Build{id=9d017e8f-253b-49cf-8a4c-c2920d6ff511, currentDir=/Users/oguzkaran/Documents/GitHub/Android-Aug-2024/src/Projects/Android/006-DemoCounterApplication}. Dispatching build started information...
2025-03-08T17:00:16.538+0300 [DEBUG] [org.gradle.launcher.daemon.server.SynchronizedDispatchConnection] thread 37: dispatching org.gradle.launcher.daemon.protocol.BuildStarted@3582f55a
2025-03-08T17:00:16.541+0300 [DEBUG] [org.gradle.launcher.daemon.server.exec.EstablishBuildEnvironment] Configuring env variables: [PATH, __CFBundleIdentifier, SHELL, HOMEBREW_CELLAR, OLDPWD, USER, HOMEBREW_PREFIX, COMMAND_MODE, TMPDIR, SSH_AUTH_SOCK, XPC_FLAGS, __CF_USER_TEXT_ENCODING, LOGNAME, HOMEBREW_REPOSITORY, LC_CTYPE, XPC_SERVICE_NAME, INFOPATH, HOME]
2025-03-08T17:00:16.543+0300 [DEBUG] [org.gradle.launcher.daemon.server.exec.LogToClient] About to start relaying all logs to the client via the connection.
2025-03-08T17:00:16.543+0300 [INFO] [org.gradle.launcher.daemon.server.exec.LogToClient] The client will now receive all logging from the daemon (pid: 11998). The daemon log file: /Users/oguzkaran/Documents/GitHub/Android-Aug-2024/src/Projects/Android/004-DemoBasicViewsDataAndViewBinding/daemon/8.11.1/daemon-11998.out.log
2025-03-08T17:00:16.544+0300 [INFO] [org.gradle.launcher.daemon.server.exec.LogAndCheckHealth] Starting build in new daemon [memory: 2 GiB]
2025-03-08T17:00:16.545+0300 [DEBUG] [org.gradle.launcher.daemon.server.exec.ExecuteBuild] The daemon has started executing the build.
2025-03-08T17:00:16.545+0300 [DEBUG] [org.gradle.launcher.daemon.server.exec.ExecuteBuild] Executing build with daemon context: DefaultDaemonContext[uid=80549b56-74c3-4d90-8835-41d87f499edc,javaHome=/Applications/Android Studio.app/Contents/jbr/Contents/Home,javaVersion=21,javaVendor=JetBrains s.r.o.,daemonRegistryDir=/Users/oguzkaran/Documents/GitHub/Android-Aug-2024/src/Projects/Android/004-DemoBasicViewsDataAndViewBinding/daemon,pid=11998,idleTimeout=10800000,priority=NORMAL,applyInstrumentationAgent=true,nativeServicesMode=ENABLED,daemonOpts=-Xmx2048m,-Dfile.encoding=UTF-8,-Duser.country=TR,-Duser.language=en,-Duser.variant]

BUILD SUCCESSFUL in 9s
2025-03-08T17:00:22.983+0300 [DEBUG] [org.gradle.launcher.daemon.server.exec.ExecuteBuild] The daemon has finished executing the build.
2025-03-08T17:00:22.997+0300 [DEBUG] [org.gradle.launcher.daemon.server.DaemonStateCoordinator] daemon is running. Sleeping until state changes.
2025-03-08T17:00:22.999+0300 [DEBUG] [org.gradle.launcher.daemon.server.DaemonStateCoordinator] Command execution: finished waiting for DaemonCommandExecution[command = Build{id=9d017e8f-253b-49cf-8a4c-c2920d6ff511, currentDir=/Users/oguzkaran/Documents/GitHub/Android-Aug-2024/src/Projects/Android/006-DemoCounterApplication}, connection = DefaultDaemonConnection: socket connection from /127.0.0.1:54837 to /127.0.0.1:54838]. Result org.gradle.launcher.daemon.server.DaemonStateCoordinator@54380f7d with state Busy
2025-03-08T17:00:22.999+0300 [DEBUG] [org.gradle.launcher.daemon.server.DaemonStateCoordinator] Command execution: completed DaemonCommandExecution[command = Build{id=9d017e8f-253b-49cf-8a4c-c2920d6ff511, currentDir=/Users/oguzkaran/Documents/GitHub/Android-Aug-2024/src/Projects/Android/006-DemoCounterApplication}, connection = DefaultDaemonConnection: socket connection from /127.0.0.1:54837 to /127.0.0.1:54838]
2025-03-08T17:00:22.999+0300 [DEBUG] [org.gradle.launcher.daemon.server.DaemonStateCoordinator] resetting idle timer
2025-03-08T17:00:22.999+0300 [INFO] [org.gradle.launcher.daemon.server.DaemonRegistryUpdater] Marking the daemon as idle, address: [e81eded8-4ede-474b-9b5f-e38cbb9d40fe port:54837, addresses:[localhost/127.0.0.1]]
2025-03-08T17:00:22.999+0300 [DEBUG] [org.gradle.launcher.daemon.registry.PersistentDaemonRegistry] Marking busy by address: [e81eded8-4ede-474b-9b5f-e38cbb9d40fe port:54837, addresses:[localhost/127.0.0.1]]
2025-03-08T17:00:23.000+0300 [DEBUG] [org.gradle.cache.internal.DefaultFileLockManager] Waiting to acquire exclusive lock on daemon addresses registry.
2025-03-08T17:00:23.000+0300 [DEBUG] [org.gradle.cache.internal.DefaultFileLockManager] Lock acquired on daemon addresses registry.
2025-03-08T17:00:23.001+0300 [DEBUG] [org.gradle.cache.internal.DefaultFileLockManager] Releasing lock on daemon addresses registry.
2025-03-08T17:00:23.001+0300 [DEBUG] [org.gradle.launcher.daemon.server.DaemonStateCoordinator] daemon is running. Sleeping until state changes.
2025-03-08T17:00:23.001+0300 [DEBUG] [org.gradle.launcher.daemon.server.exec.ReturnResult] Daemon is dispatching the build result: Success[value=org.gradle.launcher.exec.BuildActionResult@34ce8581]
2025-03-08T17:00:23.002+0300 [DEBUG] [org.gradle.launcher.daemon.server.SynchronizedDispatchConnection] thread 34: dispatching Success[value=org.gradle.launcher.exec.BuildActionResult@34ce8581]
2025-03-08T17:00:23.003+0300 [DEBUG] [org.gradle.launcher.daemon.server.SynchronizedDispatchConnection] thread 35: received class org.gradle.launcher.daemon.protocol.CloseInput
2025-03-08T17:00:23.003+0300 [DEBUG] [org.gradle.launcher.daemon.server.DefaultDaemonConnection] thread 35: Received IO message from client: org.gradle.launcher.daemon.protocol.CloseInput@18a0672
2025-03-08T17:00:23.004+0300 [DEBUG] [org.gradle.launcher.daemon.server.SynchronizedDispatchConnection] thread 35: received class org.gradle.launcher.daemon.protocol.Finished
2025-03-08T17:00:23.004+0300 [DEBUG] [org.gradle.launcher.daemon.server.DefaultDaemonConnection] thread 35: Received non-IO message from client: org.gradle.launcher.daemon.protocol.Finished@1832fc14
2025-03-08T17:00:23.004+0300 [DEBUG] [org.gradle.launcher.daemon.server.exec.CleanUpVirtualFileSystemAfterBuild] Cleaning virtual file system after build finished
2025-03-08T17:00:23.004+0300 [DEBUG] [org.gradle.internal.remote.internal.inet.SocketConnection] Discarding EOFException: java.io.EOFException
2025-03-08T17:00:23.004+0300 [DEBUG] [org.gradle.launcher.daemon.server.SynchronizedDispatchConnection] thread 35: received null
2025-03-08T17:00:23.004+0300 [DEBUG] [org.gradle.launcher.daemon.server.DefaultDaemonConnection] thread 35: Received end-of-input from client.
2025-03-08T17:00:23.005+0300 [DEBUG] [org.gradle.launcher.daemon.server.DefaultIncomingConnectionHandler] Finishing executing command: Build{id=9d017e8f-253b-49cf-8a4c-c2920d6ff511, currentDir=/Users/oguzkaran/Documents/GitHub/Android-Aug-2024/src/Projects/Android/006-DemoCounterApplication}
2025-03-08T17:00:23.005+0300 [WARN] [org.gradle.launcher.daemon.server.DefaultIncomingConnectionHandler] Timed out waiting for finished message from client socket connection from /127.0.0.1:54837 to /127.0.0.1:54838. Discarding connection.
2025-03-08T17:00:23.005+0300 [DEBUG] [org.gradle.launcher.daemon.server.SynchronizedDispatchConnection] thread 34: stopping connection
2025-03-08T17:00:23.007+0300 [DEBUG] [org.gradle.launcher.daemon.server.SynchronizedDispatchConnection] thread 34: stopping connection
2025-03-08T17:00:26.519+0300 [DEBUG] [org.gradle.cache.internal.DefaultFileLockManager] Waiting to acquire shared lock on daemon addresses registry.
2025-03-08T17:00:26.520+0300 [DEBUG] [org.gradle.cache.internal.DefaultFileLockManager] Lock acquired on daemon addresses registry.
2025-03-08T17:00:26.520+0300 [DEBUG] [org.gradle.cache.internal.DefaultFileLockManager] Releasing lock on daemon addresses registry.
2025-03-08T17:00:26.522+0300 [DEBUG] [org.gradle.cache.internal.DefaultFileLockManager] Waiting to acquire shared lock on daemon addresses registry.
2025-03-08T17:00:26.522+0300 [DEBUG] [org.gradle.cache.internal.DefaultFileLockManager] Lock acquired on daemon addresses registry.
2025-03-08T17:00:26.522+0300 [DEBUG] [org.gradle.cache.internal.DefaultFileLockManager] Releasing lock on daemon addresses registry.
2025-03-08T17:00:36.517+0300 [DEBUG] [org.gradle.cache.internal.DefaultFileLockManager] Waiting to acquire shared lock on daemon addresses registry.
2025-03-08T17:00:36.517+0300 [DEBUG] [org.gradle.cache.internal.DefaultFileLockManager] Lock acquired on daemon addresses registry.
2025-03-08T17:00:36.518+0300 [DEBUG] [org.gradle.cache.internal.DefaultFileLockManager] Releasing lock on daemon addresses registry.
2025-03-08T17:00:36.519+0300 [DEBUG] [org.gradle.cache.internal.DefaultFileLockManager] Waiting to acquire shared lock on daemon addresses registry.
2025-03-08T17:00:36.519+0300 [DEBUG] [org.gradle.cache.internal.DefaultFileLockManager] Lock acquired on daemon addresses registry.
2025-03-08T17:00:36.520+0300 [DEBUG] [org.gradle.cache.internal.DefaultFileLockManager] Releasing lock on daemon addresses registry.
2025-03-08T17:00:36.520+0300 [DEBUG] [org.gradle.cache.internal.DefaultFileLockManager] Waiting to acquire shared lock on daemon addresses registry.
2025-03-08T17:00:36.520+0300 [DEBUG] [org.gradle.cache.internal.DefaultFileLockManager] Lock acquired on daemon addresses registry.
2025-03-08T17:00:36.521+0300 [DEBUG] [org.gradle.cache.internal.DefaultFileLockManager] Releasing lock on daemon addresses registry.
2025-03-08T17:00:40.680+0300 [DEBUG] [org.gradle.internal.remote.internal.inet.TcpIncomingConnector] Accepted connection from /127.0.0.1:54843 to /127.0.0.1:54837.
2025-03-08T17:00:40.686+0300 [DEBUG] [org.gradle.launcher.daemon.server.SynchronizedDispatchConnection] thread 180: received class org.gradle.launcher.daemon.protocol.StopWhenIdle
2025-03-08T17:00:40.687+0300 [DEBUG] [org.gradle.launcher.daemon.server.DefaultDaemonConnection] thread 180: Received non-IO message from client: StopWhenIdle[id=81346c44-dc82-4524-80ab-686fdced139c]
2025-03-08T17:00:40.688+0300 [INFO] [org.gradle.launcher.daemon.server.DefaultIncomingConnectionHandler] Received command: StopWhenIdle[id=81346c44-dc82-4524-80ab-686fdced139c].
2025-03-08T17:00:40.688+0300 [DEBUG] [org.gradle.launcher.daemon.server.DefaultIncomingConnectionHandler] Starting executing command: StopWhenIdle[id=81346c44-dc82-4524-80ab-686fdced139c] with connection: socket connection from /127.0.0.1:54837 to /127.0.0.1:54843.
2025-03-08T17:00:40.688+0300 [DEBUG] [org.gradle.launcher.daemon.server.DaemonRegistryUpdater] Storing daemon stop event: stop command received
2025-03-08T17:00:40.689+0300 [DEBUG] [org.gradle.launcher.daemon.registry.PersistentDaemonRegistry] Storing daemon stop event with timestamp 1741442440689
2025-03-08T17:00:40.689+0300 [DEBUG] [org.gradle.cache.internal.DefaultFileLockManager] Waiting to acquire exclusive lock on daemon addresses registry.
2025-03-08T17:00:40.695+0300 [DEBUG] [org.gradle.cache.internal.DefaultFileLockManager] Lock acquired on daemon addresses registry.
2025-03-08T17:00:40.695+0300 [DEBUG] [org.gradle.cache.internal.DefaultFileLockManager] Releasing lock on daemon addresses registry.
2025-03-08T17:00:40.696+0300 [LIFECYCLE] [org.gradle.launcher.daemon.server.DaemonStateCoordinator] Daemon will be stopped at the end of the build stop command received
2025-03-08T17:00:40.696+0300 [DEBUG] [org.gradle.launcher.daemon.server.DaemonStateCoordinator] Marking daemon stopped due to stop command received. The daemon is not running a build
2025-03-08T17:00:40.696+0300 [DEBUG] [org.gradle.launcher.daemon.server.SynchronizedDispatchConnection] thread 34: dispatching Success[value=null]
2025-03-08T17:00:40.696+0300 [DEBUG] [org.gradle.launcher.daemon.server.DefaultIncomingConnectionHandler] Finishing executing command: StopWhenIdle[id=81346c44-dc82-4524-80ab-686fdced139c]
2025-03-08T17:00:40.696+0300 [DEBUG] [org.gradle.launcher.daemon.server.DaemonStateCoordinator] daemon has stopped.
2025-03-08T17:00:40.696+0300 [DEBUG] [org.gradle.launcher.daemon.server.Daemon] stop() called on daemon
2025-03-08T17:00:40.697+0300 [INFO] [org.gradle.launcher.daemon.server.Daemon] Stop requested. Daemon is removing its presence from the registry...
2025-03-08T17:00:40.697+0300 [DEBUG] [org.gradle.launcher.daemon.server.DaemonRegistryUpdater] Removing our presence to clients, eg. removing this address from the registry: [e81eded8-4ede-474b-9b5f-e38cbb9d40fe port:54837, addresses:[localhost/127.0.0.1]]
2025-03-08T17:00:40.697+0300 [DEBUG] [org.gradle.launcher.daemon.registry.PersistentDaemonRegistry] Removing daemon address: [e81eded8-4ede-474b-9b5f-e38cbb9d40fe port:54837, addresses:[localhost/127.0.0.1]]
2025-03-08T17:00:40.697+0300 [DEBUG] [org.gradle.launcher.daemon.server.SynchronizedDispatchConnection] thread 180: received class org.gradle.launcher.daemon.protocol.Finished
2025-03-08T17:00:40.697+0300 [DEBUG] [org.gradle.launcher.daemon.server.DefaultDaemonConnection] thread 180: Received non-IO message from client: org.gradle.launcher.daemon.protocol.Finished@77bbcb93
2025-03-08T17:00:40.697+0300 [DEBUG] [org.gradle.internal.remote.internal.inet.SocketConnection] Discarding EOFException: java.io.EOFException
2025-03-08T17:00:40.697+0300 [DEBUG] [org.gradle.launcher.daemon.server.SynchronizedDispatchConnection] thread 180: received null
2025-03-08T17:00:40.697+0300 [DEBUG] [org.gradle.launcher.daemon.server.DefaultDaemonConnection] thread 180: Received end-of-input from client.
2025-03-08T17:00:40.698+0300 [WARN] [org.gradle.launcher.daemon.server.DefaultIncomingConnectionHandler] Timed out waiting for finished message from client socket connection from /127.0.0.1:54837 to /127.0.0.1:54843. Discarding connection.
2025-03-08T17:00:40.702+0300 [DEBUG] [org.gradle.launcher.daemon.server.SynchronizedDispatchConnection] thread 34: stopping connection
2025-03-08T17:00:40.698+0300 [DEBUG] [org.gradle.cache.internal.DefaultFileLockManager] Waiting to acquire exclusive lock on daemon addresses registry.
2025-03-08T17:00:40.703+0300 [DEBUG] [org.gradle.cache.internal.DefaultFileLockManager] Lock acquired on daemon addresses registry.
2025-03-08T17:00:40.703+0300 [DEBUG] [org.gradle.launcher.daemon.server.SynchronizedDispatchConnection] thread 34: stopping connection
2025-03-08T17:00:40.703+0300 [DEBUG] [org.gradle.cache.internal.DefaultFileLockManager] Releasing lock on daemon addresses registry.
2025-03-08T17:00:40.704+0300 [DEBUG] [org.gradle.launcher.daemon.server.DaemonRegistryUpdater] Address removed from registry.
2025-03-08T17:00:40.714+0300 [DEBUG] [org.gradle.cache.internal.LockOnDemandCrossProcessCacheAccess] Releasing file lock for jars (/Users/oguzkaran/Documents/GitHub/Android-Aug-2024/src/Projects/Android/004-DemoBasicViewsDataAndViewBinding/caches/jars-9)
2025-03-08T17:00:40.717+0300 [DEBUG] [org.gradle.cache.internal.DefaultFileLockManager] Releasing lock on jars (/Users/oguzkaran/Documents/GitHub/Android-Aug-2024/src/Projects/Android/004-DemoBasicViewsDataAndViewBinding/caches/jars-9).
2025-03-08T17:00:40.717+0300 [DEBUG] [org.gradle.cache.internal.DefaultCacheCleanupExecutor] jars (/Users/oguzkaran/Documents/GitHub/Android-Aug-2024/src/Projects/Android/004-DemoBasicViewsDataAndViewBinding/caches/jars-9) has last been fully cleaned up 16 hours ago
2025-03-08T17:00:40.717+0300 [DEBUG] [org.gradle.cache.internal.DefaultCacheCleanupExecutor] Skipping cleanup for jars (/Users/oguzkaran/Documents/GitHub/Android-Aug-2024/src/Projects/Android/004-DemoBasicViewsDataAndViewBinding/caches/jars-9) as it is not yet due
2025-03-08T17:00:40.718+0300 [DEBUG] [org.gradle.cache.internal.LockOnDemandCrossProcessCacheAccess] Releasing file lock for file content cache (/Users/oguzkaran/Documents/GitHub/Android-Aug-2024/src/Projects/Android/004-DemoBasicViewsDataAndViewBinding/caches/8.11.1/fileContent)
2025-03-08T17:00:40.718+0300 [DEBUG] [org.gradle.cache.internal.DefaultFileLockManager] Releasing lock on file content cache (/Users/oguzkaran/Documents/GitHub/Android-Aug-2024/src/Projects/Android/004-DemoBasicViewsDataAndViewBinding/caches/8.11.1/fileContent).
2025-03-08T17:00:40.718+0300 [DEBUG] [org.gradle.internal.watch.vfs.impl.WatchingVirtualFileSystem] Closing VFS, dropping state
2025-03-08T17:00:40.719+0300 [DEBUG] [org.gradle.internal.watch.registry.impl.DefaultFileWatcherRegistry] Finished listening to file system change events
2025-03-08T17:00:40.719+0300 [DEBUG] [org.gradle.cache.internal.LockOnDemandCrossProcessCacheAccess] Releasing file lock for Generated Gradle JARs cache (/Users/oguzkaran/Documents/GitHub/Android-Aug-2024/src/Projects/Android/004-DemoBasicViewsDataAndViewBinding/caches/8.11.1/generated-gradle-jars)
2025-03-08T17:00:40.720+0300 [DEBUG] [org.gradle.cache.internal.DefaultFileLockManager] Releasing lock on Generated Gradle JARs cache (/Users/oguzkaran/Documents/GitHub/Android-Aug-2024/src/Projects/Android/004-DemoBasicViewsDataAndViewBinding/caches/8.11.1/generated-gradle-jars).
2025-03-08T17:00:40.720+0300 [DEBUG] [org.gradle.cache.internal.LockOnDemandCrossProcessCacheAccess] Releasing file lock for artifact cache (/Users/oguzkaran/Documents/GitHub/Android-Aug-2024/src/Projects/Android/004-DemoBasicViewsDataAndViewBinding/caches/modules-2)
2025-03-08T17:00:40.720+0300 [DEBUG] [org.gradle.cache.internal.btree.BTreePersistentIndexedCache] Closing cache module-artifact.bin (/Users/oguzkaran/Documents/GitHub/Android-Aug-2024/src/Projects/Android/004-DemoBasicViewsDataAndViewBinding/caches/modules-2/metadata-2.107/module-artifact.bin)
2025-03-08T17:00:40.720+0300 [DEBUG] [org.gradle.cache.internal.btree.BTreePersistentIndexedCache] Closing cache module-metadata.bin (/Users/oguzkaran/Documents/GitHub/Android-Aug-2024/src/Projects/Android/004-DemoBasicViewsDataAndViewBinding/caches/modules-2/metadata-2.107/module-metadata.bin)
2025-03-08T17:00:40.720+0300 [DEBUG] [org.gradle.cache.internal.btree.BTreePersistentIndexedCache] Closing cache module-artifacts.bin (/Users/oguzkaran/Documents/GitHub/Android-Aug-2024/src/Projects/Android/004-DemoBasicViewsDataAndViewBinding/caches/modules-2/metadata-2.107/module-artifacts.bin)
2025-03-08T17:00:40.720+0300 [DEBUG] [org.gradle.cache.internal.DefaultFileLockManager] Releasing lock on artifact cache (/Users/oguzkaran/Documents/GitHub/Android-Aug-2024/src/Projects/Android/004-DemoBasicViewsDataAndViewBinding/caches/modules-2).
2025-03-08T17:00:40.720+0300 [DEBUG] [org.gradle.cache.internal.DefaultCacheCleanupExecutor] artifact cache (/Users/oguzkaran/Documents/GitHub/Android-Aug-2024/src/Projects/Android/004-DemoBasicViewsDataAndViewBinding/caches/modules-2) has last been fully cleaned up 16 hours ago
2025-03-08T17:00:40.720+0300 [DEBUG] [org.gradle.cache.internal.DefaultCacheCleanupExecutor] Skipping cleanup for artifact cache (/Users/oguzkaran/Documents/GitHub/Android-Aug-2024/src/Projects/Android/004-DemoBasicViewsDataAndViewBinding/caches/modules-2) as it is not yet due
2025-03-08T17:00:40.720+0300 [DEBUG] [org.gradle.cache.internal.DefaultCacheCleanupExecutor] groovy-dsl (/Users/oguzkaran/Documents/GitHub/Android-Aug-2024/src/Projects/Android/004-DemoBasicViewsDataAndViewBinding/caches/8.11.1/groovy-dsl) has last been fully cleaned up 16 hours ago
2025-03-08T17:00:40.720+0300 [DEBUG] [org.gradle.cache.internal.DefaultCacheCleanupExecutor] Skipping cleanup for groovy-dsl (/Users/oguzkaran/Documents/GitHub/Android-Aug-2024/src/Projects/Android/004-DemoBasicViewsDataAndViewBinding/caches/8.11.1/groovy-dsl) as it is not yet due
2025-03-08T17:00:40.720+0300 [DEBUG] [org.gradle.cache.internal.DefaultCacheCoordinator] Cache groovy-dsl (/Users/oguzkaran/Documents/GitHub/Android-Aug-2024/src/Projects/Android/004-DemoBasicViewsDataAndViewBinding/caches/8.11.1/groovy-dsl) was closed 0 times.
2025-03-08T17:00:40.720+0300 [DEBUG] [org.gradle.cache.internal.DefaultCacheCleanupExecutor] Artifact transforms cache (/Users/oguzkaran/Documents/GitHub/Android-Aug-2024/src/Projects/Android/004-DemoBasicViewsDataAndViewBinding/caches/8.11.1/transforms) has last been fully cleaned up 16 hours ago
2025-03-08T17:00:40.720+0300 [DEBUG] [org.gradle.cache.internal.DefaultCacheCleanupExecutor] Skipping cleanup for Artifact transforms cache (/Users/oguzkaran/Documents/GitHub/Android-Aug-2024/src/Projects/Android/004-DemoBasicViewsDataAndViewBinding/caches/8.11.1/transforms) as it is not yet due
2025-03-08T17:00:40.720+0300 [DEBUG] [org.gradle.cache.internal.DefaultCacheCoordinator] Cache Artifact transforms cache (/Users/oguzkaran/Documents/GitHub/Android-Aug-2024/src/Projects/Android/004-DemoBasicViewsDataAndViewBinding/caches/8.11.1/transforms) was closed 0 times.
2025-03-08T17:00:40.720+0300 [DEBUG] [org.gradle.cache.internal.DefaultCacheCleanupExecutor] kotlin-dsl (/Users/oguzkaran/Documents/GitHub/Android-Aug-2024/src/Projects/Android/004-DemoBasicViewsDataAndViewBinding/caches/8.11.1/kotlin-dsl) has last been fully cleaned up 16 hours ago
2025-03-08T17:00:40.720+0300 [DEBUG] [org.gradle.cache.internal.DefaultCacheCleanupExecutor] Skipping cleanup for kotlin-dsl (/Users/oguzkaran/Documents/GitHub/Android-Aug-2024/src/Projects/Android/004-DemoBasicViewsDataAndViewBinding/caches/8.11.1/kotlin-dsl) as it is not yet due
2025-03-08T17:00:40.720+0300 [DEBUG] [org.gradle.cache.internal.DefaultCacheCoordinator] Cache kotlin-dsl (/Users/oguzkaran/Documents/GitHub/Android-Aug-2024/src/Projects/Android/004-DemoBasicViewsDataAndViewBinding/caches/8.11.1/kotlin-dsl) was closed 0 times.
2025-03-08T17:00:40.720+0300 [DEBUG] [org.gradle.cache.internal.LockOnDemandCrossProcessCacheAccess] Releasing file lock for journal cache (/Users/oguzkaran/Documents/GitHub/Android-Aug-2024/src/Projects/Android/004-DemoBasicViewsDataAndViewBinding/caches/journal-1)
2025-03-08T17:00:40.721+0300 [DEBUG] [org.gradle.cache.internal.btree.BTreePersistentIndexedCache] Closing cache file-access.bin (/Users/oguzkaran/Documents/GitHub/Android-Aug-2024/src/Projects/Android/004-DemoBasicViewsDataAndViewBinding/caches/journal-1/file-access.bin)
2025-03-08T17:00:40.721+0300 [DEBUG] [org.gradle.cache.internal.DefaultFileLockManager] Releasing lock on journal cache (/Users/oguzkaran/Documents/GitHub/Android-Aug-2024/src/Projects/Android/004-DemoBasicViewsDataAndViewBinding/caches/journal-1).
2025-03-08T17:00:40.721+0300 [DEBUG] [org.gradle.cache.internal.LockOnDemandCrossProcessCacheAccess] Releasing file lock for file hash cache (/Users/oguzkaran/Documents/GitHub/Android-Aug-2024/src/Projects/Android/004-DemoBasicViewsDataAndViewBinding/caches/8.11.1/fileHashes)
2025-03-08T17:00:40.721+0300 [DEBUG] [org.gradle.cache.internal.btree.BTreePersistentIndexedCache] Closing cache fileHashes.bin (/Users/oguzkaran/Documents/GitHub/Android-Aug-2024/src/Projects/Android/004-DemoBasicViewsDataAndViewBinding/caches/8.11.1/fileHashes/fileHashes.bin)
2025-03-08T17:00:40.721+0300 [DEBUG] [org.gradle.cache.internal.btree.BTreePersistentIndexedCache] Closing cache resourceHashesCache.bin (/Users/oguzkaran/Documents/GitHub/Android-Aug-2024/src/Projects/Android/004-DemoBasicViewsDataAndViewBinding/caches/8.11.1/fileHashes/resourceHashesCache.bin)
2025-03-08T17:00:40.721+0300 [DEBUG] [org.gradle.cache.internal.DefaultFileLockManager] Releasing lock on file hash cache (/Users/oguzkaran/Documents/GitHub/Android-Aug-2024/src/Projects/Android/004-DemoBasicViewsDataAndViewBinding/caches/8.11.1/fileHashes).
2025-03-08T17:00:40.722+0300 [DEBUG] [org.gradle.internal.operations.DefaultBuildOperationRunner] Build operation 'Deleting unused version-specific caches in /Users/oguzkaran/Documents/GitHub/Android-Aug-2024/src/Projects/Android/004-DemoBasicViewsDataAndViewBinding/caches' started
2025-03-08T17:00:40.722+0300 [DEBUG] [org.gradle.internal.operations.DefaultBuildOperationRunner] Completing Build operation 'Deleting unused version-specific caches in /Users/oguzkaran/Documents/GitHub/Android-Aug-2024/src/Projects/Android/004-DemoBasicViewsDataAndViewBinding/caches'
2025-03-08T17:00:40.722+0300 [DEBUG] [org.gradle.internal.operations.DefaultBuildOperationRunner] Build operation 'Deleting unused version-specific caches in /Users/oguzkaran/Documents/GitHub/Android-Aug-2024/src/Projects/Android/004-DemoBasicViewsDataAndViewBinding/caches' completed
2025-03-08T17:00:40.723+0300 [DEBUG] [org.gradle.launcher.daemon.server.Daemon] stop() called on daemon
2025-03-08T17:00:40.724+0300 [INFO] [org.gradle.launcher.daemon.server.Daemon] Stop requested. Daemon is removing its presence from the registry...
2025-03-08T17:00:40.724+0300 [DEBUG] [org.gradle.launcher.daemon.server.DaemonRegistryUpdater] Removing our presence to clients, eg. removing this address from the registry: [e81eded8-4ede-474b-9b5f-e38cbb9d40fe port:54837, addresses:[localhost/127.0.0.1]]
2025-03-08T17:00:40.724+0300 [DEBUG] [org.gradle.launcher.daemon.registry.PersistentDaemonRegistry] Removing daemon address: [e81eded8-4ede-474b-9b5f-e38cbb9d40fe port:54837, addresses:[localhost/127.0.0.1]]
2025-03-08T17:00:40.725+0300 [DEBUG] [org.gradle.cache.internal.DefaultFileLockManager] Waiting to acquire exclusive lock on daemon addresses registry.
2025-03-08T17:00:40.725+0300 [DEBUG] [org.gradle.cache.internal.DefaultFileLockManager] Lock acquired on daemon addresses registry.
2025-03-08T17:00:40.725+0300 [DEBUG] [org.gradle.cache.internal.DefaultFileLockManager] Releasing lock on daemon addresses registry.
2025-03-08T17:00:40.725+0300 [DEBUG] [org.gradle.launcher.daemon.server.DaemonRegistryUpdater] Address removed from registry.
2025-03-08T17:00:40.726+0300 [DEBUG] [org.gradle.cache.internal.locklistener.DefaultFileLockContentionHandler] File lock listener thread completed.
2025-03-08T17:00:40.727+0300 [DEBUG] [java.lang.Runtime] Runtime.exit() called with status: 0
java.lang.Throwable: Runtime.exit(0)
	at java.base/java.lang.Shutdown.logRuntimeExit(Unknown Source)
	at java.base/java.lang.Shutdown.exit(Unknown Source)
	at java.base/java.lang.Runtime.exit(Unknown Source)
	at java.base/java.lang.System.exit(Unknown Source)
	at org.gradle.launcher.bootstrap.ProcessCompleter.complete(ProcessCompleter.java:21)
	at org.gradle.launcher.bootstrap.EntryPoint.run(EntryPoint.java:61)
	at java.base/jdk.internal.reflect.DirectMethodHandleAccessor.invoke(Unknown Source)
	at java.base/java.lang.reflect.Method.invoke(Unknown Source)
	at org.gradle.launcher.bootstrap.ProcessBootstrap.runNoExit(ProcessBootstrap.java:72)
	at org.gradle.launcher.bootstrap.ProcessBootstrap.run(ProcessBootstrap.java:39)
	at org.gradle.launcher.daemon.bootstrap.GradleDaemon.main(GradleDaemon.java:22)
2025-03-08T17:00:40.728+0300 [DEBUG] [org.gradle.launcher.daemon.registry.PersistentDaemonRegistry] Daemon vm is shutting down... The daemon has exited normally or was terminated in response to a user interrupt.
Removing daemon address: [e81eded8-4ede-474b-9b5f-e38cbb9d40fe port:54837, addresses:[localhost/127.0.0.1]]
2025-03-08T17:00:40.728+0300 [DEBUG] [org.gradle.launcher.daemon.server.Daemon] VM shutdown hook was unable to remove the daemon address from the registry. It will be cleaned up later.
java.lang.IllegalStateException: Cannot start managing file contention because this handler has been closed.
	at org.gradle.cache.internal.locklistener.DefaultFileLockContentionHandler.assertNotStopped(DefaultFileLockContentionHandler.java:217)
	at org.gradle.cache.internal.locklistener.DefaultFileLockContentionHandler.getCommunicator(DefaultFileLockContentionHandler.java:260)
	at org.gradle.cache.internal.locklistener.DefaultFileLockContentionHandler.reservePort(DefaultFileLockContentionHandler.java:254)
	at org.gradle.cache.internal.DefaultFileLockManager.lock(DefaultFileLockManager.java:124)
	at org.gradle.cache.internal.DefaultFileLockManager.lock(DefaultFileLockManager.java:106)
	at org.gradle.cache.internal.DefaultFileLockManager.lock(DefaultFileLockManager.java:101)
	at org.gradle.cache.internal.OnDemandFileAccess.updateFile(OnDemandFileAccess.java:51)
	at org.gradle.cache.internal.FileBackedObjectHolder.update(FileBackedObjectHolder.java:77)
	at org.gradle.cache.internal.FileIntegrityViolationSuppressingObjectHolderDecorator.lambda$update$0(FileIntegrityViolationSuppressingObjectHolderDecorator.java:48)
	at org.gradle.cache.internal.FileIntegrityViolationSuppressingObjectHolderDecorator.doUpdate(FileIntegrityViolationSuppressingObjectHolderDecorator.java:58)
	at org.gradle.cache.internal.FileIntegrityViolationSuppressingObjectHolderDecorator.update(FileIntegrityViolationSuppressingObjectHolderDecorator.java:48)
	at org.gradle.launcher.daemon.registry.PersistentDaemonRegistry.remove(PersistentDaemonRegistry.java:133)
	at org.gradle.launcher.daemon.server.Daemon$1.run(Daemon.java:133)
	at java.base/java.lang.Thread.run(Unknown Source)
