2025-05-04T09:11:58.400+0300 [DEBUG] [org.gradle.launcher.daemon.bootstrap.DaemonMain] Assuming the daemon was started with following jvm opts: [-Xmx2048m, -Dfile.encoding=UTF-8, -Duser.country=TR, -Duser.language=en, -Duser.variant]
2025-05-04T09:11:58.471+0300 [INFO] [org.gradle.launcher.daemon.server.Daemon] start() called on daemon - DefaultDaemonContext[uid=10d58d59-72df-436a-8046-93bfd8b46b5f,javaHome=/Applications/Android Studio.app/Contents/jbr/Contents/Home,javaVersion=21,javaVendor=JetBrains s.r.o.,daemonRegistryDir=/Users/oguzkaran/Documents/GitHub/Android-Aug-2024/src/Projects/Android/004-DemoBasicViewsDataAndViewBinding/daemon,pid=53493,idleTimeout=10800000,priority=NORMAL,applyInstrumentationAgent=true,nativeServicesMode=ENABLED,daemonOpts=-Xmx2048m,-Dfile.encoding=UTF-8,-Duser.country=TR,-Duser.language=en,-Duser.variant]
2025-05-04T09:11:58.497+0300 [DEBUG] [org.gradle.internal.remote.internal.inet.InetAddresses] Adding IP addresses for network interface utun5
2025-05-04T09:11:58.497+0300 [DEBUG] [org.gradle.internal.remote.internal.inet.InetAddresses] Is this a loopback interface? false
2025-05-04T09:11:58.497+0300 [DEBUG] [org.gradle.internal.remote.internal.inet.InetAddresses] Adding remote address /fe80:0:0:0:a460:1113:4d30:92c4%utun5
2025-05-04T09:11:58.497+0300 [DEBUG] [org.gradle.internal.remote.internal.inet.InetAddresses] Adding IP addresses for network interface utun4
2025-05-04T09:11:58.498+0300 [DEBUG] [org.gradle.internal.remote.internal.inet.InetAddresses] Is this a loopback interface? false
2025-05-04T09:11:58.498+0300 [DEBUG] [org.gradle.internal.remote.internal.inet.InetAddresses] Adding remote address /fe80:0:0:0:5e60:ca8:4ee7:fa47%utun4
2025-05-04T09:11:58.498+0300 [DEBUG] [org.gradle.internal.remote.internal.inet.InetAddresses] Adding IP addresses for network interface utun3
2025-05-04T09:11:58.498+0300 [DEBUG] [org.gradle.internal.remote.internal.inet.InetAddresses] Is this a loopback interface? false
2025-05-04T09:11:58.498+0300 [DEBUG] [org.gradle.internal.remote.internal.inet.InetAddresses] Adding remote address /fe80:0:0:0:ce81:b1c:bd2c:69e%utun3
2025-05-04T09:11:58.498+0300 [DEBUG] [org.gradle.internal.remote.internal.inet.InetAddresses] Adding IP addresses for network interface utun2
2025-05-04T09:11:58.498+0300 [DEBUG] [org.gradle.internal.remote.internal.inet.InetAddresses] Is this a loopback interface? false
2025-05-04T09:11:58.498+0300 [DEBUG] [org.gradle.internal.remote.internal.inet.InetAddresses] Adding remote address /fe80:0:0:0:2807:c6e6:9efe:9744%utun2
2025-05-04T09:11:58.498+0300 [DEBUG] [org.gradle.internal.remote.internal.inet.InetAddresses] Adding IP addresses for network interface utun1
2025-05-04T09:11:58.498+0300 [DEBUG] [org.gradle.internal.remote.internal.inet.InetAddresses] Is this a loopback interface? false
2025-05-04T09:11:58.498+0300 [DEBUG] [org.gradle.internal.remote.internal.inet.InetAddresses] Adding remote address /fe80:0:0:0:cf63:f8c8:f439:9818%utun1
2025-05-04T09:11:58.499+0300 [DEBUG] [org.gradle.internal.remote.internal.inet.InetAddresses] Adding IP addresses for network interface llw0
2025-05-04T09:11:58.499+0300 [DEBUG] [org.gradle.internal.remote.internal.inet.InetAddresses] Is this a loopback interface? false
2025-05-04T09:11:58.499+0300 [DEBUG] [org.gradle.internal.remote.internal.inet.InetAddresses] Adding remote address /fe80:0:0:0:c2e:92ff:fe3a:e61%llw0
2025-05-04T09:11:58.499+0300 [DEBUG] [org.gradle.internal.remote.internal.inet.InetAddresses] Adding IP addresses for network interface awdl0
2025-05-04T09:11:58.499+0300 [DEBUG] [org.gradle.internal.remote.internal.inet.InetAddresses] Is this a loopback interface? false
2025-05-04T09:11:58.499+0300 [DEBUG] [org.gradle.internal.remote.internal.inet.InetAddresses] Adding remote address /fe80:0:0:0:c2e:92ff:fe3a:e61%awdl0
2025-05-04T09:11:58.499+0300 [DEBUG] [org.gradle.internal.remote.internal.inet.InetAddresses] Adding IP addresses for network interface utun0
2025-05-04T09:11:58.499+0300 [DEBUG] [org.gradle.internal.remote.internal.inet.InetAddresses] Is this a loopback interface? false
2025-05-04T09:11:58.499+0300 [DEBUG] [org.gradle.internal.remote.internal.inet.InetAddresses] Adding remote address /fe80:0:0:0:fa94:766d:36ae:59c3%utun0
2025-05-04T09:11:58.499+0300 [DEBUG] [org.gradle.internal.remote.internal.inet.InetAddresses] Adding IP addresses for network interface en0
2025-05-04T09:11:58.499+0300 [DEBUG] [org.gradle.internal.remote.internal.inet.InetAddresses] Is this a loopback interface? false
2025-05-04T09:11:58.499+0300 [DEBUG] [org.gradle.internal.remote.internal.inet.InetAddresses] Adding remote address /fe80:0:0:0:c51:e48d:db79:a4a6%en0
2025-05-04T09:11:58.499+0300 [DEBUG] [org.gradle.internal.remote.internal.inet.InetAddresses] Adding remote address /192.168.1.106
2025-05-04T09:11:58.500+0300 [DEBUG] [org.gradle.internal.remote.internal.inet.InetAddresses] Adding IP addresses for network interface lo0
2025-05-04T09:11:58.500+0300 [DEBUG] [org.gradle.internal.remote.internal.inet.InetAddresses] Is this a loopback interface? true
2025-05-04T09:11:58.500+0300 [DEBUG] [org.gradle.internal.remote.internal.inet.InetAddresses] Ignoring remote address on loopback interface /fe80:0:0:0:0:0:0:1%lo0
2025-05-04T09:11:58.500+0300 [DEBUG] [org.gradle.internal.remote.internal.inet.InetAddresses] Adding loopback address /0:0:0:0:0:0:0:1%lo0
2025-05-04T09:11:58.500+0300 [DEBUG] [org.gradle.internal.remote.internal.inet.InetAddresses] Adding loopback address /127.0.0.1
2025-05-04T09:11:58.502+0300 [DEBUG] [org.gradle.internal.remote.internal.inet.TcpIncomingConnector] Listening on [0d8ada74-40e7-48e1-b59d-d05667c0dcff port:63871, addresses:[localhost/127.0.0.1]].
2025-05-04T09:11:58.511+0300 [DEBUG] [org.gradle.launcher.daemon.server.Daemon] Daemon starting at: Sun May 04 09:11:58 TRT 2025, with address: [0d8ada74-40e7-48e1-b59d-d05667c0dcff port:63871, addresses:[localhost/127.0.0.1]]
2025-05-04T09:11:58.512+0300 [INFO] [org.gradle.launcher.daemon.server.DaemonRegistryUpdater] Advertising the daemon address to the clients: [0d8ada74-40e7-48e1-b59d-d05667c0dcff port:63871, addresses:[localhost/127.0.0.1]]
2025-05-04T09:11:58.512+0300 [DEBUG] [org.gradle.launcher.daemon.server.DaemonRegistryUpdater] Advertised daemon context: DefaultDaemonContext[uid=10d58d59-72df-436a-8046-93bfd8b46b5f,javaHome=/Applications/Android Studio.app/Contents/jbr/Contents/Home,javaVersion=21,javaVendor=JetBrains s.r.o.,daemonRegistryDir=/Users/oguzkaran/Documents/GitHub/Android-Aug-2024/src/Projects/Android/004-DemoBasicViewsDataAndViewBinding/daemon,pid=53493,idleTimeout=10800000,priority=NORMAL,applyInstrumentationAgent=true,nativeServicesMode=ENABLED,daemonOpts=-Xmx2048m,-Dfile.encoding=UTF-8,-Duser.country=TR,-Duser.language=en,-Duser.variant]
2025-05-04T09:11:58.512+0300 [DEBUG] [org.gradle.launcher.daemon.registry.PersistentDaemonRegistry] Storing daemon address: [0d8ada74-40e7-48e1-b59d-d05667c0dcff port:63871, addresses:[localhost/127.0.0.1]], context: DefaultDaemonContext[uid=10d58d59-72df-436a-8046-93bfd8b46b5f,javaHome=/Applications/Android Studio.app/Contents/jbr/Contents/Home,javaVersion=21,javaVendor=JetBrains s.r.o.,daemonRegistryDir=/Users/oguzkaran/Documents/GitHub/Android-Aug-2024/src/Projects/Android/004-DemoBasicViewsDataAndViewBinding/daemon,pid=53493,idleTimeout=10800000,priority=NORMAL,applyInstrumentationAgent=true,nativeServicesMode=ENABLED,daemonOpts=-Xmx2048m,-Dfile.encoding=UTF-8,-Duser.country=TR,-Duser.language=en,-Duser.variant]
2025-05-04T09:11:58.522+0300 [DEBUG] [org.gradle.cache.internal.DefaultFileLockManager] Waiting to acquire exclusive lock on daemon addresses registry.
2025-05-04T09:11:58.524+0300 [DEBUG] [org.gradle.cache.internal.DefaultFileLockManager] Lock acquired on daemon addresses registry.
2025-05-04T09:11:58.525+0300 [DEBUG] [org.gradle.cache.internal.DefaultFileLockManager] Releasing lock on daemon addresses registry.
2025-05-04T09:11:58.525+0300 [LIFECYCLE] [org.gradle.launcher.daemon.server.Daemon] Daemon server started.
2025-05-04T09:11:58.526+0300 [DEBUG] [org.gradle.launcher.daemon.bootstrap.DaemonStartupCommunication] Completed writing the daemon greeting. Closing streams...
2025-05-04T09:11:58.528+0300 [DEBUG] [org.gradle.launcher.daemon.server.Daemon] stopOnExpiration() called on daemon
2025-05-04T09:11:58.529+0300 [DEBUG] [org.gradle.launcher.daemon.server.Daemon] awaitExpiration() called on daemon
2025-05-04T09:11:58.529+0300 [DEBUG] [org.gradle.launcher.daemon.server.DaemonStateCoordinator] daemon is running. Sleeping until state changes.
2025-05-04T09:11:58.530+0300 [DEBUG] [org.gradle.internal.remote.internal.inet.TcpIncomingConnector] Accepted connection from /127.0.0.1:63872 to /127.0.0.1:63871.
2025-05-04T09:11:58.544+0300 [DEBUG] [org.gradle.launcher.daemon.server.SynchronizedDispatchConnection] thread 35: received class org.gradle.launcher.daemon.protocol.Build
2025-05-04T09:11:58.544+0300 [DEBUG] [org.gradle.launcher.daemon.server.DefaultDaemonConnection] thread 35: Received non-IO message from client: Build{id=45432a9c-c1f7-4139-94cf-3a40b186769c, currentDir=/Users/oguzkaran/Documents/Work/009-DemoRandomUserApp}
2025-05-04T09:11:58.544+0300 [INFO] [org.gradle.launcher.daemon.server.DefaultIncomingConnectionHandler] Received command: Build{id=45432a9c-c1f7-4139-94cf-3a40b186769c, currentDir=/Users/oguzkaran/Documents/Work/009-DemoRandomUserApp}.
2025-05-04T09:11:58.544+0300 [DEBUG] [org.gradle.launcher.daemon.server.DefaultIncomingConnectionHandler] Starting executing command: Build{id=45432a9c-c1f7-4139-94cf-3a40b186769c, currentDir=/Users/oguzkaran/Documents/Work/009-DemoRandomUserApp} with connection: socket connection from /127.0.0.1:63871 to /127.0.0.1:63872.
2025-05-04T09:11:58.545+0300 [DEBUG] [org.gradle.launcher.daemon.server.DaemonStateCoordinator] Command execution: started DaemonCommandExecution[command = Build{id=45432a9c-c1f7-4139-94cf-3a40b186769c, currentDir=/Users/oguzkaran/Documents/Work/009-DemoRandomUserApp}, connection = DefaultDaemonConnection: socket connection from /127.0.0.1:63871 to /127.0.0.1:63872] after 9.833333333333332E-4 minutes of idle
2025-05-04T09:11:58.545+0300 [INFO] [org.gradle.launcher.daemon.server.DaemonRegistryUpdater] Marking the daemon as busy, address: [0d8ada74-40e7-48e1-b59d-d05667c0dcff port:63871, addresses:[localhost/127.0.0.1]]
2025-05-04T09:11:58.546+0300 [DEBUG] [org.gradle.launcher.daemon.registry.PersistentDaemonRegistry] Marking busy by address: [0d8ada74-40e7-48e1-b59d-d05667c0dcff port:63871, addresses:[localhost/127.0.0.1]]
2025-05-04T09:11:58.546+0300 [DEBUG] [org.gradle.cache.internal.DefaultFileLockManager] Waiting to acquire exclusive lock on daemon addresses registry.
2025-05-04T09:11:58.546+0300 [DEBUG] [org.gradle.cache.internal.DefaultFileLockManager] Lock acquired on daemon addresses registry.
2025-05-04T09:11:58.547+0300 [DEBUG] [org.gradle.cache.internal.DefaultFileLockManager] Releasing lock on daemon addresses registry.
2025-05-04T09:11:58.547+0300 [DEBUG] [org.gradle.launcher.daemon.server.DaemonStateCoordinator] resetting idle timer
2025-05-04T09:11:58.547+0300 [DEBUG] [org.gradle.launcher.daemon.server.DaemonStateCoordinator] daemon is running. Sleeping until state changes.
2025-05-04T09:11:58.547+0300 [INFO] [org.gradle.launcher.daemon.server.exec.StartBuildOrRespondWithBusy] Daemon is about to start building Build{id=45432a9c-c1f7-4139-94cf-3a40b186769c, currentDir=/Users/oguzkaran/Documents/Work/009-DemoRandomUserApp}. Dispatching build started information...
2025-05-04T09:11:58.548+0300 [DEBUG] [org.gradle.launcher.daemon.server.SynchronizedDispatchConnection] thread 37: dispatching org.gradle.launcher.daemon.protocol.BuildStarted@5589a49b
2025-05-04T09:11:58.549+0300 [DEBUG] [org.gradle.launcher.daemon.server.exec.EstablishBuildEnvironment] Configuring env variables: [PATH, __CFBundleIdentifier, SHELL, HOMEBREW_CELLAR, OLDPWD, USER, HOMEBREW_PREFIX, COMMAND_MODE, TMPDIR, SSH_AUTH_SOCK, XPC_FLAGS, __CF_USER_TEXT_ENCODING, LOGNAME, HOMEBREW_REPOSITORY, LC_CTYPE, XPC_SERVICE_NAME, INFOPATH, HOME]
2025-05-04T09:11:58.551+0300 [DEBUG] [org.gradle.launcher.daemon.server.exec.LogToClient] About to start relaying all logs to the client via the connection.
2025-05-04T09:11:58.551+0300 [INFO] [org.gradle.launcher.daemon.server.exec.LogToClient] The client will now receive all logging from the daemon (pid: 53493). The daemon log file: /Users/oguzkaran/Documents/GitHub/Android-Aug-2024/src/Projects/Android/004-DemoBasicViewsDataAndViewBinding/daemon/8.11.1/daemon-53493.out.log
2025-05-04T09:11:58.552+0300 [INFO] [org.gradle.launcher.daemon.server.exec.LogAndCheckHealth] Starting build in new daemon [memory: 2 GiB]
2025-05-04T09:11:58.553+0300 [DEBUG] [org.gradle.launcher.daemon.server.exec.ExecuteBuild] The daemon has started executing the build.
2025-05-04T09:11:58.553+0300 [DEBUG] [org.gradle.launcher.daemon.server.exec.ExecuteBuild] Executing build with daemon context: DefaultDaemonContext[uid=10d58d59-72df-436a-8046-93bfd8b46b5f,javaHome=/Applications/Android Studio.app/Contents/jbr/Contents/Home,javaVersion=21,javaVendor=JetBrains s.r.o.,daemonRegistryDir=/Users/oguzkaran/Documents/GitHub/Android-Aug-2024/src/Projects/Android/004-DemoBasicViewsDataAndViewBinding/daemon,pid=53493,idleTimeout=10800000,priority=NORMAL,applyInstrumentationAgent=true,nativeServicesMode=ENABLED,daemonOpts=-Xmx2048m,-Dfile.encoding=UTF-8,-Duser.country=TR,-Duser.language=en,-Duser.variant]
e: The daemon has terminated unexpectedly on startup attempt #1 with error code: 0. The daemon process output:
    1. Kotlin compile daemon is ready
w: Kapt currently doesn't support language version 2.0+. Falling back to 1.9.

BUILD SUCCESSFUL in 20s
43 actionable tasks: 18 executed, 25 up-to-date
2025-05-04T09:12:18.098+0300 [DEBUG] [org.gradle.launcher.daemon.server.exec.ExecuteBuild] The daemon has finished executing the build.
2025-05-04T09:12:18.102+0300 [DEBUG] [org.gradle.launcher.daemon.server.DaemonStateCoordinator] daemon is running. Sleeping until state changes.
2025-05-04T09:12:18.102+0300 [DEBUG] [org.gradle.launcher.daemon.server.DaemonStateCoordinator] Command execution: finished waiting for DaemonCommandExecution[command = Build{id=45432a9c-c1f7-4139-94cf-3a40b186769c, currentDir=/Users/oguzkaran/Documents/Work/009-DemoRandomUserApp}, connection = DefaultDaemonConnection: socket connection from /127.0.0.1:63871 to /127.0.0.1:63872]. Result org.gradle.launcher.daemon.server.DaemonStateCoordinator@23094be5 with state Busy
2025-05-04T09:12:18.102+0300 [DEBUG] [org.gradle.launcher.daemon.server.DaemonStateCoordinator] Command execution: completed DaemonCommandExecution[command = Build{id=45432a9c-c1f7-4139-94cf-3a40b186769c, currentDir=/Users/oguzkaran/Documents/Work/009-DemoRandomUserApp}, connection = DefaultDaemonConnection: socket connection from /127.0.0.1:63871 to /127.0.0.1:63872]
2025-05-04T09:12:18.102+0300 [DEBUG] [org.gradle.launcher.daemon.server.DaemonStateCoordinator] resetting idle timer
2025-05-04T09:12:18.102+0300 [INFO] [org.gradle.launcher.daemon.server.DaemonRegistryUpdater] Marking the daemon as idle, address: [0d8ada74-40e7-48e1-b59d-d05667c0dcff port:63871, addresses:[localhost/127.0.0.1]]
2025-05-04T09:12:18.102+0300 [DEBUG] [org.gradle.launcher.daemon.registry.PersistentDaemonRegistry] Marking busy by address: [0d8ada74-40e7-48e1-b59d-d05667c0dcff port:63871, addresses:[localhost/127.0.0.1]]
2025-05-04T09:12:18.102+0300 [DEBUG] [org.gradle.cache.internal.DefaultFileLockManager] Waiting to acquire exclusive lock on daemon addresses registry.
2025-05-04T09:12:18.102+0300 [DEBUG] [org.gradle.cache.internal.DefaultFileLockManager] Lock acquired on daemon addresses registry.
2025-05-04T09:12:18.103+0300 [DEBUG] [org.gradle.cache.internal.DefaultFileLockManager] Releasing lock on daemon addresses registry.
2025-05-04T09:12:18.103+0300 [DEBUG] [org.gradle.launcher.daemon.server.DaemonStateCoordinator] daemon is running. Sleeping until state changes.
2025-05-04T09:12:18.103+0300 [DEBUG] [org.gradle.launcher.daemon.server.exec.ReturnResult] Daemon is dispatching the build result: Success[value=org.gradle.launcher.exec.BuildActionResult@3fd1c084]
2025-05-04T09:12:18.103+0300 [DEBUG] [org.gradle.launcher.daemon.server.SynchronizedDispatchConnection] thread 34: dispatching Success[value=org.gradle.launcher.exec.BuildActionResult@3fd1c084]
2025-05-04T09:12:18.104+0300 [DEBUG] [org.gradle.launcher.daemon.server.exec.CleanUpVirtualFileSystemAfterBuild] Cleaning virtual file system after build finished
2025-05-04T09:12:18.104+0300 [DEBUG] [org.gradle.launcher.daemon.server.DefaultIncomingConnectionHandler] Finishing executing command: Build{id=45432a9c-c1f7-4139-94cf-3a40b186769c, currentDir=/Users/oguzkaran/Documents/Work/009-DemoRandomUserApp}
2025-05-04T09:12:18.104+0300 [DEBUG] [org.gradle.launcher.daemon.server.SynchronizedDispatchConnection] thread 35: received class org.gradle.launcher.daemon.protocol.CloseInput
2025-05-04T09:12:18.104+0300 [DEBUG] [org.gradle.launcher.daemon.server.DefaultDaemonConnection] thread 35: Received IO message from client: org.gradle.launcher.daemon.protocol.CloseInput@728a6907
2025-05-04T09:12:18.104+0300 [DEBUG] [org.gradle.launcher.daemon.server.SynchronizedDispatchConnection] thread 35: received class org.gradle.launcher.daemon.protocol.Finished
2025-05-04T09:12:18.104+0300 [DEBUG] [org.gradle.launcher.daemon.server.DefaultDaemonConnection] thread 35: Received non-IO message from client: org.gradle.launcher.daemon.protocol.Finished@2ecfa429
2025-05-04T09:12:18.104+0300 [DEBUG] [org.gradle.launcher.daemon.server.DefaultIncomingConnectionHandler] Received finished message: org.gradle.launcher.daemon.protocol.Finished@2ecfa429
2025-05-04T09:12:18.105+0300 [DEBUG] [org.gradle.internal.remote.internal.inet.SocketConnection] Discarding EOFException: java.io.EOFException
2025-05-04T09:12:18.105+0300 [DEBUG] [org.gradle.launcher.daemon.server.SynchronizedDispatchConnection] thread 34: stopping connection
2025-05-04T09:12:18.105+0300 [DEBUG] [org.gradle.launcher.daemon.server.SynchronizedDispatchConnection] thread 35: received null
2025-05-04T09:12:18.105+0300 [DEBUG] [org.gradle.launcher.daemon.server.DefaultDaemonConnection] thread 35: Received end-of-input from client.
2025-05-04T09:12:18.107+0300 [DEBUG] [org.gradle.launcher.daemon.server.SynchronizedDispatchConnection] thread 34: stopping connection
2025-05-04T09:12:18.535+0300 [DEBUG] [org.gradle.cache.internal.DefaultFileLockManager] Waiting to acquire shared lock on daemon addresses registry.
2025-05-04T09:12:18.536+0300 [DEBUG] [org.gradle.cache.internal.DefaultFileLockManager] Lock acquired on daemon addresses registry.
2025-05-04T09:12:18.537+0300 [DEBUG] [org.gradle.cache.internal.DefaultFileLockManager] Releasing lock on daemon addresses registry.
2025-05-04T09:12:18.538+0300 [DEBUG] [org.gradle.cache.internal.DefaultFileLockManager] Waiting to acquire shared lock on daemon addresses registry.
2025-05-04T09:12:18.538+0300 [DEBUG] [org.gradle.cache.internal.DefaultFileLockManager] Lock acquired on daemon addresses registry.
2025-05-04T09:12:18.538+0300 [DEBUG] [org.gradle.cache.internal.DefaultFileLockManager] Releasing lock on daemon addresses registry.
2025-05-04T09:12:28.535+0300 [DEBUG] [org.gradle.cache.internal.DefaultFileLockManager] Waiting to acquire shared lock on daemon addresses registry.
2025-05-04T09:12:28.535+0300 [DEBUG] [org.gradle.cache.internal.DefaultFileLockManager] Lock acquired on daemon addresses registry.
2025-05-04T09:12:28.536+0300 [DEBUG] [org.gradle.cache.internal.DefaultFileLockManager] Releasing lock on daemon addresses registry.
2025-05-04T09:12:28.536+0300 [DEBUG] [org.gradle.cache.internal.DefaultFileLockManager] Waiting to acquire shared lock on daemon addresses registry.
2025-05-04T09:12:28.536+0300 [DEBUG] [org.gradle.cache.internal.DefaultFileLockManager] Lock acquired on daemon addresses registry.
2025-05-04T09:12:28.536+0300 [DEBUG] [org.gradle.cache.internal.DefaultFileLockManager] Releasing lock on daemon addresses registry.
2025-05-04T09:12:28.536+0300 [DEBUG] [org.gradle.cache.internal.DefaultFileLockManager] Waiting to acquire shared lock on daemon addresses registry.
2025-05-04T09:12:28.536+0300 [DEBUG] [org.gradle.cache.internal.DefaultFileLockManager] Lock acquired on daemon addresses registry.
2025-05-04T09:12:28.536+0300 [DEBUG] [org.gradle.cache.internal.DefaultFileLockManager] Releasing lock on daemon addresses registry.
2025-05-04T09:12:38.536+0300 [DEBUG] [org.gradle.cache.internal.DefaultFileLockManager] Waiting to acquire shared lock on daemon addresses registry.
2025-05-04T09:12:38.536+0300 [DEBUG] [org.gradle.cache.internal.DefaultFileLockManager] Lock acquired on daemon addresses registry.
2025-05-04T09:12:38.536+0300 [DEBUG] [org.gradle.cache.internal.DefaultFileLockManager] Releasing lock on daemon addresses registry.
2025-05-04T09:12:38.537+0300 [DEBUG] [org.gradle.cache.internal.DefaultFileLockManager] Waiting to acquire shared lock on daemon addresses registry.
2025-05-04T09:12:38.537+0300 [DEBUG] [org.gradle.cache.internal.DefaultFileLockManager] Lock acquired on daemon addresses registry.
2025-05-04T09:12:38.537+0300 [DEBUG] [org.gradle.cache.internal.DefaultFileLockManager] Releasing lock on daemon addresses registry.
2025-05-04T09:12:38.537+0300 [DEBUG] [org.gradle.cache.internal.DefaultFileLockManager] Waiting to acquire shared lock on daemon addresses registry.
2025-05-04T09:12:38.537+0300 [DEBUG] [org.gradle.cache.internal.DefaultFileLockManager] Lock acquired on daemon addresses registry.
2025-05-04T09:12:38.537+0300 [DEBUG] [org.gradle.cache.internal.DefaultFileLockManager] Releasing lock on daemon addresses registry.
2025-05-04T09:12:39.399+0300 [DEBUG] [sun.rmi.transport.tcp] RMI Scheduler(0): close connection, socket: Socket[addr=localhost/127.0.0.1,port=17511,localport=63885]
2025-05-04T09:12:39.399+0300 [DEBUG] [sun.rmi.transport.tcp] RMI Scheduler(0): close connection, socket: Socket[addr=localhost/127.0.0.1,port=17511,localport=63892]
2025-05-04T09:12:39.455+0300 [DEBUG] [sun.rmi.transport.tcp] RMI TCP Connection(3)-127.0.0.1: (port 63887) connection closed
2025-05-04T09:12:39.456+0300 [DEBUG] [sun.rmi.transport.tcp] RMI TCP Connection(3)-127.0.0.1: close connection, socket: Socket[addr=/127.0.0.1,port=63895,localport=63887]
2025-05-04T09:12:39.456+0300 [DEBUG] [sun.rmi.transport.tcp] RMI TCP Connection(3)-127.0.0.1: socket close: Socket[addr=/127.0.0.1,port=63895,localport=63887]
2025-05-04T09:12:43.374+0300 [DEBUG] [sun.rmi.transport.tcp] RMI Scheduler(0): close connection, socket: Socket[addr=localhost/127.0.0.1,port=17511,localport=63898]
2025-05-04T09:12:43.382+0300 [DEBUG] [sun.rmi.transport.tcp] RMI TCP Connection(2)-127.0.0.1: (port 63887) connection closed
2025-05-04T09:12:43.382+0300 [DEBUG] [sun.rmi.transport.tcp] RMI TCP Connection(2)-127.0.0.1: close connection, socket: Socket[addr=/127.0.0.1,port=63894,localport=63887]
2025-05-04T09:12:43.382+0300 [DEBUG] [sun.rmi.transport.tcp] RMI TCP Connection(2)-127.0.0.1: socket close: Socket[addr=/127.0.0.1,port=63894,localport=63887]
2025-05-04T09:12:48.535+0300 [DEBUG] [org.gradle.cache.internal.DefaultFileLockManager] Waiting to acquire shared lock on daemon addresses registry.
2025-05-04T09:12:48.536+0300 [DEBUG] [org.gradle.cache.internal.DefaultFileLockManager] Lock acquired on daemon addresses registry.
2025-05-04T09:12:48.536+0300 [DEBUG] [org.gradle.cache.internal.DefaultFileLockManager] Releasing lock on daemon addresses registry.
2025-05-04T09:12:48.536+0300 [DEBUG] [org.gradle.cache.internal.DefaultFileLockManager] Waiting to acquire shared lock on daemon addresses registry.
2025-05-04T09:12:48.536+0300 [DEBUG] [org.gradle.cache.internal.DefaultFileLockManager] Lock acquired on daemon addresses registry.
2025-05-04T09:12:48.537+0300 [DEBUG] [org.gradle.cache.internal.DefaultFileLockManager] Releasing lock on daemon addresses registry.
2025-05-04T09:12:48.537+0300 [DEBUG] [org.gradle.cache.internal.DefaultFileLockManager] Waiting to acquire shared lock on daemon addresses registry.
2025-05-04T09:12:48.537+0300 [DEBUG] [org.gradle.cache.internal.DefaultFileLockManager] Lock acquired on daemon addresses registry.
2025-05-04T09:12:48.537+0300 [DEBUG] [org.gradle.cache.internal.DefaultFileLockManager] Releasing lock on daemon addresses registry.
2025-05-04T09:12:58.536+0300 [DEBUG] [org.gradle.cache.internal.DefaultFileLockManager] Waiting to acquire shared lock on daemon addresses registry.
2025-05-04T09:12:58.537+0300 [DEBUG] [org.gradle.cache.internal.DefaultFileLockManager] Lock acquired on daemon addresses registry.
2025-05-04T09:12:58.538+0300 [DEBUG] [org.gradle.cache.internal.DefaultFileLockManager] Releasing lock on daemon addresses registry.
2025-05-04T09:12:58.538+0300 [DEBUG] [org.gradle.cache.internal.DefaultFileLockManager] Waiting to acquire shared lock on daemon addresses registry.
2025-05-04T09:12:58.538+0300 [DEBUG] [org.gradle.cache.internal.DefaultFileLockManager] Lock acquired on daemon addresses registry.
2025-05-04T09:12:58.538+0300 [DEBUG] [org.gradle.cache.internal.DefaultFileLockManager] Releasing lock on daemon addresses registry.
2025-05-04T09:12:58.538+0300 [DEBUG] [org.gradle.cache.internal.DefaultFileLockManager] Waiting to acquire shared lock on daemon addresses registry.
2025-05-04T09:12:58.538+0300 [DEBUG] [org.gradle.cache.internal.DefaultFileLockManager] Lock acquired on daemon addresses registry.
2025-05-04T09:12:58.539+0300 [DEBUG] [org.gradle.cache.internal.DefaultFileLockManager] Releasing lock on daemon addresses registry.
2025-05-04T09:13:08.536+0300 [DEBUG] [org.gradle.cache.internal.DefaultFileLockManager] Waiting to acquire shared lock on daemon addresses registry.
2025-05-04T09:13:08.536+0300 [DEBUG] [org.gradle.cache.internal.DefaultFileLockManager] Lock acquired on daemon addresses registry.
2025-05-04T09:13:08.536+0300 [DEBUG] [org.gradle.cache.internal.DefaultFileLockManager] Releasing lock on daemon addresses registry.
2025-05-04T09:13:08.536+0300 [DEBUG] [org.gradle.cache.internal.DefaultFileLockManager] Waiting to acquire shared lock on daemon addresses registry.
2025-05-04T09:13:08.536+0300 [DEBUG] [org.gradle.cache.internal.DefaultFileLockManager] Lock acquired on daemon addresses registry.
2025-05-04T09:13:08.537+0300 [DEBUG] [org.gradle.cache.internal.DefaultFileLockManager] Releasing lock on daemon addresses registry.
2025-05-04T09:13:08.537+0300 [DEBUG] [org.gradle.cache.internal.DefaultFileLockManager] Waiting to acquire shared lock on daemon addresses registry.
2025-05-04T09:13:08.537+0300 [DEBUG] [org.gradle.cache.internal.DefaultFileLockManager] Lock acquired on daemon addresses registry.
2025-05-04T09:13:08.537+0300 [DEBUG] [org.gradle.cache.internal.DefaultFileLockManager] Releasing lock on daemon addresses registry.
2025-05-04T09:13:16.040+0300 [DEBUG] [org.gradle.internal.remote.internal.inet.TcpIncomingConnector] Accepted connection from /127.0.0.1:63973 to /127.0.0.1:63871.
2025-05-04T09:13:16.049+0300 [DEBUG] [org.gradle.launcher.daemon.server.SynchronizedDispatchConnection] thread 215: received class org.gradle.launcher.daemon.protocol.StopWhenIdle
2025-05-04T09:13:16.049+0300 [DEBUG] [org.gradle.launcher.daemon.server.DefaultDaemonConnection] thread 215: Received non-IO message from client: StopWhenIdle[id=5dd3cd6d-121f-407f-a088-d23fb59adcb8]
2025-05-04T09:13:16.053+0300 [INFO] [org.gradle.launcher.daemon.server.DefaultIncomingConnectionHandler] Received command: StopWhenIdle[id=5dd3cd6d-121f-407f-a088-d23fb59adcb8].
2025-05-04T09:13:16.053+0300 [DEBUG] [org.gradle.launcher.daemon.server.DefaultIncomingConnectionHandler] Starting executing command: StopWhenIdle[id=5dd3cd6d-121f-407f-a088-d23fb59adcb8] with connection: socket connection from /127.0.0.1:63871 to /127.0.0.1:63973.
2025-05-04T09:13:16.053+0300 [DEBUG] [org.gradle.launcher.daemon.server.DaemonRegistryUpdater] Storing daemon stop event: stop command received
2025-05-04T09:13:16.055+0300 [DEBUG] [org.gradle.launcher.daemon.registry.PersistentDaemonRegistry] Storing daemon stop event with timestamp 1746339196054
2025-05-04T09:13:16.056+0300 [DEBUG] [org.gradle.cache.internal.DefaultFileLockManager] Waiting to acquire exclusive lock on daemon addresses registry.
2025-05-04T09:13:16.056+0300 [DEBUG] [org.gradle.cache.internal.DefaultFileLockManager] Lock acquired on daemon addresses registry.
2025-05-04T09:13:16.057+0300 [DEBUG] [org.gradle.cache.internal.DefaultFileLockManager] Releasing lock on daemon addresses registry.
2025-05-04T09:13:16.057+0300 [LIFECYCLE] [org.gradle.launcher.daemon.server.DaemonStateCoordinator] Daemon will be stopped at the end of the build stop command received
2025-05-04T09:13:16.057+0300 [DEBUG] [org.gradle.launcher.daemon.server.DaemonStateCoordinator] Marking daemon stopped due to stop command received. The daemon is not running a build
2025-05-04T09:13:16.057+0300 [DEBUG] [org.gradle.launcher.daemon.server.SynchronizedDispatchConnection] thread 34: dispatching Success[value=null]
2025-05-04T09:13:16.057+0300 [DEBUG] [org.gradle.launcher.daemon.server.DaemonStateCoordinator] daemon has stopped.
2025-05-04T09:13:16.058+0300 [DEBUG] [org.gradle.launcher.daemon.server.DefaultIncomingConnectionHandler] Finishing executing command: StopWhenIdle[id=5dd3cd6d-121f-407f-a088-d23fb59adcb8]
2025-05-04T09:13:16.058+0300 [DEBUG] [org.gradle.launcher.daemon.server.Daemon] stop() called on daemon
2025-05-04T09:13:16.058+0300 [INFO] [org.gradle.launcher.daemon.server.Daemon] Stop requested. Daemon is removing its presence from the registry...
2025-05-04T09:13:16.058+0300 [DEBUG] [org.gradle.launcher.daemon.server.SynchronizedDispatchConnection] thread 215: received class org.gradle.launcher.daemon.protocol.Finished
2025-05-04T09:13:16.058+0300 [DEBUG] [org.gradle.launcher.daemon.server.DaemonRegistryUpdater] Removing our presence to clients, eg. removing this address from the registry: [0d8ada74-40e7-48e1-b59d-d05667c0dcff port:63871, addresses:[localhost/127.0.0.1]]
2025-05-04T09:13:16.059+0300 [DEBUG] [org.gradle.launcher.daemon.server.DefaultDaemonConnection] thread 215: Received non-IO message from client: org.gradle.launcher.daemon.protocol.Finished@5559a009
2025-05-04T09:13:16.059+0300 [DEBUG] [org.gradle.launcher.daemon.registry.PersistentDaemonRegistry] Removing daemon address: [0d8ada74-40e7-48e1-b59d-d05667c0dcff port:63871, addresses:[localhost/127.0.0.1]]
2025-05-04T09:13:16.059+0300 [DEBUG] [org.gradle.launcher.daemon.server.DefaultIncomingConnectionHandler] Received finished message: org.gradle.launcher.daemon.protocol.Finished@5559a009
2025-05-04T09:13:16.059+0300 [DEBUG] [org.gradle.launcher.daemon.server.SynchronizedDispatchConnection] thread 34: stopping connection
2025-05-04T09:13:16.059+0300 [DEBUG] [org.gradle.internal.remote.internal.inet.SocketConnection] Discarding EOFException: java.io.EOFException
2025-05-04T09:13:16.059+0300 [DEBUG] [org.gradle.launcher.daemon.server.SynchronizedDispatchConnection] thread 215: received null
2025-05-04T09:13:16.059+0300 [DEBUG] [org.gradle.launcher.daemon.server.DefaultDaemonConnection] thread 215: Received end-of-input from client.
2025-05-04T09:13:16.060+0300 [DEBUG] [org.gradle.launcher.daemon.server.SynchronizedDispatchConnection] thread 34: stopping connection
2025-05-04T09:13:16.060+0300 [DEBUG] [org.gradle.cache.internal.DefaultFileLockManager] Waiting to acquire exclusive lock on daemon addresses registry.
2025-05-04T09:13:16.060+0300 [DEBUG] [org.gradle.cache.internal.DefaultFileLockManager] Lock acquired on daemon addresses registry.
2025-05-04T09:13:16.061+0300 [DEBUG] [org.gradle.cache.internal.DefaultFileLockManager] Releasing lock on daemon addresses registry.
2025-05-04T09:13:16.061+0300 [DEBUG] [org.gradle.launcher.daemon.server.DaemonRegistryUpdater] Address removed from registry.
2025-05-04T09:13:16.068+0300 [DEBUG] [org.gradle.cache.internal.DefaultCacheCleanupExecutor] jars (/Users/oguzkaran/Documents/GitHub/Android-Aug-2024/src/Projects/Android/004-DemoBasicViewsDataAndViewBinding/caches/jars-9) has last been fully cleaned up 23 hours ago
2025-05-04T09:13:16.069+0300 [DEBUG] [org.gradle.cache.internal.DefaultCacheCleanupExecutor] Skipping cleanup for jars (/Users/oguzkaran/Documents/GitHub/Android-Aug-2024/src/Projects/Android/004-DemoBasicViewsDataAndViewBinding/caches/jars-9) as it is not yet due
2025-05-04T09:13:16.069+0300 [DEBUG] [org.gradle.cache.internal.DefaultCacheCoordinator] Cache jars (/Users/oguzkaran/Documents/GitHub/Android-Aug-2024/src/Projects/Android/004-DemoBasicViewsDataAndViewBinding/caches/jars-9) was closed 0 times.
2025-05-04T09:13:16.069+0300 [DEBUG] [org.gradle.cache.internal.LockOnDemandCrossProcessCacheAccess] Releasing file lock for file content cache (/Users/oguzkaran/Documents/GitHub/Android-Aug-2024/src/Projects/Android/004-DemoBasicViewsDataAndViewBinding/caches/8.11.1/fileContent)
2025-05-04T09:13:16.069+0300 [DEBUG] [org.gradle.cache.internal.btree.BTreePersistentIndexedCache] Closing cache annotation-processors.bin (/Users/oguzkaran/Documents/GitHub/Android-Aug-2024/src/Projects/Android/004-DemoBasicViewsDataAndViewBinding/caches/8.11.1/fileContent/annotation-processors.bin)
2025-05-04T09:13:16.070+0300 [DEBUG] [org.gradle.cache.internal.DefaultFileLockManager] Releasing lock on file content cache (/Users/oguzkaran/Documents/GitHub/Android-Aug-2024/src/Projects/Android/004-DemoBasicViewsDataAndViewBinding/caches/8.11.1/fileContent).
2025-05-04T09:13:16.070+0300 [DEBUG] [org.gradle.internal.watch.vfs.impl.WatchingVirtualFileSystem] Closing VFS, dropping state
2025-05-04T09:13:16.071+0300 [DEBUG] [org.gradle.cache.internal.LockOnDemandCrossProcessCacheAccess] Releasing file lock for Generated Gradle JARs cache (/Users/oguzkaran/Documents/GitHub/Android-Aug-2024/src/Projects/Android/004-DemoBasicViewsDataAndViewBinding/caches/8.11.1/generated-gradle-jars)
2025-05-04T09:13:16.071+0300 [DEBUG] [org.gradle.internal.watch.registry.impl.DefaultFileWatcherRegistry] Finished listening to file system change events
2025-05-04T09:13:16.071+0300 [DEBUG] [org.gradle.cache.internal.DefaultFileLockManager] Releasing lock on Generated Gradle JARs cache (/Users/oguzkaran/Documents/GitHub/Android-Aug-2024/src/Projects/Android/004-DemoBasicViewsDataAndViewBinding/caches/8.11.1/generated-gradle-jars).
2025-05-04T09:13:16.072+0300 [DEBUG] [org.gradle.cache.internal.LockOnDemandCrossProcessCacheAccess] Releasing file lock for artifact cache (/Users/oguzkaran/Documents/GitHub/Android-Aug-2024/src/Projects/Android/004-DemoBasicViewsDataAndViewBinding/caches/modules-2)
2025-05-04T09:13:16.072+0300 [DEBUG] [org.gradle.cache.internal.btree.BTreePersistentIndexedCache] Closing cache module-artifact.bin (/Users/oguzkaran/Documents/GitHub/Android-Aug-2024/src/Projects/Android/004-DemoBasicViewsDataAndViewBinding/caches/modules-2/metadata-2.107/module-artifact.bin)
2025-05-04T09:13:16.072+0300 [DEBUG] [org.gradle.cache.internal.btree.BTreePersistentIndexedCache] Closing cache module-metadata.bin (/Users/oguzkaran/Documents/GitHub/Android-Aug-2024/src/Projects/Android/004-DemoBasicViewsDataAndViewBinding/caches/modules-2/metadata-2.107/module-metadata.bin)
2025-05-04T09:13:16.072+0300 [DEBUG] [org.gradle.cache.internal.DefaultFileLockManager] Releasing lock on artifact cache (/Users/oguzkaran/Documents/GitHub/Android-Aug-2024/src/Projects/Android/004-DemoBasicViewsDataAndViewBinding/caches/modules-2).
2025-05-04T09:13:16.072+0300 [DEBUG] [org.gradle.cache.internal.DefaultCacheCleanupExecutor] artifact cache (/Users/oguzkaran/Documents/GitHub/Android-Aug-2024/src/Projects/Android/004-DemoBasicViewsDataAndViewBinding/caches/modules-2) has last been fully cleaned up 23 hours ago
2025-05-04T09:13:16.072+0300 [DEBUG] [org.gradle.cache.internal.DefaultCacheCleanupExecutor] Skipping cleanup for artifact cache (/Users/oguzkaran/Documents/GitHub/Android-Aug-2024/src/Projects/Android/004-DemoBasicViewsDataAndViewBinding/caches/modules-2) as it is not yet due
2025-05-04T09:13:16.073+0300 [DEBUG] [org.gradle.cache.internal.DefaultCacheCleanupExecutor] groovy-dsl (/Users/oguzkaran/Documents/GitHub/Android-Aug-2024/src/Projects/Android/004-DemoBasicViewsDataAndViewBinding/caches/8.11.1/groovy-dsl) has last been fully cleaned up 23 hours ago
2025-05-04T09:13:16.073+0300 [DEBUG] [org.gradle.cache.internal.DefaultCacheCleanupExecutor] Skipping cleanup for groovy-dsl (/Users/oguzkaran/Documents/GitHub/Android-Aug-2024/src/Projects/Android/004-DemoBasicViewsDataAndViewBinding/caches/8.11.1/groovy-dsl) as it is not yet due
2025-05-04T09:13:16.073+0300 [DEBUG] [org.gradle.cache.internal.DefaultCacheCoordinator] Cache groovy-dsl (/Users/oguzkaran/Documents/GitHub/Android-Aug-2024/src/Projects/Android/004-DemoBasicViewsDataAndViewBinding/caches/8.11.1/groovy-dsl) was closed 0 times.
2025-05-04T09:13:16.073+0300 [DEBUG] [org.gradle.cache.internal.DefaultCacheCleanupExecutor] Artifact transforms cache (/Users/oguzkaran/Documents/GitHub/Android-Aug-2024/src/Projects/Android/004-DemoBasicViewsDataAndViewBinding/caches/8.11.1/transforms) has last been fully cleaned up 23 hours ago
2025-05-04T09:13:16.073+0300 [DEBUG] [org.gradle.cache.internal.DefaultCacheCleanupExecutor] Skipping cleanup for Artifact transforms cache (/Users/oguzkaran/Documents/GitHub/Android-Aug-2024/src/Projects/Android/004-DemoBasicViewsDataAndViewBinding/caches/8.11.1/transforms) as it is not yet due
2025-05-04T09:13:16.073+0300 [DEBUG] [org.gradle.cache.internal.DefaultCacheCoordinator] Cache Artifact transforms cache (/Users/oguzkaran/Documents/GitHub/Android-Aug-2024/src/Projects/Android/004-DemoBasicViewsDataAndViewBinding/caches/8.11.1/transforms) was closed 0 times.
2025-05-04T09:13:16.073+0300 [DEBUG] [org.gradle.cache.internal.DefaultCacheCleanupExecutor] kotlin-dsl (/Users/oguzkaran/Documents/GitHub/Android-Aug-2024/src/Projects/Android/004-DemoBasicViewsDataAndViewBinding/caches/8.11.1/kotlin-dsl) has last been fully cleaned up 23 hours ago
2025-05-04T09:13:16.073+0300 [DEBUG] [org.gradle.cache.internal.DefaultCacheCleanupExecutor] Skipping cleanup for kotlin-dsl (/Users/oguzkaran/Documents/GitHub/Android-Aug-2024/src/Projects/Android/004-DemoBasicViewsDataAndViewBinding/caches/8.11.1/kotlin-dsl) as it is not yet due
2025-05-04T09:13:16.073+0300 [DEBUG] [org.gradle.cache.internal.DefaultCacheCoordinator] Cache kotlin-dsl (/Users/oguzkaran/Documents/GitHub/Android-Aug-2024/src/Projects/Android/004-DemoBasicViewsDataAndViewBinding/caches/8.11.1/kotlin-dsl) was closed 0 times.
2025-05-04T09:13:16.073+0300 [DEBUG] [org.gradle.cache.internal.LockOnDemandCrossProcessCacheAccess] Releasing file lock for journal cache (/Users/oguzkaran/Documents/GitHub/Android-Aug-2024/src/Projects/Android/004-DemoBasicViewsDataAndViewBinding/caches/journal-1)
2025-05-04T09:13:16.073+0300 [DEBUG] [org.gradle.cache.internal.btree.BTreePersistentIndexedCache] Closing cache file-access.bin (/Users/oguzkaran/Documents/GitHub/Android-Aug-2024/src/Projects/Android/004-DemoBasicViewsDataAndViewBinding/caches/journal-1/file-access.bin)
2025-05-04T09:13:16.074+0300 [DEBUG] [org.gradle.cache.internal.DefaultFileLockManager] Releasing lock on journal cache (/Users/oguzkaran/Documents/GitHub/Android-Aug-2024/src/Projects/Android/004-DemoBasicViewsDataAndViewBinding/caches/journal-1).
2025-05-04T09:13:16.075+0300 [DEBUG] [org.gradle.cache.internal.LockOnDemandCrossProcessCacheAccess] Releasing file lock for file hash cache (/Users/oguzkaran/Documents/GitHub/Android-Aug-2024/src/Projects/Android/004-DemoBasicViewsDataAndViewBinding/caches/8.11.1/fileHashes)
2025-05-04T09:13:16.076+0300 [DEBUG] [org.gradle.cache.internal.btree.BTreePersistentIndexedCache] Closing cache fileHashes.bin (/Users/oguzkaran/Documents/GitHub/Android-Aug-2024/src/Projects/Android/004-DemoBasicViewsDataAndViewBinding/caches/8.11.1/fileHashes/fileHashes.bin)
2025-05-04T09:13:16.076+0300 [DEBUG] [org.gradle.cache.internal.btree.BTreePersistentIndexedCache] Closing cache resourceHashesCache.bin (/Users/oguzkaran/Documents/GitHub/Android-Aug-2024/src/Projects/Android/004-DemoBasicViewsDataAndViewBinding/caches/8.11.1/fileHashes/resourceHashesCache.bin)
2025-05-04T09:13:16.076+0300 [DEBUG] [org.gradle.cache.internal.DefaultFileLockManager] Releasing lock on file hash cache (/Users/oguzkaran/Documents/GitHub/Android-Aug-2024/src/Projects/Android/004-DemoBasicViewsDataAndViewBinding/caches/8.11.1/fileHashes).
2025-05-04T09:13:16.076+0300 [DEBUG] [org.gradle.cache.internal.LockOnDemandCrossProcessCacheAccess] Releasing file lock for Java compile cache (/Users/oguzkaran/Documents/GitHub/Android-Aug-2024/src/Projects/Android/004-DemoBasicViewsDataAndViewBinding/caches/8.11.1/javaCompile)
2025-05-04T09:13:16.077+0300 [DEBUG] [org.gradle.cache.internal.btree.BTreePersistentIndexedCache] Closing cache jarAnalysis.bin (/Users/oguzkaran/Documents/GitHub/Android-Aug-2024/src/Projects/Android/004-DemoBasicViewsDataAndViewBinding/caches/8.11.1/javaCompile/jarAnalysis.bin)
2025-05-04T09:13:16.077+0300 [DEBUG] [org.gradle.cache.internal.btree.BTreePersistentIndexedCache] Closing cache classAnalysis.bin (/Users/oguzkaran/Documents/GitHub/Android-Aug-2024/src/Projects/Android/004-DemoBasicViewsDataAndViewBinding/caches/8.11.1/javaCompile/classAnalysis.bin)
2025-05-04T09:13:16.077+0300 [DEBUG] [org.gradle.cache.internal.DefaultFileLockManager] Releasing lock on Java compile cache (/Users/oguzkaran/Documents/GitHub/Android-Aug-2024/src/Projects/Android/004-DemoBasicViewsDataAndViewBinding/caches/8.11.1/javaCompile).
2025-05-04T09:13:16.078+0300 [DEBUG] [org.gradle.internal.operations.DefaultBuildOperationRunner] Build operation 'Deleting unused version-specific caches in /Users/oguzkaran/Documents/GitHub/Android-Aug-2024/src/Projects/Android/004-DemoBasicViewsDataAndViewBinding/caches' started
2025-05-04T09:13:16.078+0300 [DEBUG] [org.gradle.internal.operations.DefaultBuildOperationRunner] Completing Build operation 'Deleting unused version-specific caches in /Users/oguzkaran/Documents/GitHub/Android-Aug-2024/src/Projects/Android/004-DemoBasicViewsDataAndViewBinding/caches'
2025-05-04T09:13:16.078+0300 [DEBUG] [org.gradle.internal.operations.DefaultBuildOperationRunner] Build operation 'Deleting unused version-specific caches in /Users/oguzkaran/Documents/GitHub/Android-Aug-2024/src/Projects/Android/004-DemoBasicViewsDataAndViewBinding/caches' completed
2025-05-04T09:13:16.078+0300 [DEBUG] [org.gradle.launcher.daemon.server.Daemon] stop() called on daemon
2025-05-04T09:13:16.078+0300 [INFO] [org.gradle.launcher.daemon.server.Daemon] Stop requested. Daemon is removing its presence from the registry...
2025-05-04T09:13:16.079+0300 [DEBUG] [org.gradle.launcher.daemon.server.DaemonRegistryUpdater] Removing our presence to clients, eg. removing this address from the registry: [0d8ada74-40e7-48e1-b59d-d05667c0dcff port:63871, addresses:[localhost/127.0.0.1]]
2025-05-04T09:13:16.079+0300 [DEBUG] [org.gradle.launcher.daemon.registry.PersistentDaemonRegistry] Removing daemon address: [0d8ada74-40e7-48e1-b59d-d05667c0dcff port:63871, addresses:[localhost/127.0.0.1]]
2025-05-04T09:13:16.079+0300 [DEBUG] [org.gradle.cache.internal.DefaultFileLockManager] Waiting to acquire exclusive lock on daemon addresses registry.
2025-05-04T09:13:16.079+0300 [DEBUG] [org.gradle.cache.internal.DefaultFileLockManager] Lock acquired on daemon addresses registry.
2025-05-04T09:13:16.080+0300 [DEBUG] [org.gradle.cache.internal.DefaultFileLockManager] Releasing lock on daemon addresses registry.
2025-05-04T09:13:16.080+0300 [DEBUG] [org.gradle.launcher.daemon.server.DaemonRegistryUpdater] Address removed from registry.
2025-05-04T09:13:16.081+0300 [DEBUG] [org.gradle.cache.internal.locklistener.DefaultFileLockContentionHandler] File lock listener thread completed.
2025-05-04T09:13:16.082+0300 [DEBUG] [java.lang.Runtime] Runtime.exit() called with status: 0
java.lang.Throwable: Runtime.exit(0)
	at java.base/java.lang.Shutdown.logRuntimeExit(Unknown Source)
	at java.base/java.lang.Shutdown.exit(Unknown Source)
	at java.base/java.lang.Runtime.exit(Unknown Source)
	at java.base/java.lang.System.exit(Unknown Source)
	at org.gradle.launcher.bootstrap.ProcessCompleter.complete(ProcessCompleter.java:21)
	at org.gradle.launcher.bootstrap.EntryPoint.run(EntryPoint.java:61)
	at java.base/jdk.internal.reflect.DirectMethodHandleAccessor.invoke(Unknown Source)
	at java.base/java.lang.reflect.Method.invoke(Unknown Source)
	at org.gradle.launcher.bootstrap.ProcessBootstrap.runNoExit(ProcessBootstrap.java:72)
	at org.gradle.launcher.bootstrap.ProcessBootstrap.run(ProcessBootstrap.java:39)
	at org.gradle.launcher.daemon.bootstrap.GradleDaemon.main(GradleDaemon.java:22)
2025-05-04T09:13:16.084+0300 [DEBUG] [org.gradle.launcher.daemon.registry.PersistentDaemonRegistry] Removing daemon address: [0d8ada74-40e7-48e1-b59d-d05667c0dcff port:63871, addresses:[localhost/127.0.0.1]]
2025-05-04T09:13:16.084+0300 [DEBUG] [org.gradle.launcher.daemon.server.Daemon] VM shutdown hook was unable to remove the daemon address from the registry. It will be cleaned up later.
java.lang.IllegalStateException: Cannot start managing file contention because this handler has been closed.
	at org.gradle.cache.internal.locklistener.DefaultFileLockContentionHandler.assertNotStopped(DefaultFileLockContentionHandler.java:217)
	at org.gradle.cache.internal.locklistener.DefaultFileLockContentionHandler.getCommunicator(DefaultFileLockContentionHandler.java:260)
	at org.gradle.cache.internal.locklistener.DefaultFileLockContentionHandler.reservePort(DefaultFileLockContentionHandler.java:254)
	at org.gradle.cache.internal.DefaultFileLockManager.lock(DefaultFileLockManager.java:124)
	at org.gradle.cache.internal.DefaultFileLockManager.lock(DefaultFileLockManager.java:106)
	at org.gradle.cache.internal.DefaultFileLockManager.lock(DefaultFileLockManager.java:101)
	at org.gradle.cache.internal.OnDemandFileAccess.updateFile(OnDemandFileAccess.java:51)
	at org.gradle.cache.internal.FileBackedObjectHolder.update(FileBackedObjectHolder.java:77)
	at org.gradle.cache.internal.FileIntegrityViolationSuppressingObjectHolderDecorator.lambda$update$0(FileIntegrityViolationSuppressingObjectHolderDecorator.java:48)
	at org.gradle.cache.internal.FileIntegrityViolationSuppressingObjectHolderDecorator.doUpdate(FileIntegrityViolationSuppressingObjectHolderDecorator.java:58)
	at org.gradle.cache.internal.FileIntegrityViolationSuppressingObjectHolderDecorator.update(FileIntegrityViolationSuppressingObjectHolderDecorator.java:48)
	at org.gradle.launcher.daemon.registry.PersistentDaemonRegistry.remove(PersistentDaemonRegistry.java:133)
	at org.gradle.launcher.daemon.server.Daemon$1.run(Daemon.java:133)
	at java.base/java.lang.Thread.run(Unknown Source)
Daemon vm is shutting down... The daemon has exited normally or was terminated in response to a user interrupt.
