kotlin version: 2.0.21
error message: java.lang.StackOverflowError
	at com.google.devtools.ksp.symbol.impl.kotlin.KSTypeImpl$Companion.getCached(KSTypeImpl.kt:153)
	at com.google.devtools.ksp.symbol.impl.kotlin.KSTypeImplKt.getKSTypeCached(KSTypeImpl.kt:143)
	at com.google.devtools.ksp.processing.impl.ResolverImpl.resolveUserType(ResolverImpl.kt:722)
	at com.google.devtools.ksp.symbol.impl.kotlin.KSTypeReferenceImpl.resolve(KSTypeReferenceImpl.kt:124)
	at com.google.devtools.ksp.visitor.KSValidateVisitor.visitTypeReference(KSValidateVisitor.kt:57)
	at com.google.devtools.ksp.visitor.KSValidateVisitor.visitTypeReference(KSValidateVisitor.kt:5)
	at com.google.devtools.ksp.symbol.impl.kotlin.KSTypeReferenceImpl.accept(KSTypeReferenceImpl.kt:121)
	at com.google.devtools.ksp.visitor.KSValidateVisitor.visitValueParameter(KSValidateVisitor.kt:112)
	at com.google.devtools.ksp.visitor.KSValidateVisitor.visitValueParameter(KSValidateVisitor.kt:5)
	at com.google.devtools.ksp.symbol.impl.kotlin.KSValueParameterImpl.accept(KSValueParameterImpl.kt:122)
	at com.google.devtools.ksp.visitor.KSValidateVisitor.visitFunctionDeclaration(KSValidateVisitor.kt:82)
	at com.google.devtools.ksp.visitor.KSValidateVisitor.visitFunctionDeclaration(KSValidateVisitor.kt:5)
	at com.google.devtools.ksp.symbol.impl.kotlin.KSFunctionDeclarationImpl.accept(KSFunctionDeclarationImpl.kt:118)
	at com.google.devtools.ksp.visitor.KSValidateVisitor.visitDeclarationContainer(KSValidateVisitor.kt:28)
	at com.google.devtools.ksp.visitor.KSValidateVisitor.visitClassDeclaration(KSValidateVisitor.kt:70)
	at com.google.devtools.ksp.visitor.KSValidateVisitor.visitClassDeclaration(KSValidateVisitor.kt:5)
	at com.google.devtools.ksp.symbol.impl.kotlin.KSClassDeclarationImpl.accept(KSClassDeclarationImpl.kt:133)
	at com.google.devtools.ksp.UtilsKt.validate(utils.kt:125)
	at com.google.devtools.ksp.UtilsKt.validate$default(utils.kt:124)
	at androidx.room.compiler.processing.ksp.KspElement.validate(KspElement.kt:65)
	at androidx.room.processor.PojoProcessor.doProcess(PojoProcessor.kt:120)
	at androidx.room.processor.PojoProcessor.access$doProcess(PojoProcessor.kt:56)
	at androidx.room.processor.PojoProcessor$process$1.invoke(PojoProcessor.kt:112)
	at androidx.room.processor.PojoProcessor$process$1.invoke(PojoProcessor.kt:109)
	at androidx.room.processor.cache.Cache$Bucket.get(Cache.kt:53)
	at androidx.room.processor.PojoProcessor.process(PojoProcessor.kt:109)
	at androidx.room.processor.NonEntityOrViewProcessor.process(EntityOrViewProcessor.kt:49)
	at androidx.room.processor.PojoProcessor.processRelationField(PojoProcessor.kt:540)
	at androidx.room.processor.PojoProcessor.doProcess(PojoProcessor.kt:205)
	at androidx.room.processor.PojoProcessor.access$doProcess(PojoProcessor.kt:56)
	at androidx.room.processor.PojoProcessor$process$1.invoke(PojoProcessor.kt:112)
	at androidx.room.processor.PojoProcessor$process$1.invoke(PojoProcessor.kt:109)
	at androidx.room.processor.cache.Cache$Bucket.get(Cache.kt:53)
	at androidx.room.processor.PojoProcessor.process(PojoProcessor.kt:109)
	at androidx.room.processor.NonEntityOrViewProcessor.process(EntityOrViewProcessor.kt:49)
	at androidx.room.processor.PojoProcessor.processRelationField(PojoProcessor.kt:540)
	at androidx.room.processor.PojoProcessor.doProcess(PojoProcessor.kt:205)
	at androidx.room.processor.PojoProcessor.access$doProcess(PojoProcessor.kt:56)
	at androidx.room.processor.PojoProcessor$process$1.invoke(PojoProcessor.kt:112)
	at androidx.room.processor.PojoProcessor$process$1.invoke(PojoProcessor.kt:109)
	at androidx.room.processor.cache.Cache$Bucket.get(Cache.kt:53)
	at androidx.room.processor.PojoProcessor.process(PojoProcessor.kt:109)
	at androidx.room.processor.NonEntityOrViewProcessor.process(EntityOrViewProcessor.kt:49)
	at androidx.room.processor.PojoProcessor.processRelationField(PojoProcessor.kt:540)
	at androidx.room.processor.PojoProcessor.doProcess(PojoProcessor.kt:205)
	at androidx.room.processor.PojoProcessor.access$doProcess(PojoProcessor.kt:56)
	at androidx.room.processor.PojoProcessor$process$1.invoke(PojoProcessor.kt:112)
	at androidx.room.processor.PojoProcessor$process$1.invoke(PojoProcessor.kt:109)
	at androidx.room.processor.cache.Cache$Bucket.get(Cache.kt:53)
	at androidx.room.processor.PojoProcessor.process(PojoProcessor.kt:109)
	at androidx.room.processor.NonEntityOrViewProcessor.process(EntityOrViewProcessor.kt:49)
	at androidx.room.processor.PojoProcessor.processRelationField(PojoProcessor.kt:540)
	at androidx.room.processor.PojoProcessor.doProcess(PojoProcessor.kt:205)
	at androidx.room.processor.PojoProcessor.access$doProcess(PojoProcessor.kt:56)
	at androidx.room.processor.PojoProcessor$process$1.invoke(PojoProcessor.kt:112)
	at androidx.room.processor.PojoProcessor$process$1.invoke(PojoProcessor.kt:109)
	at androidx.room.processor.cache.Cache$Bucket.get(Cache.kt:53)
	at androidx.room.processor.PojoProcessor.process(PojoProcessor.kt:109)
	at androidx.room.processor.NonEntityOrViewProcessor.process(EntityOrViewProcessor.kt:49)
	at androidx.room.processor.PojoProcessor.processRelationField(PojoProcessor.kt:540)
	at androidx.room.processor.PojoProcessor.doProcess(PojoProcessor.kt:205)
	at androidx.room.processor.PojoProcessor.access$doProcess(PojoProcessor.kt:56)
	at androidx.room.processor.PojoProcessor$process$1.invoke(PojoProcessor.kt:112)
	at androidx.room.processor.PojoProcessor$process$1.invoke(PojoProcessor.kt:109)
	at androidx.room.processor.cache.Cache$Bucket.get(Cache.kt:53)
	at androidx.room.processor.PojoProcessor.process(PojoProcessor.kt:109)
	at androidx.room.processor.NonEntityOrViewProcessor.process(EntityOrViewProcessor.kt:49)
	at androidx.room.processor.PojoProcessor.processRelationField(PojoProcessor.kt:540)
	at androidx.room.processor.PojoProcessor.doProcess(PojoProcessor.kt:205)
	at androidx.room.processor.PojoProcessor.access$doProcess(PojoProcessor.kt:56)
	at androidx.room.processor.PojoProcessor$process$1.invoke(PojoProcessor.kt:112)
	at androidx.room.processor.PojoProcessor$process$1.invoke(PojoProcessor.kt:109)
	at androidx.room.processor.cache.Cache$Bucket.get(Cache.kt:53)
	at androidx.room.processor.PojoProcessor.process(PojoProcessor.kt:109)
	at androidx.room.processor.NonEntityOrViewProcessor.process(EntityOrViewProcessor.kt:49)
	at androidx.room.processor.PojoProcessor.processRelationField(PojoProcessor.kt:540)
	at androidx.room.processor.PojoProcessor.doProcess(PojoProcessor.kt:205)
	at androidx.room.processor.PojoProcessor.access$doProcess(PojoProcessor.kt:56)
	at androidx.room.processor.PojoProcessor$process$1.invoke(PojoProcessor.kt:112)
	at androidx.room.processor.PojoProcessor$process$1.invoke(PojoProcessor.kt:109)
	at androidx.room.processor.cache.Cache$Bucket.get(Cache.kt:53)
	at androidx.room.processor.PojoProcessor.process(PojoProcessor.kt:109)
	at androidx.room.processor.NonEntityOrViewProcessor.process(EntityOrViewProcessor.kt:49)
	at androidx.room.processor.PojoProcessor.processRelationField(PojoProcessor.kt:540)
	at androidx.room.processor.PojoProcessor.doProcess(PojoProcessor.kt:205)
	at androidx.room.processor.PojoProcessor.access$doProcess(PojoProcessor.kt:56)
	at androidx.room.processor.PojoProcessor$process$1.invoke(PojoProcessor.kt:112)
	at androidx.room.processor.PojoProcessor$process$1.invoke(PojoProcessor.kt:109)
	at androidx.room.processor.cache.Cache$Bucket.get(Cache.kt:53)
	at androidx.room.processor.PojoProcessor.process(PojoProcessor.kt:109)
	at androidx.room.processor.NonEntityOrViewProcessor.process(EntityOrViewProcessor.kt:49)
	at androidx.room.processor.PojoProcessor.processRelationField(PojoProcessor.kt:540)
	at androidx.room.processor.PojoProcessor.doProcess(PojoProcessor.kt:205)
	at androidx.room.processor.PojoProcessor.access$doProcess(PojoProcessor.kt:56)
	at androidx.room.processor.PojoProcessor$process$1.invoke(PojoProcessor.kt:112)
	at androidx.room.processor.PojoProcessor$process$1.invoke(PojoProcessor.kt:109)
	at androidx.room.processor.cache.Cache$Bucket.get(Cache.kt:53)
	at androidx.room.processor.PojoProcessor.process(PojoProcessor.kt:109)
	at androidx.room.processor.NonEntityOrViewProcessor.process(EntityOrViewProcessor.kt:49)
	at androidx.room.processor.PojoProcessor.processRelationField(PojoProcessor.kt:540)
	at androidx.room.processor.PojoProcessor.doProcess(PojoProcessor.kt:205)
	at androidx.room.processor.PojoProcessor.access$doProcess(PojoProcessor.kt:56)
	at androidx.room.processor.PojoProcessor$process$1.invoke(PojoProcessor.kt:112)
	at androidx.room.processor.PojoProcessor$process$1.invoke(PojoProcessor.kt:109)
	at androidx.room.processor.cache.Cache$Bucket.get(Cache.kt:53)
	at androidx.room.processor.PojoProcessor.process(PojoProcessor.kt:109)
	at androidx.room.processor.NonEntityOrViewProcessor.process(EntityOrViewProcessor.kt:49)
	at androidx.room.processor.PojoProcessor.processRelationField(PojoProcessor.kt:540)
	at androidx.room.processor.PojoProcessor.doProcess(PojoProcessor.kt:205)
	at androidx.room.processor.PojoProcessor.access$doProcess(PojoProcessor.kt:56)
	at androidx.room.processor.PojoProcessor$process$1.invoke(PojoProcessor.kt:112)
	at androidx.room.processor.PojoProcessor$process$1.invoke(PojoProcessor.kt:109)
	at androidx.room.processor.cache.Cache$Bucket.get(Cache.kt:53)
	at androidx.room.processor.PojoProcessor.process(PojoProcessor.kt:109)
	at androidx.room.processor.NonEntityOrViewProcessor.process(EntityOrViewProcessor.kt:49)
	at androidx.room.processor.PojoProcessor.processRelationField(PojoProcessor.kt:540)
	at androidx.room.processor.PojoProcessor.doProcess(PojoProcessor.kt:205)
	at androidx.room.processor.PojoProcessor.access$doProcess(PojoProcessor.kt:56)
	at androidx.room.processor.PojoProcessor$process$1.invoke(PojoProcessor.kt:112)
	at androidx.room.processor.PojoProcessor$process$1.invoke(PojoProcessor.kt:109)
	at androidx.room.processor.cache.Cache$Bucket.get(Cache.kt:53)
	at androidx.room.processor.PojoProcessor.process(PojoProcessor.kt:109)
	at androidx.room.processor.NonEntityOrViewProcessor.process(EntityOrViewProcessor.kt:49)
	at androidx.room.processor.PojoProcessor.processRelationField(PojoProcessor.kt:540)
	at androidx.room.processor.PojoProcessor.doProcess(PojoProcessor.kt:205)
	at androidx.room.processor.PojoProcessor.access$doProcess(PojoProcessor.kt:56)
	at androidx.room.processor.PojoProcessor$process$1.invoke(PojoProcessor.kt:112)
	at androidx.room.processor.PojoProcessor$process$1.invoke(PojoProcessor.kt:109)
	at androidx.room.processor.cache.Cache$Bucket.get(Cache.kt:53)
	at androidx.room.processor.PojoProcessor.process(PojoProcessor.kt:109)
	at androidx.room.processor.NonEntityOrViewProcessor.process(EntityOrViewProcessor.kt:49)
	at androidx.room.processor.PojoProcessor.processRelationField(PojoProcessor.kt:540)
	at androidx.room.processor.PojoProcessor.doProcess(PojoProcessor.kt:205)
	at androidx.room.processor.PojoProcessor.access$doProcess(PojoProcessor.kt:56)
	at androidx.room.processor.PojoProcessor$process$1.invoke(PojoProcessor.kt:112)
	at androidx.room.processor.PojoProcessor$process$1.invoke(PojoProcessor.kt:109)
	at androidx.room.processor.cache.Cache$Bucket.get(Cache.kt:53)
	at androidx.room.processor.PojoProcessor.process(PojoProcessor.kt:109)
	at androidx.room.processor.NonEntityOrViewProcessor.process(EntityOrViewProcessor.kt:49)
	at androidx.room.processor.PojoProcessor.processRelationField(PojoProcessor.kt:540)
	at androidx.room.processor.PojoProcessor.doProcess(PojoProcessor.kt:205)
	at androidx.room.processor.PojoProcessor.access$doProcess(PojoProcessor.kt:56)
	at androidx.room.processor.PojoProcessor$process$1.invoke(PojoProcessor.kt:112)
	at androidx.room.processor.PojoProcessor$process$1.invoke(PojoProcessor.kt:109)
	at androidx.room.processor.cache.Cache$Bucket.get(Cache.kt:53)
	at androidx.room.processor.PojoProcessor.process(PojoProcessor.kt:109)
	at androidx.room.processor.NonEntityOrViewProcessor.process(EntityOrViewProcessor.kt:49)
	at androidx.room.processor.PojoProcessor.processRelationField(PojoProcessor.kt:540)
	at androidx.room.processor.PojoProcessor.doProcess(PojoProcessor.kt:205)
	at androidx.room.processor.PojoProcessor.access$doProcess(PojoProcessor.kt:56)
	at androidx.room.processor.PojoProcessor$process$1.invoke(PojoProcessor.kt:112)
	at androidx.room.processor.PojoProcessor$process$1.invoke(PojoProcessor.kt:109)
	at androidx.room.processor.cache.Cache$Bucket.get(Cache.kt:53)
	at androidx.room.processor.PojoProcessor.process(PojoProcessor.kt:109)
	at androidx.room.processor.NonEntityOrViewProcessor.process(EntityOrViewProcessor.kt:49)
	at androidx.room.processor.PojoProcessor.processRelationField(PojoProcessor.kt:540)
	at androidx.room.processor.PojoProcessor.doProcess(PojoProcessor.kt:205)
	at androidx.room.processor.PojoProcessor.access$doProcess(PojoProcessor.kt:56)
	at androidx.room.processor.PojoProcessor$process$1.invoke(PojoProcessor.kt:112)
	at androidx.room.processor.PojoProcessor$process$1.invoke(PojoProcessor.kt:109)
	at androidx.room.processor.cache.Cache$Bucket.get(Cache.kt:53)
	at androidx.room.processor.PojoProcessor.process(PojoProcessor.kt:109)
	at androidx.room.processor.NonEntityOrViewProcessor.process(EntityOrViewProcessor.kt:49)
	at androidx.room.processor.PojoProcessor.processRelationField(PojoProcessor.kt:540)
	at androidx.room.processor.PojoProcessor.doProcess(PojoProcessor.kt:205)
	at androidx.room.processor.PojoProcessor.access$doProcess(PojoProcessor.kt:56)
	at androidx.room.processor.PojoProcessor$process$1.invoke(PojoProcessor.kt:112)
	at androidx.room.processor.PojoProcessor$process$1.invoke(PojoProcessor.kt:109)
	at androidx.room.processor.cache.Cache$Bucket.get(Cache.kt:53)
	at androidx.room.processor.PojoProcessor.process(PojoProcessor.kt:109)
	at androidx.room.processor.NonEntityOrViewProcessor.process(EntityOrViewProcessor.kt:49)
	at androidx.room.processor.PojoProcessor.processRelationField(PojoProcessor.kt:540)
	at androidx.room.processor.PojoProcessor.doProcess(PojoProcessor.kt:205)
	at androidx.room.processor.PojoProcessor.access$doProcess(PojoProcessor.kt:56)
	at androidx.room.processor.PojoProcessor$process$1.invoke(PojoProcessor.kt:112)
	at androidx.room.processor.PojoProcessor$process$1.invoke(PojoProcessor.kt:109)
	at androidx.room.processor.cache.Cache$Bucket.get(Cache.kt:53)
	at androidx.room.processor.PojoProcessor.process(PojoProcessor.kt:109)
	at androidx.room.processor.NonEntityOrViewProcessor.process(EntityOrViewProcessor.kt:49)
	at androidx.room.processor.PojoProcessor.processRelationField(PojoProcessor.kt:540)
	at androidx.room.processor.PojoProcessor.doProcess(PojoProcessor.kt:205)
	at androidx.room.processor.PojoProcessor.access$doProcess(PojoProcessor.kt:56)
	at androidx.room.processor.PojoProcessor$process$1.invoke(PojoProcessor.kt:112)
	at androidx.room.processor.PojoProcessor$process$1.invoke(PojoProcessor.kt:109)
	at androidx.room.processor.cache.Cache$Bucket.get(Cache.kt:53)
	at androidx.room.processor.PojoProcessor.process(PojoProcessor.kt:109)
	at androidx.room.processor.NonEntityOrViewProcessor.process(EntityOrViewProcessor.kt:49)
	at androidx.room.processor.PojoProcessor.processRelationField(PojoProcessor.kt:540)
	at androidx.room.processor.PojoProcessor.doProcess(PojoProcessor.kt:205)
	at androidx.room.processor.PojoProcessor.access$doProcess(PojoProcessor.kt:56)
	at androidx.room.processor.PojoProcessor$process$1.invoke(PojoProcessor.kt:112)
	at androidx.room.processor.PojoProcessor$process$1.invoke(PojoProcessor.kt:109)
	at androidx.room.processor.cache.Cache$Bucket.get(Cache.kt:53)
	at androidx.room.processor.PojoProcessor.process(PojoProcessor.kt:109)
	at androidx.room.processor.NonEntityOrViewProcessor.process(EntityOrViewProcessor.kt:49)
	at androidx.room.processor.PojoProcessor.processRelationField(PojoProcessor.kt:540)
	at androidx.room.processor.PojoProcessor.doProcess(PojoProcessor.kt:205)
	at androidx.room.processor.PojoProcessor.access$doProcess(PojoProcessor.kt:56)
	at androidx.room.processor.PojoProcessor$process$1.invoke(PojoProcessor.kt:112)
	at androidx.room.processor.PojoProcessor$process$1.invoke(PojoProcessor.kt:109)
	at androidx.room.processor.cache.Cache$Bucket.get(Cache.kt:53)
	at androidx.room.processor.PojoProcessor.process(PojoProcessor.kt:109)
	at androidx.room.processor.NonEntityOrViewProcessor.process(EntityOrViewProcessor.kt:49)
	at androidx.room.processor.PojoProcessor.processRelationField(PojoProcessor.kt:540)
	at androidx.room.processor.PojoProcessor.doProcess(PojoProcessor.kt:205)
	at androidx.room.processor.PojoProcessor.access$doProcess(PojoProcessor.kt:56)
	at androidx.room.processor.PojoProcessor$process$1.invoke(PojoProcessor.kt:112)
	at androidx.room.processor.PojoProcessor$process$1.invoke(PojoProcessor.kt:109)
	at androidx.room.processor.cache.Cache$Bucket.get(Cache.kt:53)
	at androidx.room.processor.PojoProcessor.process(PojoProcessor.kt:109)
	at androidx.room.processor.NonEntityOrViewProcessor.process(EntityOrViewProcessor.kt:49)
	at androidx.room.processor.PojoProcessor.processRelationField(PojoProcessor.kt:540)
	at androidx.room.processor.PojoProcessor.doProcess(PojoProcessor.kt:205)
	at androidx.room.processor.PojoProcessor.access$doProcess(PojoProcessor.kt:56)
	at androidx.room.processor.PojoProcessor$process$1.invoke(PojoProcessor.kt:112)
	at androidx.room.processor.PojoProcessor$process$1.invoke(PojoProcessor.kt:109)
	at androidx.room.processor.cache.Cache$Bucket.get(Cache.kt:53)
	at androidx.room.processor.PojoProcessor.process(PojoProcessor.kt:109)
	at androidx.room.processor.NonEntityOrViewProcessor.process(EntityOrViewProcessor.kt:49)
	at androidx.room.processor.PojoProcessor.processRelationField(PojoProcessor.kt:540)
	at androidx.room.processor.PojoProcessor.doProcess(PojoProcessor.kt:205)
	at androidx.room.processor.PojoProcessor.access$doProcess(PojoProcessor.kt:56)
	at androidx.room.processor.PojoProcessor$process$1.invoke(PojoProcessor.kt:112)
	at androidx.room.processor.PojoProcessor$process$1.invoke(PojoProcessor.kt:109)
	at androidx.room.processor.cache.Cache$Bucket.get(Cache.kt:53)
	at androidx.room.processor.PojoProcessor.process(PojoProcessor.kt:109)
	at androidx.room.processor.NonEntityOrViewProcessor.process(EntityOrViewProcessor.kt:49)
	at androidx.room.processor.PojoProcessor.processRelationField(PojoProcessor.kt:540)
	at androidx.room.processor.PojoProcessor.doProcess(PojoProcessor.kt:205)
	at androidx.room.processor.PojoProcessor.access$doProcess(PojoProcessor.kt:56)
	at androidx.room.processor.PojoProcessor$process$1.invoke(PojoProcessor.kt:112)
	at androidx.room.processor.PojoProcessor$process$1.invoke(PojoProcessor.kt:109)
	at androidx.room.processor.cache.Cache$Bucket.get(Cache.kt:53)
	at androidx.room.processor.PojoProcessor.process(PojoProcessor.kt:109)
	at androidx.room.processor.NonEntityOrViewProcessor.process(EntityOrViewProcessor.kt:49)
	at androidx.room.processor.PojoProcessor.processRelationField(PojoProcessor.kt:540)
	at androidx.room.processor.PojoProcessor.doProcess(PojoProcessor.kt:205)
	at androidx.room.processor.PojoProcessor.access$doProcess(PojoProcessor.kt:56)
	at androidx.room.processor.PojoProcessor$process$1.invoke(PojoProcessor.kt:112)
	at androidx.room.processor.PojoProcessor$process$1.invoke(PojoProcessor.kt:109)
	at androidx.room.processor.cache.Cache$Bucket.get(Cache.kt:53)
	at androidx.room.processor.PojoProcessor.process(PojoProcessor.kt:109)
	at androidx.room.processor.NonEntityOrViewProcessor.process(EntityOrViewProcessor.kt:49)
	at androidx.room.processor.PojoProcessor.processRelationField(PojoProcessor.kt:540)
	at androidx.room.processor.PojoProcessor.doProcess(PojoProcessor.kt:205)
	at androidx.room.processor.PojoProcessor.access$doProcess(PojoProcessor.kt:56)
	at androidx.room.processor.PojoProcessor$process$1.invoke(PojoProcessor.kt:112)
	at androidx.room.processor.PojoProcessor$process$1.invoke(PojoProcessor.kt:109)
	at androidx.room.processor.cache.Cache$Bucket.get(Cache.kt:53)
	at androidx.room.processor.PojoProcessor.process(PojoProcessor.kt:109)
	at androidx.room.processor.NonEntityOrViewProcessor.process(EntityOrViewProcessor.kt:49)
	at androidx.room.processor.PojoProcessor.processRelationField(PojoProcessor.kt:540)
	at androidx.room.processor.PojoProcessor.doProcess(PojoProcessor.kt:205)
	at androidx.room.processor.PojoProcessor.access$doProcess(PojoProcessor.kt:56)
	at androidx.room.processor.PojoProcessor$process$1.invoke(PojoProcessor.kt:112)
	at androidx.room.processor.PojoProcessor$process$1.invoke(PojoProcessor.kt:109)
	at androidx.room.processor.cache.Cache$Bucket.get(Cache.kt:53)
	at androidx.room.processor.PojoProcessor.process(PojoProcessor.kt:109)
	at androidx.room.processor.NonEntityOrViewProcessor.process(EntityOrViewProcessor.kt:49)
	at androidx.room.processor.PojoProcessor.processRelationField(PojoProcessor.kt:540)
	at androidx.room.processor.PojoProcessor.doProcess(PojoProcessor.kt:205)
	at androidx.room.processor.PojoProcessor.access$doProcess(PojoProcessor.kt:56)
	at androidx.room.processor.PojoProcessor$process$1.invoke(PojoProcessor.kt:112)
	at androidx.room.processor.PojoProcessor$process$1.invoke(PojoProcessor.kt:109)
	at androidx.room.processor.cache.Cache$Bucket.get(Cache.kt:53)
	at androidx.room.processor.PojoProcessor.process(PojoProcessor.kt:109)
	at androidx.room.processor.NonEntityOrViewProcessor.process(EntityOrViewProcessor.kt:49)
	at androidx.room.processor.PojoProcessor.processRelationField(PojoProcessor.kt:540)
	at androidx.room.processor.PojoProcessor.doProcess(PojoProcessor.kt:205)
	at androidx.room.processor.PojoProcessor.access$doProcess(PojoProcessor.kt:56)
	at androidx.room.processor.PojoProcessor$process$1.invoke(PojoProcessor.kt:112)
	at androidx.room.processor.PojoProcessor$process$1.invoke(PojoProcessor.kt:109)
	at androidx.room.processor.cache.Cache$Bucket.get(Cache.kt:53)
	at androidx.room.processor.PojoProcessor.process(PojoProcessor.kt:109)
	at androidx.room.processor.NonEntityOrViewProcessor.process(EntityOrViewProcessor.kt:49)
	at androidx.room.processor.PojoProcessor.processRelationField(PojoProcessor.kt:540)
	at androidx.room.processor.PojoProcessor.doProcess(PojoProcessor.kt:205)
	at androidx.room.processor.PojoProcessor.access$doProcess(PojoProcessor.kt:56)
	at androidx.room.processor.PojoProcessor$process$1.invoke(PojoProcessor.kt:112)
	at androidx.room.processor.PojoProcessor$process$1.invoke(PojoProcessor.kt:109)
	at androidx.room.processor.cache.Cache$Bucket.get(Cache.kt:53)
	at androidx.room.processor.PojoProcessor.process(PojoProcessor.kt:109)
	at androidx.room.processor.NonEntityOrViewProcessor.process(EntityOrViewProcessor.kt:49)
	at androidx.room.processor.PojoProcessor.processRelationField(PojoProcessor.kt:540)
	at androidx.room.processor.PojoProcessor.doProcess(PojoProcessor.kt:205)
	at androidx.room.processor.PojoProcessor.access$doProcess(PojoProcessor.kt:56)
	at androidx.room.processor.PojoProcessor$process$1.invoke(PojoProcessor.kt:112)
	at androidx.room.processor.PojoProcessor$process$1.invoke(PojoProcessor.kt:109)
	at androidx.room.processor.cache.Cache$Bucket.get(Cache.kt:53)
	at androidx.room.processor.PojoProcessor.process(PojoProcessor.kt:109)
	at androidx.room.processor.NonEntityOrViewProcessor.process(EntityOrViewProcessor.kt:49)
	at androidx.room.processor.PojoProcessor.processRelationField(PojoProcessor.kt:540)
	at androidx.room.processor.PojoProcessor.doProcess(PojoProcessor.kt:205)
	at androidx.room.processor.PojoProcessor.access$doProcess(PojoProcessor.kt:56)
	at androidx.room.processor.PojoProcessor$process$1.invoke(PojoProcessor.kt:112)
	at androidx.room.processor.PojoProcessor$process$1.invoke(PojoProcessor.kt:109)
	at androidx.room.processor.cache.Cache$Bucket.get(Cache.kt:53)
	at androidx.room.processor.PojoProcessor.process(PojoProcessor.kt:109)
	at androidx.room.processor.NonEntityOrViewProcessor.process(EntityOrViewProcessor.kt:49)
	at androidx.room.processor.PojoProcessor.processRelationField(PojoProcessor.kt:540)
	at androidx.room.processor.PojoProcessor.doProcess(PojoProcessor.kt:205)
	at androidx.room.processor.PojoProcessor.access$doProcess(PojoProcessor.kt:56)
	at androidx.room.processor.PojoProcessor$process$1.invoke(PojoProcessor.kt:112)
	at androidx.room.processor.PojoProcessor$process$1.invoke(PojoProcessor.kt:109)
	at androidx.room.processor.cache.Cache$Bucket.get(Cache.kt:53)
	at androidx.room.processor.PojoProcessor.process(PojoProcessor.kt:109)
	at androidx.room.processor.NonEntityOrViewProcessor.process(EntityOrViewProcessor.kt:49)
	at androidx.room.processor.PojoProcessor.processRelationField(PojoProcessor.kt:540)
	at androidx.room.processor.PojoProcessor.doProcess(PojoProcessor.kt:205)
	at androidx.room.processor.PojoProcessor.access$doProcess(PojoProcessor.kt:56)
	at androidx.room.processor.PojoProcessor$process$1.invoke(PojoProcessor.kt:112)
	at androidx.room.processor.PojoProcessor$process$1.invoke(PojoProcessor.kt:109)
	at androidx.room.processor.cache.Cache$Bucket.get(Cache.kt:53)
	at androidx.room.processor.PojoProcessor.process(PojoProcessor.kt:109)
	at androidx.room.processor.NonEntityOrViewProcessor.process(EntityOrViewProcessor.kt:49)
	at androidx.room.processor.PojoProcessor.processRelationField(PojoProcessor.kt:540)
	at androidx.room.processor.PojoProcessor.doProcess(PojoProcessor.kt:205)
	at androidx.room.processor.PojoProcessor.access$doProcess(PojoProcessor.kt:56)
	at androidx.room.processor.PojoProcessor$process$1.invoke(PojoProcessor.kt:112)
	at androidx.room.processor.PojoProcessor$process$1.invoke(PojoProcessor.kt:109)
	at androidx.room.processor.cache.Cache$Bucket.get(Cache.kt:53)
	at androidx.room.processor.PojoProcessor.process(PojoProcessor.kt:109)
	at androidx.room.processor.NonEntityOrViewProcessor.process(EntityOrViewProcessor.kt:49)
	at androidx.room.processor.PojoProcessor.processRelationField(PojoProcessor.kt:540)
	at androidx.room.processor.PojoProcessor.doProcess(PojoProcessor.kt:205)
	at androidx.room.processor.PojoProcessor.access$doProcess(PojoProcessor.kt:56)
	at androidx.room.processor.PojoProcessor$process$1.invoke(PojoProcessor.kt:112)
	at androidx.room.processor.PojoProcessor$process$1.invoke(PojoProcessor.kt:109)
	at androidx.room.processor.cache.Cache$Bucket.get(Cache.kt:53)
	at androidx.room.processor.PojoProcessor.process(PojoProcessor.kt:109)
	at androidx.room.processor.NonEntityOrViewProcessor.process(EntityOrViewProcessor.kt:49)
	at androidx.room.processor.PojoProcessor.processRelationField(PojoProcessor.kt:540)
	at androidx.room.processor.PojoProcessor.doProcess(PojoProcessor.kt:205)
	at androidx.room.processor.PojoProcessor.access$doProcess(PojoProcessor.kt:56)
	at androidx.room.processor.PojoProcessor$process$1.invoke(PojoProcessor.kt:112)
	at androidx.room.processor.PojoProcessor$process$1.invoke(PojoProcessor.kt:109)
	at androidx.room.processor.cache.Cache$Bucket.get(Cache.kt:53)
	at androidx.room.processor.PojoProcessor.process(PojoProcessor.kt:109)
	at androidx.room.processor.NonEntityOrViewProcessor.process(EntityOrViewProcessor.kt:49)
	at androidx.room.processor.PojoProcessor.processRelationField(PojoProcessor.kt:540)
	at androidx.room.processor.PojoProcessor.doProcess(PojoProcessor.kt:205)
	at androidx.room.processor.PojoProcessor.access$doProcess(PojoProcessor.kt:56)
	at androidx.room.processor.PojoProcessor$process$1.invoke(PojoProcessor.kt:112)
	at androidx.room.processor.PojoProcessor$process$1.invoke(PojoProcessor.kt:109)
	at androidx.room.processor.cache.Cache$Bucket.get(Cache.kt:53)
	at androidx.room.processor.PojoProcessor.process(PojoProcessor.kt:109)
	at androidx.room.processor.NonEntityOrViewProcessor.process(EntityOrViewProcessor.kt:49)
	at androidx.room.processor.PojoProcessor.processRelationField(PojoProcessor.kt:540)
	at androidx.room.processor.PojoProcessor.doProcess(PojoProcessor.kt:205)
	at androidx.room.processor.PojoProcessor.access$doProcess(PojoProcessor.kt:56)
	at androidx.room.processor.PojoProcessor$process$1.invoke(PojoProcessor.kt:112)
	at androidx.room.processor.PojoProcessor$process$1.invoke(PojoProcessor.kt:109)
	at androidx.room.processor.cache.Cache$Bucket.get(Cache.kt:53)
	at androidx.room.processor.PojoProcessor.process(PojoProcessor.kt:109)
	at androidx.room.processor.NonEntityOrViewProcessor.process(EntityOrViewProcessor.kt:49)
	at androidx.room.processor.PojoProcessor.processRelationField(PojoProcessor.kt:540)
	at androidx.room.processor.PojoProcessor.doProcess(PojoProcessor.kt:205)
	at androidx.room.processor.PojoProcessor.access$doProcess(PojoProcessor.kt:56)
	at androidx.room.processor.PojoProcessor$process$1.invoke(PojoProcessor.kt:112)
	at androidx.room.processor.PojoProcessor$process$1.invoke(PojoProcessor.kt:109)
	at androidx.room.processor.cache.Cache$Bucket.get(Cache.kt:53)
	at androidx.room.processor.PojoProcessor.process(PojoProcessor.kt:109)
	at androidx.room.processor.NonEntityOrViewProcessor.process(EntityOrViewProcessor.kt:49)
	at androidx.room.processor.PojoProcessor.processRelationField(PojoProcessor.kt:540)
	at androidx.room.processor.PojoProcessor.doProcess(PojoProcessor.kt:205)
	at androidx.room.processor.PojoProcessor.access$doProcess(PojoProcessor.kt:56)
	at androidx.room.processor.PojoProcessor$process$1.invoke(PojoProcessor.kt:112)
	at androidx.room.processor.PojoProcessor$process$1.invoke(PojoProcessor.kt:109)
	at androidx.room.processor.cache.Cache$Bucket.get(Cache.kt:53)
	at androidx.room.processor.PojoProcessor.process(PojoProcessor.kt:109)
	at androidx.room.processor.NonEntityOrViewProcessor.process(EntityOrViewProcessor.kt:49)
	at androidx.room.processor.PojoProcessor.processRelationField(PojoProcessor.kt:540)
	at androidx.room.processor.PojoProcessor.doProcess(PojoProcessor.kt:205)
	at androidx.room.processor.PojoProcessor.access$doProcess(PojoProcessor.kt:56)
	at androidx.room.processor.PojoProcessor$process$1.invoke(PojoProcessor.kt:112)
	at androidx.room.processor.PojoProcessor$process$1.invoke(PojoProcessor.kt:109)
	at androidx.room.processor.cache.Cache$Bucket.get(Cache.kt:53)
	at androidx.room.processor.PojoProcessor.process(PojoProcessor.kt:109)
	at androidx.room.processor.NonEntityOrViewProcessor.process(EntityOrViewProcessor.kt:49)
	at androidx.room.processor.PojoProcessor.processRelationField(PojoProcessor.kt:540)
	at androidx.room.processor.PojoProcessor.doProcess(PojoProcessor.kt:205)
	at androidx.room.processor.PojoProcessor.access$doProcess(PojoProcessor.kt:56)
	at androidx.room.processor.PojoProcessor$process$1.invoke(PojoProcessor.kt:112)
	at androidx.room.processor.PojoProcessor$process$1.invoke(PojoProcessor.kt:109)
	at androidx.room.processor.cache.Cache$Bucket.get(Cache.kt:53)
	at androidx.room.processor.PojoProcessor.process(PojoProcessor.kt:109)
	at androidx.room.processor.NonEntityOrViewProcessor.process(EntityOrViewProcessor.kt:49)
	at androidx.room.processor.PojoProcessor.processRelationField(PojoProcessor.kt:540)
	at androidx.room.processor.PojoProcessor.doProcess(PojoProcessor.kt:205)
	at androidx.room.processor.PojoProcessor.access$doProcess(PojoProcessor.kt:56)
	at androidx.room.processor.PojoProcessor$process$1.invoke(PojoProcessor.kt:112)
	at androidx.room.processor.PojoProcessor$process$1.invoke(PojoProcessor.kt:109)
	at androidx.room.processor.cache.Cache$Bucket.get(Cache.kt:53)
	at androidx.room.processor.PojoProcessor.process(PojoProcessor.kt:109)
	at androidx.room.processor.NonEntityOrViewProcessor.process(EntityOrViewProcessor.kt:49)
	at androidx.room.processor.PojoProcessor.processRelationField(PojoProcessor.kt:540)
	at androidx.room.processor.PojoProcessor.doProcess(PojoProcessor.kt:205)
	at androidx.room.processor.PojoProcessor.access$doProcess(PojoProcessor.kt:56)
	at androidx.room.processor.PojoProcessor$process$1.invoke(PojoProcessor.kt:112)
	at androidx.room.processor.PojoProcessor$process$1.invoke(PojoProcessor.kt:109)
	at androidx.room.processor.cache.Cache$Bucket.get(Cache.kt:53)
	at androidx.room.processor.PojoProcessor.process(PojoProcessor.kt:109)
	at androidx.room.processor.NonEntityOrViewProcessor.process(EntityOrViewProcessor.kt:49)
	at androidx.room.processor.PojoProcessor.processRelationField(PojoProcessor.kt:540)
	at androidx.room.processor.PojoProcessor.doProcess(PojoProcessor.kt:205)
	at androidx.room.processor.PojoProcessor.access$doProcess(PojoProcessor.kt:56)
	at androidx.room.processor.PojoProcessor$process$1.invoke(PojoProcessor.kt:112)
	at androidx.room.processor.PojoProcessor$process$1.invoke(PojoProcessor.kt:109)
	at androidx.room.processor.cache.Cache$Bucket.get(Cache.kt:53)
	at androidx.room.processor.PojoProcessor.process(PojoProcessor.kt:109)
	at androidx.room.processor.NonEntityOrViewProcessor.process(EntityOrViewProcessor.kt:49)
	at androidx.room.processor.PojoProcessor.processRelationField(PojoProcessor.kt:540)
	at androidx.room.processor.PojoProcessor.doProcess(PojoProcessor.kt:205)
	at androidx.room.processor.PojoProcessor.access$doProcess(PojoProcessor.kt:56)
	at androidx.room.processor.PojoProcessor$process$1.invoke(PojoProcessor.kt:112)
	at androidx.room.processor.PojoProcessor$process$1.invoke(PojoProcessor.kt:109)
	at androidx.room.processor.cache.Cache$Bucket.get(Cache.kt:53)
	at androidx.room.processor.PojoProcessor.process(PojoProcessor.kt:109)
	at androidx.room.processor.NonEntityOrViewProcessor.process(EntityOrViewProcessor.kt:49)
	at androidx.room.processor.PojoProcessor.processRelationField(PojoProcessor.kt:540)
	at androidx.room.processor.PojoProcessor.doProcess(PojoProcessor.kt:205)
	at androidx.room.processor.PojoProcessor.access$doProcess(PojoProcessor.kt:56)
	at androidx.room.processor.PojoProcessor$process$1.invoke(PojoProcessor.kt:112)
	at androidx.room.processor.PojoProcessor$process$1.invoke(PojoProcessor.kt:109)
	at androidx.room.processor.cache.Cache$Bucket.get(Cache.kt:53)
	at androidx.room.processor.PojoProcessor.process(PojoProcessor.kt:109)
	at androidx.room.processor.NonEntityOrViewProcessor.process(EntityOrViewProcessor.kt:49)
	at androidx.room.processor.PojoProcessor.processRelationField(PojoProcessor.kt:540)
	at androidx.room.processor.PojoProcessor.doProcess(PojoProcessor.kt:205)
	at androidx.room.processor.PojoProcessor.access$doProcess(PojoProcessor.kt:56)
	at androidx.room.processor.PojoProcessor$process$1.invoke(PojoProcessor.kt:112)
	at androidx.room.processor.PojoProcessor$process$1.invoke(PojoProcessor.kt:109)
	at androidx.room.processor.cache.Cache$Bucket.get(Cache.kt:53)
	at androidx.room.processor.PojoProcessor.process(PojoProcessor.kt:109)
	at androidx.room.processor.NonEntityOrViewProcessor.process(EntityOrViewProcessor.kt:49)
	at androidx.room.processor.PojoProcessor.processRelationField(PojoProcessor.kt:540)
	at androidx.room.processor.PojoProcessor.doProcess(PojoProcessor.kt:205)
	at androidx.room.processor.PojoProcessor.access$doProcess(PojoProcessor.kt:56)
	at androidx.room.processor.PojoProcessor$process$1.invoke(PojoProcessor.kt:112)
	at androidx.room.processor.PojoProcessor$process$1.invoke(PojoProcessor.kt:109)
	at androidx.room.processor.cache.Cache$Bucket.get(Cache.kt:53)
	at androidx.room.processor.PojoProcessor.process(PojoProcessor.kt:109)
	at androidx.room.processor.NonEntityOrViewProcessor.process(EntityOrViewProcessor.kt:49)
	at androidx.room.processor.PojoProcessor.processRelationField(PojoProcessor.kt:540)
	at androidx.room.processor.PojoProcessor.doProcess(PojoProcessor.kt:205)
	at androidx.room.processor.PojoProcessor.access$doProcess(PojoProcessor.kt:56)
	at androidx.room.processor.PojoProcessor$process$1.invoke(PojoProcessor.kt:112)
	at androidx.room.processor.PojoProcessor$process$1.invoke(PojoProcessor.kt:109)
	at androidx.room.processor.cache.Cache$Bucket.get(Cache.kt:53)
	at androidx.room.processor.PojoProcessor.process(PojoProcessor.kt:109)
	at androidx.room.processor.NonEntityOrViewProcessor.process(EntityOrViewProcessor.kt:49)
	at androidx.room.processor.PojoProcessor.processRelationField(PojoProcessor.kt:540)
	at androidx.room.processor.PojoProcessor.doProcess(PojoProcessor.kt:205)
	at androidx.room.processor.PojoProcessor.access$doProcess(PojoProcessor.kt:56)
	at androidx.room.processor.PojoProcessor$process$1.invoke(PojoProcessor.kt:112)
	at androidx.room.processor.PojoProcessor$process$1.invoke(PojoProcessor.kt:109)
	at androidx.room.processor.cache.Cache$Bucket.get(Cache.kt:53)
	at androidx.room.processor.PojoProcessor.process(PojoProcessor.kt:109)
	at androidx.room.processor.NonEntityOrViewProcessor.process(EntityOrViewProcessor.kt:49)
	at androidx.room.processor.PojoProcessor.processRelationField(PojoProcessor.kt:540)
	at androidx.room.processor.PojoProcessor.doProcess(PojoProcessor.kt:205)
	at androidx.room.processor.PojoProcessor.access$doProcess(PojoProcessor.kt:56)
	at androidx.room.processor.PojoProcessor$process$1.invoke(PojoProcessor.kt:112)
	at androidx.room.processor.PojoProcessor$process$1.invoke(PojoProcessor.kt:109)
	at androidx.room.processor.cache.Cache$Bucket.get(Cache.kt:53)
	at androidx.room.processor.PojoProcessor.process(PojoProcessor.kt:109)
	at androidx.room.processor.NonEntityOrViewProcessor.process(EntityOrViewProcessor.kt:49)
	at androidx.room.processor.PojoProcessor.processRelationField(PojoProcessor.kt:540)
	at androidx.room.processor.PojoProcessor.doProcess(PojoProcessor.kt:205)
	at androidx.room.processor.PojoProcessor.access$doProcess(PojoProcessor.kt:56)
	at androidx.room.processor.PojoProcessor$process$1.invoke(PojoProcessor.kt:112)
	at androidx.room.processor.PojoProcessor$process$1.invoke(PojoProcessor.kt:109)
	at androidx.room.processor.cache.Cache$Bucket.get(Cache.kt:53)
	at androidx.room.processor.PojoProcessor.process(PojoProcessor.kt:109)
	at androidx.room.processor.NonEntityOrViewProcessor.process(EntityOrViewProcessor.kt:49)
	at androidx.room.processor.PojoProcessor.processRelationField(PojoProcessor.kt:540)
	at androidx.room.processor.PojoProcessor.doProcess(PojoProcessor.kt:205)
	at androidx.room.processor.PojoProcessor.access$doProcess(PojoProcessor.kt:56)
	at androidx.room.processor.PojoProcessor$process$1.invoke(PojoProcessor.kt:112)
	at androidx.room.processor.PojoProcessor$process$1.invoke(PojoProcessor.kt:109)
	at androidx.room.processor.cache.Cache$Bucket.get(Cache.kt:53)
	at androidx.room.processor.PojoProcessor.process(PojoProcessor.kt:109)
	at androidx.room.processor.NonEntityOrViewProcessor.process(EntityOrViewProcessor.kt:49)
	at androidx.room.processor.PojoProcessor.processRelationField(PojoProcessor.kt:540)
	at androidx.room.processor.PojoProcessor.doProcess(PojoProcessor.kt:205)
	at androidx.room.processor.PojoProcessor.access$doProcess(PojoProcessor.kt:56)
	at androidx.room.processor.PojoProcessor$process$1.invoke(PojoProcessor.kt:112)
	at androidx.room.processor.PojoProcessor$process$1.invoke(PojoProcessor.kt:109)
	at androidx.room.processor.cache.Cache$Bucket.get(Cache.kt:53)
	at androidx.room.processor.PojoProcessor.process(PojoProcessor.kt:109)
	at androidx.room.processor.NonEntityOrViewProcessor.process(EntityOrViewProcessor.kt:49)
	at androidx.room.processor.PojoProcessor.processRelationField(PojoProcessor.kt:540)
	at androidx.room.processor.PojoProcessor.doProcess(PojoProcessor.kt:205)
	at androidx.room.processor.PojoProcessor.access$doProcess(PojoProcessor.kt:56)
	at androidx.room.processor.PojoProcessor$process$1.invoke(PojoProcessor.kt:112)
	at androidx.room.processor.PojoProcessor$process$1.invoke(PojoProcessor.kt:109)
	at androidx.room.processor.cache.Cache$Bucket.get(Cache.kt:53)
	at androidx.room.processor.PojoProcessor.process(PojoProcessor.kt:109)
	at androidx.room.processor.NonEntityOrViewProcessor.process(EntityOrViewProcessor.kt:49)
	at androidx.room.processor.PojoProcessor.processRelationField(PojoProcessor.kt:540)
	at androidx.room.processor.PojoProcessor.doProcess(PojoProcessor.kt:205)
	at androidx.room.processor.PojoProcessor.access$doProcess(PojoProcessor.kt:56)
	at androidx.room.processor.PojoProcessor$process$1.invoke(PojoProcessor.kt:112)
	at androidx.room.processor.PojoProcessor$process$1.invoke(PojoProcessor.kt:109)
	at androidx.room.processor.cache.Cache$Bucket.get(Cache.kt:53)
	at androidx.room.processor.PojoProcessor.process(PojoProcessor.kt:109)
	at androidx.room.processor.NonEntityOrViewProcessor.process(EntityOrViewProcessor.kt:49)
	at androidx.room.processor.PojoProcessor.processRelationField(PojoProcessor.kt:540)
	at androidx.room.processor.PojoProcessor.doProcess(PojoProcessor.kt:205)
	at androidx.room.processor.PojoProcessor.access$doProcess(PojoProcessor.kt:56)
	at androidx.room.processor.PojoProcessor$process$1.invoke(PojoProcessor.kt:112)
	at androidx.room.processor.PojoProcessor$process$1.invoke(PojoProcessor.kt:109)
	at androidx.room.processor.cache.Cache$Bucket.get(Cache.kt:53)
	at androidx.room.processor.PojoProcessor.process(PojoProcessor.kt:109)
	at androidx.room.processor.NonEntityOrViewProcessor.process(EntityOrViewProcessor.kt:49)
	at androidx.room.processor.PojoProcessor.processRelationField(PojoProcessor.kt:540)
	at androidx.room.processor.PojoProcessor.doProcess(PojoProcessor.kt:205)
	at androidx.room.processor.PojoProcessor.access$doProcess(PojoProcessor.kt:56)
	at androidx.room.processor.PojoProcessor$process$1.invoke(PojoProcessor.kt:112)
	at androidx.room.processor.PojoProcessor$process$1.invoke(PojoProcessor.kt:109)
	at androidx.room.processor.cache.Cache$Bucket.get(Cache.kt:53)
	at androidx.room.processor.PojoProcessor.process(PojoProcessor.kt:109)
	at androidx.room.processor.NonEntityOrViewProcessor.process(EntityOrViewProcessor.kt:49)
	at androidx.room.processor.PojoProcessor.processRelationField(PojoProcessor.kt:540)
	at androidx.room.processor.PojoProcessor.doProcess(PojoProcessor.kt:205)
	at androidx.room.processor.PojoProcessor.access$doProcess(PojoProcessor.kt:56)
	at androidx.room.processor.PojoProcessor$process$1.invoke(PojoProcessor.kt:112)
	at androidx.room.processor.PojoProcessor$process$1.invoke(PojoProcessor.kt:109)
	at androidx.room.processor.cache.Cache$Bucket.get(Cache.kt:53)
	at androidx.room.processor.PojoProcessor.process(PojoProcessor.kt:109)
	at androidx.room.processor.NonEntityOrViewProcessor.process(EntityOrViewProcessor.kt:49)
	at androidx.room.processor.PojoProcessor.processRelationField(PojoProcessor.kt:540)
	at androidx.room.processor.PojoProcessor.doProcess(PojoProcessor.kt:205)
	at androidx.room.processor.PojoProcessor.access$doProcess(PojoProcessor.kt:56)
	at androidx.room.processor.PojoProcessor$process$1.invoke(PojoProcessor.kt:112)
	at androidx.room.processor.PojoProcessor$process$1.invoke(PojoProcessor.kt:109)
	at androidx.room.processor.cache.Cache$Bucket.get(Cache.kt:53)
	at androidx.room.processor.PojoProcessor.process(PojoProcessor.kt:109)
	at androidx.room.processor.NonEntityOrViewProcessor.process(EntityOrViewProcessor.kt:49)
	at androidx.room.processor.PojoProcessor.processRelationField(PojoProcessor.kt:540)
	at androidx.room.processor.PojoProcessor.doProcess(PojoProcessor.kt:205)
	at androidx.room.processor.PojoProcessor.access$doProcess(PojoProcessor.kt:56)
	at androidx.room.processor.PojoProcessor$process$1.invoke(PojoProcessor.kt:112)
	at androidx.room.processor.PojoProcessor$process$1.invoke(PojoProcessor.kt:109)
	at androidx.room.processor.cache.Cache$Bucket.get(Cache.kt:53)
	at androidx.room.processor.PojoProcessor.process(PojoProcessor.kt:109)
	at androidx.room.processor.NonEntityOrViewProcessor.process(EntityOrViewProcessor.kt:49)
	at androidx.room.processor.PojoProcessor.processRelationField(PojoProcessor.kt:540)
	at androidx.room.processor.PojoProcessor.doProcess(PojoProcessor.kt:205)
	at androidx.room.processor.PojoProcessor.access$doProcess(PojoProcessor.kt:56)
	at androidx.room.processor.PojoProcessor$process$1.invoke(PojoProcessor.kt:112)
	at androidx.room.processor.PojoProcessor$process$1.invoke(PojoProcessor.kt:109)
	at androidx.room.processor.cache.Cache$Bucket.get(Cache.kt:53)
	at androidx.room.processor.PojoProcessor.process(PojoProcessor.kt:109)
	at androidx.room.processor.NonEntityOrViewProcessor.process(EntityOrViewProcessor.kt:49)
	at androidx.room.processor.PojoProcessor.processRelationField(PojoProcessor.kt:540)
	at androidx.room.processor.PojoProcessor.doProcess(PojoProcessor.kt:205)
	at androidx.room.processor.PojoProcessor.access$doProcess(PojoProcessor.kt:56)
	at androidx.room.processor.PojoProcessor$process$1.invoke(PojoProcessor.kt:112)
	at androidx.room.processor.PojoProcessor$process$1.invoke(PojoProcessor.kt:109)
	at androidx.room.processor.cache.Cache$Bucket.get(Cache.kt:53)
	at androidx.room.processor.PojoProcessor.process(PojoProcessor.kt:109)
	at androidx.room.processor.NonEntityOrViewProcessor.process(EntityOrViewProcessor.kt:49)
	at androidx.room.processor.PojoProcessor.processRelationField(PojoProcessor.kt:540)
	at androidx.room.processor.PojoProcessor.doProcess(PojoProcessor.kt:205)
	at androidx.room.processor.PojoProcessor.access$doProcess(PojoProcessor.kt:56)
	at androidx.room.processor.PojoProcessor$process$1.invoke(PojoProcessor.kt:112)
	at androidx.room.processor.PojoProcessor$process$1.invoke(PojoProcessor.kt:109)
	at androidx.room.processor.cache.Cache$Bucket.get(Cache.kt:53)
	at androidx.room.processor.PojoProcessor.process(PojoProcessor.kt:109)
	at androidx.room.processor.NonEntityOrViewProcessor.process(EntityOrViewProcessor.kt:49)
	at androidx.room.processor.PojoProcessor.processRelationField(PojoProcessor.kt:540)
	at androidx.room.processor.PojoProcessor.doProcess(PojoProcessor.kt:205)
	at androidx.room.processor.PojoProcessor.access$doProcess(PojoProcessor.kt:56)
	at androidx.room.processor.PojoProcessor$process$1.invoke(PojoProcessor.kt:112)
	at androidx.room.processor.PojoProcessor$process$1.invoke(PojoProcessor.kt:109)
	at androidx.room.processor.cache.Cache$Bucket.get(Cache.kt:53)
	at androidx.room.processor.PojoProcessor.process(PojoProcessor.kt:109)
	at androidx.room.processor.NonEntityOrViewProcessor.process(EntityOrViewProcessor.kt:49)
	at androidx.room.processor.PojoProcessor.processRelationField(PojoProcessor.kt:540)
	at androidx.room.processor.PojoProcessor.doProcess(PojoProcessor.kt:205)
	at androidx.room.processor.PojoProcessor.access$doProcess(PojoProcessor.kt:56)
	at androidx.room.processor.PojoProcessor$process$1.invoke(PojoProcessor.kt:112)
	at androidx.room.processor.PojoProcessor$process$1.invoke(PojoProcessor.kt:109)
	at androidx.room.processor.cache.Cache$Bucket.get(Cache.kt:53)
	at androidx.room.processor.PojoProcessor.process(PojoProcessor.kt:109)
	at androidx.room.processor.NonEntityOrViewProcessor.process(EntityOrViewProcessor.kt:49)
	at androidx.room.processor.PojoProcessor.processRelationField(PojoProcessor.kt:540)
	at androidx.room.processor.PojoProcessor.doProcess(PojoProcessor.kt:205)
	at androidx.room.processor.PojoProcessor.access$doProcess(PojoProcessor.kt:56)
	at androidx.room.processor.PojoProcessor$process$1.invoke(PojoProcessor.kt:112)
	at androidx.room.processor.PojoProcessor$process$1.invoke(PojoProcessor.kt:109)
	at androidx.room.processor.cache.Cache$Bucket.get(Cache.kt:53)
	at androidx.room.processor.PojoProcessor.process(PojoProcessor.kt:109)
	at androidx.room.processor.NonEntityOrViewProcessor.process(EntityOrViewProcessor.kt:49)
	at androidx.room.processor.PojoProcessor.processRelationField(PojoProcessor.kt:540)
	at androidx.room.processor.PojoProcessor.doProcess(PojoProcessor.kt:205)
	at androidx.room.processor.PojoProcessor.access$doProcess(PojoProcessor.kt:56)
	at androidx.room.processor.PojoProcessor$process$1.invoke(PojoProcessor.kt:112)
	at androidx.room.processor.PojoProcessor$process$1.invoke(PojoProcessor.kt:109)
	at androidx.room.processor.cache.Cache$Bucket.get(Cache.kt:53)
	at androidx.room.processor.PojoProcessor.process(PojoProcessor.kt:109)
	at androidx.room.processor.NonEntityOrViewProcessor.process(EntityOrViewProcessor.kt:49)
	at androidx.room.processor.PojoProcessor.processRelationField(PojoProcessor.kt:540)
	at androidx.room.processor.PojoProcessor.doProcess(PojoProcessor.kt:205)
	at androidx.room.processor.PojoProcessor.access$doProcess(PojoProcessor.kt:56)
	at androidx.room.processor.PojoProcessor$process$1.invoke(PojoProcessor.kt:112)
	at androidx.room.processor.PojoProcessor$process$1.invoke(PojoProcessor.kt:109)
	at androidx.room.processor.cache.Cache$Bucket.get(Cache.kt:53)
	at androidx.room.processor.PojoProcessor.process(PojoProcessor.kt:109)
	at androidx.room.processor.NonEntityOrViewProcessor.process(EntityOrViewProcessor.kt:49)
	at androidx.room.processor.PojoProcessor.processRelationField(PojoProcessor.kt:540)
	at androidx.room.processor.PojoProcessor.doProcess(PojoProcessor.kt:205)
	at androidx.room.processor.PojoProcessor.access$doProcess(PojoProcessor.kt:56)
	at androidx.room.processor.PojoProcessor$process$1.invoke(PojoProcessor.kt:112)
	at androidx.room.processor.PojoProcessor$process$1.invoke(PojoProcessor.kt:109)
	at androidx.room.processor.cache.Cache$Bucket.get(Cache.kt:53)
	at androidx.room.processor.PojoProcessor.process(PojoProcessor.kt:109)
	at androidx.room.processor.NonEntityOrViewProcessor.process(EntityOrViewProcessor.kt:49)
	at androidx.room.processor.PojoProcessor.processRelationField(PojoProcessor.kt:540)
	at androidx.room.processor.PojoProcessor.doProcess(PojoProcessor.kt:205)
	at androidx.room.processor.PojoProcessor.access$doProcess(PojoProcessor.kt:56)
	at androidx.room.processor.PojoProcessor$process$1.invoke(PojoProcessor.kt:112)
	at androidx.room.processor.PojoProcessor$process$1.invoke(PojoProcessor.kt:109)
	at androidx.room.processor.cache.Cache$Bucket.get(Cache.kt:53)
	at androidx.room.processor.PojoProcessor.process(PojoProcessor.kt:109)
	at androidx.room.processor.NonEntityOrViewProcessor.process(EntityOrViewProcessor.kt:49)
	at androidx.room.processor.PojoProcessor.processRelationField(PojoProcessor.kt:540)
	at androidx.room.processor.PojoProcessor.doProcess(PojoProcessor.kt:205)
	at androidx.room.processor.PojoProcessor.access$doProcess(PojoProcessor.kt:56)
	at androidx.room.processor.PojoProcessor$process$1.invoke(PojoProcessor.kt:112)
	at androidx.room.processor.PojoProcessor$process$1.invoke(PojoProcessor.kt:109)
	at androidx.room.processor.cache.Cache$Bucket.get(Cache.kt:53)
	at androidx.room.processor.PojoProcessor.process(PojoProcessor.kt:109)
	at androidx.room.processor.NonEntityOrViewProcessor.process(EntityOrViewProcessor.kt:49)
	at androidx.room.processor.PojoProcessor.processRelationField(PojoProcessor.kt:540)
	at androidx.room.processor.PojoProcessor.doProcess(PojoProcessor.kt:205)
	at androidx.room.processor.PojoProcessor.access$doProcess(PojoProcessor.kt:56)
	at androidx.room.processor.PojoProcessor$process$1.invoke(PojoProcessor.kt:112)
	at androidx.room.processor.PojoProcessor$process$1.invoke(PojoProcessor.kt:109)
	at androidx.room.processor.cache.Cache$Bucket.get(Cache.kt:53)
	at androidx.room.processor.PojoProcessor.process(PojoProcessor.kt:109)
	at androidx.room.processor.NonEntityOrViewProcessor.process(EntityOrViewProcessor.kt:49)
	at androidx.room.processor.PojoProcessor.processRelationField(PojoProcessor.kt:540)
	at androidx.room.processor.PojoProcessor.doProcess(PojoProcessor.kt:205)
	at androidx.room.processor.PojoProcessor.access$doProcess(PojoProcessor.kt:56)
	at androidx.room.processor.PojoProcessor$process$1.invoke(PojoProcessor.kt:112)
	at androidx.room.processor.PojoProcessor$process$1.invoke(PojoProcessor.kt:109)
	at androidx.room.processor.cache.Cache$Bucket.get(Cache.kt:53)
	at androidx.room.processor.PojoProcessor.process(PojoProcessor.kt:109)
	at androidx.room.processor.NonEntityOrViewProcessor.process(EntityOrViewProcessor.kt:49)
	at androidx.room.processor.PojoProcessor.processRelationField(PojoProcessor.kt:540)
	at androidx.room.processor.PojoProcessor.doProcess(PojoProcessor.kt:205)
	at androidx.room.processor.PojoProcessor.access$doProcess(PojoProcessor.kt:56)
	at androidx.room.processor.PojoProcessor$process$1.invoke(PojoProcessor.kt:112)
	at androidx.room.processor.PojoProcessor$process$1.invoke(PojoProcessor.kt:109)
	at androidx.room.processor.cache.Cache$Bucket.get(Cache.kt:53)
	at androidx.room.processor.PojoProcessor.process(PojoProcessor.kt:109)
	at androidx.room.processor.NonEntityOrViewProcessor.process(EntityOrViewProcessor.kt:49)
	at androidx.room.processor.PojoProcessor.processRelationField(PojoProcessor.kt:540)
	at androidx.room.processor.PojoProcessor.doProcess(PojoProcessor.kt:205)
	at androidx.room.processor.PojoProcessor.access$doProcess(PojoProcessor.kt:56)
	at androidx.room.processor.PojoProcessor$process$1.invoke(PojoProcessor.kt:112)
	at androidx.room.processor.PojoProcessor$process$1.invoke(PojoProcessor.kt:109)
	at androidx.room.processor.cache.Cache$Bucket.get(Cache.kt:53)
	at androidx.room.processor.PojoProcessor.process(PojoProcessor.kt:109)
	at androidx.room.processor.NonEntityOrViewProcessor.process(EntityOrViewProcessor.kt:49)
	at androidx.room.processor.PojoProcessor.processRelationField(PojoProcessor.kt:540)
	at androidx.room.processor.PojoProcessor.doProcess(PojoProcessor.kt:205)
	at androidx.room.processor.PojoProcessor.access$doProcess(PojoProcessor.kt:56)
	at androidx.room.processor.PojoProcessor$process$1.invoke(PojoProcessor.kt:112)
	at androidx.room.processor.PojoProcessor$process$1.invoke(PojoProcessor.kt:109)
	at androidx.room.processor.cache.Cache$Bucket.get(Cache.kt:53)
	at androidx.room.processor.PojoProcessor.process(PojoProcessor.kt:109)
	at androidx.room.processor.NonEntityOrViewProcessor.process(EntityOrViewProcessor.kt:49)
	at androidx.room.processor.PojoProcessor.processRelationField(PojoProcessor.kt:540)
	at androidx.room.processor.PojoProcessor.doProcess(PojoProcessor.kt:205)
	at androidx.room.processor.PojoProcessor.access$doProcess(PojoProcessor.kt:56)
	at androidx.room.processor.PojoProcessor$process$1.invoke(PojoProcessor.kt:112)
	at androidx.room.processor.PojoProcessor$process$1.invoke(PojoProcessor.kt:109)
	at androidx.room.processor.cache.Cache$Bucket.get(Cache.kt:53)
	at androidx.room.processor.PojoProcessor.process(PojoProcessor.kt:109)
	at androidx.room.processor.NonEntityOrViewProcessor.process(EntityOrViewProcessor.kt:49)
	at androidx.room.processor.PojoProcessor.processRelationField(PojoProcessor.kt:540)
	at androidx.room.processor.PojoProcessor.doProcess(PojoProcessor.kt:205)
	at androidx.room.processor.PojoProcessor.access$doProcess(PojoProcessor.kt:56)
	at androidx.room.processor.PojoProcessor$process$1.invoke(PojoProcessor.kt:112)
	at androidx.room.processor.PojoProcessor$process$1.invoke(PojoProcessor.kt:109)
	at androidx.room.processor.cache.Cache$Bucket.get(Cache.kt:53)
	at androidx.room.processor.PojoProcessor.process(PojoProcessor.kt:109)
	at androidx.room.processor.NonEntityOrViewProcessor.process(EntityOrViewProcessor.kt:49)
	at androidx.room.processor.PojoProcessor.processRelationField(PojoProcessor.kt:540)
	at androidx.room.processor.PojoProcessor.doProcess(PojoProcessor.kt:205)
	at androidx.room.processor.PojoProcessor.access$doProcess(PojoProcessor.kt:56)
	at androidx.room.processor.PojoProcessor$process$1.invoke(PojoProcessor.kt:112)
	at androidx.room.processor.PojoProcessor$process$1.invoke(PojoProcessor.kt:109)
	at androidx.room.processor.cache.Cache$Bucket.get(Cache.kt:53)
	at androidx.room.processor.PojoProcessor.process(PojoProcessor.kt:109)
	at androidx.room.processor.NonEntityOrViewProcessor.process(EntityOrViewProcessor.kt:49)
	at androidx.room.processor.PojoProcessor.processRelationField(PojoProcessor.kt:540)
	at androidx.room.processor.PojoProcessor.doProcess(PojoProcessor.kt:205)
	at androidx.room.processor.PojoProcessor.access$doProcess(PojoProcessor.kt:56)
	at androidx.room.processor.PojoProcessor$process$1.invoke(PojoProcessor.kt:112)
	at androidx.room.processor.PojoProcessor$process$1.invoke(PojoProcessor.kt:109)
	at androidx.room.processor.cache.Cache$Bucket.get(Cache.kt:53)
	at androidx.room.processor.PojoProcessor.process(PojoProcessor.kt:109)
	at androidx.room.processor.NonEntityOrViewProcessor.process(EntityOrViewProcessor.kt:49)
	at androidx.room.processor.PojoProcessor.processRelationField(PojoProcessor.kt:540)
	at androidx.room.processor.PojoProcessor.doProcess(PojoProcessor.kt:205)
	at androidx.room.processor.PojoProcessor.access$doProcess(PojoProcessor.kt:56)
	at androidx.room.processor.PojoProcessor$process$1.invoke(PojoProcessor.kt:112)
	at androidx.room.processor.PojoProcessor$process$1.invoke(PojoProcessor.kt:109)
	at androidx.room.processor.cache.Cache$Bucket.get(Cache.kt:53)
	at androidx.room.processor.PojoProcessor.process(PojoProcessor.kt:109)
	at androidx.room.processor.NonEntityOrViewProcessor.process(EntityOrViewProcessor.kt:49)
	at androidx.room.processor.PojoProcessor.processRelationField(PojoProcessor.kt:540)
	at androidx.room.processor.PojoProcessor.doProcess(PojoProcessor.kt:205)
	at androidx.room.processor.PojoProcessor.access$doProcess(PojoProcessor.kt:56)
	at androidx.room.processor.PojoProcessor$process$1.invoke(PojoProcessor.kt:112)
	at androidx.room.processor.PojoProcessor$process$1.invoke(PojoProcessor.kt:109)
	at androidx.room.processor.cache.Cache$Bucket.get(Cache.kt:53)
	at androidx.room.processor.PojoProcessor.process(PojoProcessor.kt:109)
	at androidx.room.processor.NonEntityOrViewProcessor.process(EntityOrViewProcessor.kt:49)
	at androidx.room.processor.PojoProcessor.processRelationField(PojoProcessor.kt:540)
	at androidx.room.processor.PojoProcessor.doProcess(PojoProcessor.kt:205)
	at androidx.room.processor.PojoProcessor.access$doProcess(PojoProcessor.kt:56)
	at androidx.room.processor.PojoProcessor$process$1.invoke(PojoProcessor.kt:112)
	at androidx.room.processor.PojoProcessor$process$1.invoke(PojoProcessor.kt:109)
	at androidx.room.processor.cache.Cache$Bucket.get(Cache.kt:53)
	at androidx.room.processor.PojoProcessor.process(PojoProcessor.kt:109)
	at androidx.room.processor.NonEntityOrViewProcessor.process(EntityOrViewProcessor.kt:49)
	at androidx.room.processor.PojoProcessor.processRelationField(PojoProcessor.kt:540)
	at androidx.room.processor.PojoProcessor.doProcess(PojoProcessor.kt:205)
	at androidx.room.processor.PojoProcessor.access$doProcess(PojoProcessor.kt:56)
	at androidx.room.processor.PojoProcessor$process$1.invoke(PojoProcessor.kt:112)
	at androidx.room.processor.PojoProcessor$process$1.invoke(PojoProcessor.kt:109)
	at androidx.room.processor.cache.Cache$Bucket.get(Cache.kt:53)
	at androidx.room.processor.PojoProcessor.process(PojoProcessor.kt:109)
	at androidx.room.processor.NonEntityOrViewProcessor.process(EntityOrViewProcessor.kt:49)
	at androidx.room.processor.PojoProcessor.processRelationField(PojoProcessor.kt:540)
	at androidx.room.processor.PojoProcessor.doProcess(PojoProcessor.kt:205)
	at androidx.room.processor.PojoProcessor.access$doProcess(PojoProcessor.kt:56)
	at androidx.room.processor.PojoProcessor$process$1.invoke(PojoProcessor.kt:112)
	at androidx.room.processor.PojoProcessor$process$1.invoke(PojoProcessor.kt:109)
	at androidx.room.processor.cache.Cache$Bucket.get(Cache.kt:53)
	at androidx.room.processor.PojoProcessor.process(PojoProcessor.kt:109)
	at androidx.room.processor.NonEntityOrViewProcessor.process(EntityOrViewProcessor.kt:49)
	at androidx.room.processor.PojoProcessor.processRelationField(PojoProcessor.kt:540)
	at androidx.room.processor.PojoProcessor.doProcess(PojoProcessor.kt:205)
	at androidx.room.processor.PojoProcessor.access$doProcess(PojoProcessor.kt:56)
	at androidx.room.processor.PojoProcessor$process$1.invoke(PojoProcessor.kt:112)
	at androidx.room.processor.PojoProcessor$process$1.invoke(PojoProcessor.kt:109)
	at androidx.room.processor.cache.Cache$Bucket.get(Cache.kt:53)
	at androidx.room.processor.PojoProcessor.process(PojoProcessor.kt:109)
	at androidx.room.processor.NonEntityOrViewProcessor.process(EntityOrViewProcessor.kt:49)
	at androidx.room.processor.PojoProcessor.processRelationField(PojoProcessor.kt:540)
	at androidx.room.processor.PojoProcessor.doProcess(PojoProcessor.kt:205)
	at androidx.room.processor.PojoProcessor.access$doProcess(PojoProcessor.kt:56)
	at androidx.room.processor.PojoProcessor$process$1.invoke(PojoProcessor.kt:112)
	at androidx.room.processor.PojoProcessor$process$1.invoke(PojoProcessor.kt:109)
	at androidx.room.processor.cache.Cache$Bucket.get(Cache.kt:53)
	at androidx.room.processor.PojoProcessor.process(PojoProcessor.kt:109)
	at androidx.room.processor.NonEntityOrViewProcessor.process(EntityOrViewProcessor.kt:49)
	at androidx.room.processor.PojoProcessor.processRelationField(PojoProcessor.kt:540)
	at androidx.room.processor.PojoProcessor.doProcess(PojoProcessor.kt:205)
	at androidx.room.processor.PojoProcessor.access$doProcess(PojoProcessor.kt:56)
	at androidx.room.processor.PojoProcessor$process$1.invoke(PojoProcessor.kt:112)
	at androidx.room.processor.PojoProcessor$process$1.invoke(PojoProcessor.kt:109)
	at androidx.room.processor.cache.Cache$Bucket.get(Cache.kt:53)
	at androidx.room.processor.PojoProcessor.process(PojoProcessor.kt:109)
	at androidx.room.processor.NonEntityOrViewProcessor.process(EntityOrViewProcessor.kt:49)
	at androidx.room.processor.PojoProcessor.processRelationField(PojoProcessor.kt:540)
	at androidx.room.processor.PojoProcessor.doProcess(PojoProcessor.kt:205)
	at androidx.room.processor.PojoProcessor.access$doProcess(PojoProcessor.kt:56)
	at androidx.room.processor.PojoProcessor$process$1.invoke(PojoProcessor.kt:112)
	at androidx.room.processor.PojoProcessor$process$1.invoke(PojoProcessor.kt:109)
	at androidx.room.processor.cache.Cache$Bucket.get(Cache.kt:53)
	at androidx.room.processor.PojoProcessor.process(PojoProcessor.kt:109)
	at androidx.room.processor.NonEntityOrViewProcessor.process(EntityOrViewProcessor.kt:49)
	at androidx.room.processor.PojoProcessor.processRelationField(PojoProcessor.kt:540)
	at androidx.room.processor.PojoProcessor.doProcess(PojoProcessor.kt:205)
	at androidx.room.processor.PojoProcessor.access$doProcess(PojoProcessor.kt:56)
	at androidx.room.processor.PojoProcessor$process$1.invoke(PojoProcessor.kt:112)
	at androidx.room.processor.PojoProcessor$process$1.invoke(PojoProcessor.kt:109)
	at androidx.room.processor.cache.Cache$Bucket.get(Cache.kt:53)
	at androidx.room.processor.PojoProcessor.process(PojoProcessor.kt:109)
	at androidx.room.processor.NonEntityOrViewProcessor.process(EntityOrViewProcessor.kt:49)
	at androidx.room.processor.PojoProcessor.processRelationField(PojoProcessor.kt:540)
	at androidx.room.processor.PojoProcessor.doProcess(PojoProcessor.kt:205)
	at androidx.room.processor.PojoProcessor.access$doProcess(PojoProcessor.kt:56)
	at androidx.room.processor.PojoProcessor$process$1.invoke(PojoProcessor.kt:112)
	at androidx.room.processor.PojoProcessor$process$1.invoke(PojoProcessor.kt:109)
	at androidx.room.processor.cache.Cache$Bucket.get(Cache.kt:53)
	at androidx.room.processor.PojoProcessor.process(PojoProcessor.kt:109)
	at androidx.room.processor.NonEntityOrViewProcessor.process(EntityOrViewProcessor.kt:49)
	at androidx.room.processor.PojoProcessor.processRelationField(PojoProcessor.kt:540)
	at androidx.room.processor.PojoProcessor.doProcess(PojoProcessor.kt:205)
	at androidx.room.processor.PojoProcessor.access$doProcess(PojoProcessor.kt:56)
	at androidx.room.processor.PojoProcessor$process$1.invoke(PojoProcessor.kt:112)
	at androidx.room.processor.PojoProcessor$process$1.invoke(PojoProcessor.kt:109)
	at androidx.room.processor.cache.Cache$Bucket.get(Cache.kt:53)
	at androidx.room.processor.PojoProcessor.process(PojoProcessor.kt:109)
	at androidx.room.processor.NonEntityOrViewProcessor.process(EntityOrViewProcessor.kt:49)
	at androidx.room.processor.PojoProcessor.processRelationField(PojoProcessor.kt:540)
	at androidx.room.processor.PojoProcessor.doProcess(PojoProcessor.kt:205)
	at androidx.room.processor.PojoProcessor.access$doProcess(PojoProcessor.kt:56)
	at androidx.room.processor.PojoProcessor$process$1.invoke(PojoProcessor.kt:112)
	at androidx.room.processor.PojoProcessor$process$1.invoke(PojoProcessor.kt:109)
	at androidx.room.processor.cache.Cache$Bucket.get(Cache.kt:53)
	at androidx.room.processor.PojoProcessor.process(PojoProcessor.kt:109)
	at androidx.room.processor.NonEntityOrViewProcessor.process(EntityOrViewProcessor.kt:49)
	at androidx.room.processor.PojoProcessor.processRelationField(PojoProcessor.kt:540)
	at androidx.room.processor.PojoProcessor.doProcess(PojoProcessor.kt:205)
	at androidx.room.processor.PojoProcessor.access$doProcess(PojoProcessor.kt:56)
	at androidx.room.processor.PojoProcessor$process$1.invoke(PojoProcessor.kt:112)
	at androidx.room.processor.PojoProcessor$process$1.invoke(PojoProcessor.kt:109)
	at androidx.room.processor.cache.Cache$Bucket.get(Cache.kt:53)
	at androidx.room.processor.PojoProcessor.process(PojoProcessor.kt:109)
	at androidx.room.processor.NonEntityOrViewProcessor.process(EntityOrViewProcessor.kt:49)
	at androidx.room.processor.PojoProcessor.processRelationField(PojoProcessor.kt:540)
	at androidx.room.processor.PojoProcessor.doProcess(PojoProcessor.kt:205)
	at androidx.room.processor.PojoProcessor.access$doProcess(PojoProcessor.kt:56)
	at androidx.room.processor.PojoProcessor$process$1.invoke(PojoProcessor.kt:112)
	at androidx.room.processor.PojoProcessor$process$1.invoke(PojoProcessor.kt:109)
	at androidx.room.processor.cache.Cache$Bucket.get(Cache.kt:53)
	at androidx.room.processor.PojoProcessor.process(PojoProcessor.kt:109)
	at androidx.room.processor.NonEntityOrViewProcessor.process(EntityOrViewProcessor.kt:49)
	at androidx.room.processor.PojoProcessor.processRelationField(PojoProcessor.kt:540)
	at androidx.room.processor.PojoProcessor.doProcess(PojoProcessor.kt:205)
	at androidx.room.processor.PojoProcessor.access$doProcess(PojoProcessor.kt:56)
	at androidx.room.processor.PojoProcessor$process$1.invoke(PojoProcessor.kt:112)
	at androidx.room.processor.PojoProcessor$process$1.invoke(PojoProcessor.kt:109)
	at androidx.room.processor.cache.Cache$Bucket.get(Cache.kt:53)
	at androidx.room.processor.PojoProcessor.process(PojoProcessor.kt:109)
	at androidx.room.processor.NonEntityOrViewProcessor.process(EntityOrViewProcessor.kt:49)
	at androidx.room.processor.PojoProcessor.processRelationField(PojoProcessor.kt:540)
	at androidx.room.processor.PojoProcessor.doProcess(PojoProcessor.kt:205)
	at androidx.room.processor.PojoProcessor.access$doProcess(PojoProcessor.kt:56)
	at androidx.room.processor.PojoProcessor$process$1.invoke(PojoProcessor.kt:112)
	at androidx.room.processor.PojoProcessor$process$1.invoke(PojoProcessor.kt:109)
	at androidx.room.processor.cache.Cache$Bucket.get(Cache.kt:53)
	at androidx.room.processor.PojoProcessor.process(PojoProcessor.kt:109)
	at androidx.room.processor.NonEntityOrViewProcessor.process(EntityOrViewProcessor.kt:49)
	at androidx.room.processor.PojoProcessor.processRelationField(PojoProcessor.kt:540)
	at androidx.room.processor.PojoProcessor.doProcess(PojoProcessor.kt:205)
	at androidx.room.processor.PojoProcessor.access$doProcess(PojoProcessor.kt:56)
	at androidx.room.processor.PojoProcessor$process$1.invoke(PojoProcessor.kt:112)
	at androidx.room.processor.PojoProcessor$process$1.invoke(PojoProcessor.kt:109)
	at androidx.room.processor.cache.Cache$Bucket.get(Cache.kt:53)
	at androidx.room.processor.PojoProcessor.process(PojoProcessor.kt:109)
	at androidx.room.processor.NonEntityOrViewProcessor.process(EntityOrViewProcessor.kt:49)
	at androidx.room.processor.PojoProcessor.processRelationField(PojoProcessor.kt:540)
	at androidx.room.processor.PojoProcessor.doProcess(PojoProcessor.kt:205)
	at androidx.room.processor.PojoProcessor.access$doProcess(PojoProcessor.kt:56)
	at androidx.room.processor.PojoProcessor$process$1.invoke(PojoProcessor.kt:112)
	at androidx.room.processor.PojoProcessor$process$1.invoke(PojoProcessor.kt:109)
	at androidx.room.processor.cache.Cache$Bucket.get(Cache.kt:53)
	at androidx.room.processor.PojoProcessor.process(PojoProcessor.kt:109)
	at androidx.room.processor.NonEntityOrViewProcessor.process(EntityOrViewProcessor.kt:49)
	at androidx.room.processor.PojoProcessor.processRelationField(PojoProcessor.kt:540)
	at androidx.room.processor.PojoProcessor.doProcess(PojoProcessor.kt:205)
	at androidx.room.processor.PojoProcessor.access$doProcess(PojoProcessor.kt:56)
	at androidx.room.processor.PojoProcessor$process$1.invoke(PojoProcessor.kt:112)
	at androidx.room.processor.PojoProcessor$process$1.invoke(PojoProcessor.kt:109)
	at androidx.room.processor.cache.Cache$Bucket.get(Cache.kt:53)
	at androidx.room.processor.PojoProcessor.process(PojoProcessor.kt:109)
	at androidx.room.processor.NonEntityOrViewProcessor.process(EntityOrViewProcessor.kt:49)
	at androidx.room.processor.PojoProcessor.processRelationField(PojoProcessor.kt:540)
	at androidx.room.processor.PojoProcessor.doProcess(PojoProcessor.kt:205)
	at androidx.room.processor.PojoProcessor.access$doProcess(PojoProcessor.kt:56)
	at androidx.room.processor.PojoProcessor$process$1.invoke(PojoProcessor.kt:112)
	at androidx.room.processor.PojoProcessor$process$1.invoke(PojoProcessor.kt:109)
	at androidx.room.processor.cache.Cache$Bucket.get(Cache.kt:53)
	at androidx.room.processor.PojoProcessor.process(PojoProcessor.kt:109)
	at androidx.room.processor.NonEntityOrViewProcessor.process(EntityOrViewProcessor.kt:49)
	at androidx.room.processor.PojoProcessor.processRelationField(PojoProcessor.kt:540)
	at androidx.room.processor.PojoProcessor.doProcess(PojoProcessor.kt:205)
	at androidx.room.processor.PojoProcessor.access$doProcess(PojoProcessor.kt:56)
	at androidx.room.processor.PojoProcessor$process$1.invoke(PojoProcessor.kt:112)
	at androidx.room.processor.PojoProcessor$process$1.invoke(PojoProcessor.kt:109)
	at androidx.room.processor.cache.Cache$Bucket.get(Cache.kt:53)
	at androidx.room.processor.PojoProcessor.process(PojoProcessor.kt:109)
	at androidx.room.processor.NonEntityOrViewProcessor.process(EntityOrViewProcessor.kt:49)
	at androidx.room.processor.PojoProcessor.processRelationField(PojoProcessor.kt:540)
	at androidx.room.processor.PojoProcessor.doProcess(PojoProcessor.kt:205)
	at androidx.room.processor.PojoProcessor.access$doProcess(PojoProcessor.kt:56)
	at androidx.room.processor.PojoProcessor$process$1.invoke(PojoProcessor.kt:112)
	at androidx.room.processor.PojoProcessor$process$1.invoke(PojoProcessor.kt:109)
	at androidx.room.processor.cache.Cache$Bucket.get(Cache.kt:53)
	at androidx.room.processor.PojoProcessor.process(PojoProcessor.kt:109)
	at androidx.room.processor.NonEntityOrViewProcessor.process(EntityOrViewProcessor.kt:49)
	at androidx.room.processor.PojoProcessor.processRelationField(PojoProcessor.kt:540)
	at androidx.room.processor.PojoProcessor.doProcess(PojoProcessor.kt:205)
	at androidx.room.processor.PojoProcessor.access$doProcess(PojoProcessor.kt:56)
	at androidx.room.processor.PojoProcessor$process$1.invoke(PojoProcessor.kt:112)
	at androidx.room.processor.PojoProcessor$process$1.invoke(PojoProcessor.kt:109)
	at androidx.room.processor.cache.Cache$Bucket.get(Cache.kt:53)
	at androidx.room.processor.PojoProcessor.process(PojoProcessor.kt:109)
	at androidx.room.processor.NonEntityOrViewProcessor.process(EntityOrViewProcessor.kt:49)
	at androidx.room.processor.PojoProcessor.processRelationField(PojoProcessor.kt:540)
	at androidx.room.processor.PojoProcessor.doProcess(PojoProcessor.kt:205)
	at androidx.room.processor.PojoProcessor.access$doProcess(PojoProcessor.kt:56)
	at androidx.room.processor.PojoProcessor$process$1.invoke(PojoProcessor.kt:112)
	at androidx.room.processor.PojoProcessor$process$1.invoke(PojoProcessor.kt:109)
	at androidx.room.processor.cache.Cache$Bucket.get(Cache.kt:53)
	at androidx.room.processor.PojoProcessor.process(PojoProcessor.kt:109)
	at androidx.room.processor.NonEntityOrViewProcessor.process(EntityOrViewProcessor.kt:49)
	at androidx.room.processor.PojoProcessor.processRelationField(PojoProcessor.kt:540)
	at androidx.room.processor.PojoProcessor.doProcess(PojoProcessor.kt:205)
	at androidx.room.processor.PojoProcessor.access$doProcess(PojoProcessor.kt:56)
	at androidx.room.processor.PojoProcessor$process$1.invoke(PojoProcessor.kt:112)
	at androidx.room.processor.PojoProcessor$process$1.invoke(PojoProcessor.kt:109)
	at androidx.room.processor.cache.Cache$Bucket.get(Cache.kt:53)
	at androidx.room.processor.PojoProcessor.process(PojoProcessor.kt:109)
	at androidx.room.processor.NonEntityOrViewProcessor.process(EntityOrViewProcessor.kt:49)
	at androidx.room.processor.PojoProcessor.processRelationField(PojoProcessor.kt:540)
	at androidx.room.processor.PojoProcessor.doProcess(PojoProcessor.kt:205)
	at androidx.room.processor.PojoProcessor.access$doProcess(PojoProcessor.kt:56)
	at androidx.room.processor.PojoProcessor$process$1.invoke(PojoProcessor.kt:112)
	at androidx.room.processor.PojoProcessor$process$1.invoke(PojoProcessor.kt:109)
	at androidx.room.processor.cache.Cache$Bucket.get(Cache.kt:53)
	at androidx.room.processor.PojoProcessor.process(PojoProcessor.kt:109)
	at androidx.room.processor.NonEntityOrViewProcessor.process(EntityOrViewProcessor.kt:49)
	at androidx.room.processor.PojoProcessor.processRelationField(PojoProcessor.kt:540)
	at androidx.room.processor.PojoProcessor.doProcess(PojoProcessor.kt:205)
	at androidx.room.processor.PojoProcessor.access$doProcess(PojoProcessor.kt:56)
	at androidx.room.processor.PojoProcessor$process$1.invoke(PojoProcessor.kt:112)
	at androidx.room.processor.PojoProcessor$process$1.invoke(PojoProcessor.kt:109)
	at androidx.room.processor.cache.Cache$Bucket.get(Cache.kt:53)
	at androidx.room.processor.PojoProcessor.process(PojoProcessor.kt:109)
	at androidx.room.processor.NonEntityOrViewProcessor.process(EntityOrViewProcessor.kt:49)
	at androidx.room.processor.PojoProcessor.processRelationField(PojoProcessor.kt:540)
	at androidx.room.processor.PojoProcessor.doProcess(PojoProcessor.kt:205)
	at androidx.room.processor.PojoProcessor.access$doProcess(PojoProcessor.kt:56)
	at androidx.room.processor.PojoProcessor$process$1.invoke(PojoProcessor.kt:112)
	at androidx.room.processor.PojoProcessor$process$1.invoke(PojoProcessor.kt:109)
	at androidx.room.processor.cache.Cache$Bucket.get(Cache.kt:53)
	at androidx.room.processor.PojoProcessor.process(PojoProcessor.kt:109)
	at androidx.room.processor.NonEntityOrViewProcessor.process(EntityOrViewProcessor.kt:49)
	at androidx.room.processor.PojoProcessor.processRelationField(PojoProcessor.kt:540)
	at androidx.room.processor.PojoProcessor.doProcess(PojoProcessor.kt:205)
	at androidx.room.processor.PojoProcessor.access$doProcess(PojoProcessor.kt:56)
	at androidx.room.processor.PojoProcessor$process$1.invoke(PojoProcessor.kt:112)
	at androidx.room.processor.PojoProcessor$process$1.invoke(PojoProcessor.kt:109)
	at androidx.room.processor.cache.Cache$Bucket.get(Cache.kt:53)
	at androidx.room.processor.PojoProcessor.process(PojoProcessor.kt:109)
	at androidx.room.processor.NonEntityOrViewProcessor.process(EntityOrViewProcessor.kt:49)
	at androidx.room.processor.PojoProcessor.processRelationField(PojoProcessor.kt:540)
	at androidx.room.processor.PojoProcessor.doProcess(PojoProcessor.kt:205)
	at androidx.room.processor.PojoProcessor.access$doProcess(PojoProcessor.kt:56)
	at androidx.room.processor.PojoProcessor$process$1.invoke(PojoProcessor.kt:112)
	at androidx.room.processor.PojoProcessor$process$1.invoke(PojoProcessor.kt:109)
	at androidx.room.processor.cache.Cache$Bucket.get(Cache.kt:53)
	at androidx.room.processor.PojoProcessor.process(PojoProcessor.kt:109)
	at androidx.room.processor.NonEntityOrViewProcessor.process(EntityOrViewProcessor.kt:49)
	at androidx.room.processor.PojoProcessor.processRelationField(PojoProcessor.kt:540)
	at androidx.room.processor.PojoProcessor.doProcess(PojoProcessor.kt:205)
	at androidx.room.processor.PojoProcessor.access$doProcess(PojoProcessor.kt:56)
	at androidx.room.processor.PojoProcessor$process$1.invoke(PojoProcessor.kt:112)
	at androidx.room.processor.PojoProcessor$process$1.invoke(PojoProcessor.kt:109)
	at androidx.room.processor.cache.Cache$Bucket.get(Cache.kt:53)
	at androidx.room.processor.PojoProcessor.process(PojoProcessor.kt:109)
	at androidx.room.processor.NonEntityOrViewProcessor.process(EntityOrViewProcessor.kt:49)
	at androidx.room.processor.PojoProcessor.processRelationField(PojoProcessor.kt:540)
	at androidx.room.processor.PojoProcessor.doProcess(PojoProcessor.kt:205)
	at androidx.room.processor.PojoProcessor.access$doProcess(PojoProcessor.kt:56)
	at androidx.room.processor.PojoProcessor$process$1.invoke(PojoProcessor.kt:112)
	at androidx.room.processor.PojoProcessor$process$1.invoke(PojoProcessor.kt:109)
	at androidx.room.processor.cache.Cache$Bucket.get(Cache.kt:53)
	at androidx.room.processor.PojoProcessor.process(PojoProcessor.kt:109)
	at androidx.room.processor.NonEntityOrViewProcessor.process(EntityOrViewProcessor.kt:49)
	at androidx.room.processor.PojoProcessor.processRelationField(PojoProcessor.kt:540)
	at androidx.room.processor.PojoProcessor.doProcess(PojoProcessor.kt:205)
	at androidx.room.processor.PojoProcessor.access$doProcess(PojoProcessor.kt:56)
	at androidx.room.processor.PojoProcessor$process$1.invoke(PojoProcessor.kt:112)
	at androidx.room.processor.PojoProcessor$process$1.invoke(PojoProcessor.kt:109)
	at androidx.room.processor.cache.Cache$Bucket.get(Cache.kt:53)
	at androidx.room.processor.PojoProcessor.process(PojoProcessor.kt:109)
	at androidx.room.processor.NonEntityOrViewProcessor.process(EntityOrViewProcessor.kt:49)
	at androidx.room.processor.PojoProcessor.processRelationField(PojoProcessor.kt:540)
	at androidx.room.processor.PojoProcessor.doProcess(PojoProcessor.kt:205)
	at androidx.room.processor.PojoProcessor.access$doProcess(PojoProcessor.kt:56)
	at androidx.room.processor.PojoProcessor$process$1.invoke(PojoProcessor.kt:112)
	at androidx.room.processor.PojoProcessor$process$1.invoke(PojoProcessor.kt:109)
	at androidx.room.processor.cache.Cache$Bucket.get(Cache.kt:53)
	at androidx.room.processor.PojoProcessor.process(PojoProcessor.kt:109)
	at androidx.room.processor.NonEntityOrViewProcessor.process(EntityOrViewProcessor.kt:49)
	at androidx.room.processor.PojoProcessor.processRelationField(PojoProcessor.kt:540)
	at androidx.room.processor.PojoProcessor.doProcess(PojoProcessor.kt:205)
	at androidx.room.processor.PojoProcessor.access$doProcess(PojoProcessor.kt:56)
	at androidx.room.processor.PojoProcessor$process$1.invoke(PojoProcessor.kt:112)
	at androidx.room.processor.PojoProcessor$process$1.invoke(PojoProcessor.kt:109)
	at androidx.room.processor.cache.Cache$Bucket.get(Cache.kt:53)
	at androidx.room.processor.PojoProcessor.process(PojoProcessor.kt:109)
	at androidx.room.processor.NonEntityOrViewProcessor.process(EntityOrViewProcessor.kt:49)
	at androidx.room.processor.PojoProcessor.processRelationField(PojoProcessor.kt:540)
	at androidx.room.processor.PojoProcessor.doProcess(PojoProcessor.kt:205)
	at androidx.room.processor.PojoProcessor.access$doProcess(PojoProcessor.kt:56)
	at androidx.room.processor.PojoProcessor$process$1.invoke(PojoProcessor.kt:112)
	at androidx.room.processor.PojoProcessor$process$1.invoke(PojoProcessor.kt:109)
	at androidx.room.processor.cache.Cache$Bucket.get(Cache.kt:53)
	at androidx.room.processor.PojoProcessor.process(PojoProcessor.kt:109)
	at androidx.room.processor.NonEntityOrViewProcessor.process(EntityOrViewProcessor.kt:49)
	at androidx.room.processor.PojoProcessor.processRelationField(PojoProcessor.kt:540)
	at androidx.room.processor.PojoProcessor.doProcess(PojoProcessor.kt:205)
	at androidx.room.processor.PojoProcessor.access$doProcess(PojoProcessor.kt:56)
	at androidx.room.processor.PojoProcessor$process$1.invoke(PojoProcessor.kt:112)
	at androidx.room.processor.PojoProcessor$process$1.invoke(PojoProcessor.kt:109)
	at androidx.room.processor.cache.Cache$Bucket.get(Cache.kt:53)
	at androidx.room.processor.PojoProcessor.process(PojoProcessor.kt:109)
	at androidx.room.processor.NonEntityOrViewProcessor.process(EntityOrViewProcessor.kt:49)
	at androidx.room.processor.PojoProcessor.processRelationField(PojoProcessor.kt:540)
	at androidx.room.processor.PojoProcessor.doProcess(PojoProcessor.kt:205)
	at androidx.room.processor.PojoProcessor.access$doProcess(PojoProcessor.kt:56)
	at androidx.room.processor.PojoProcessor$process$1.invoke(PojoProcessor.kt:112)
	at androidx.room.processor.PojoProcessor$process$1.invoke(PojoProcessor.kt:109)
	at androidx.room.processor.cache.Cache$Bucket.get(Cache.kt:53)
	at androidx.room.processor.PojoProcessor.process(PojoProcessor.kt:109)
	at androidx.room.processor.NonEntityOrViewProcessor.process(EntityOrViewProcessor.kt:49)
	at androidx.room.processor.PojoProcessor.processRelationField(PojoProcessor.kt:540)
	at androidx.room.processor.PojoProcessor.doProcess(PojoProcessor.kt:205)
	at androidx.room.processor.PojoProcessor.access$doProcess(PojoProcessor.kt:56)
	at androidx.room.processor.PojoProcessor$process$1.invoke(PojoProcessor.kt:112)
	at androidx.room.processor.PojoProcessor$process$1.invoke(PojoProcessor.kt:109)


