kotlin version: 2.0.21
error message: java.lang.StackOverflowError
	at org.jetbrains.kotlin.util.slicedMap.SlicedMapImpl.get(SlicedMapImpl.java:93)
	at org.jetbrains.kotlin.resolve.BindingTraceContext.get(BindingTraceContext.java:174)
	at org.jetbrains.kotlin.cli.jvm.compiler.CliBindingTrace.get(CliTrace.kt:86)
	at com.google.devtools.ksp.processing.impl.ResolverImpl.lookup(ResolverImpl.kt:715)
	at com.google.devtools.ksp.processing.impl.ResolverImpl.resolveUserType(ResolverImpl.kt:721)
	at com.google.devtools.ksp.symbol.impl.kotlin.KSTypeReferenceImpl.resolve(KSTypeReferenceImpl.kt:124)
	at androidx.room.compiler.processing.ksp.KspAnnotated$Companion.isSameAnnotationClass$room_compiler_processing(KspAnnotated.kt:225)
	at androidx.room.compiler.processing.ksp.KspAnnotated$findAnnotations$1.invoke(KspAnnotated.kt:36)
	at androidx.room.compiler.processing.ksp.KspAnnotated$findAnnotations$1.invoke(KspAnnotated.kt:36)
	at kotlin.sequences.FilteringSequence$iterator$1.calcNext(Sequences.kt:171)
	at kotlin.sequences.FilteringSequence$iterator$1.hasNext(Sequences.kt:194)
	at kotlin.sequences.TransformingSequence$iterator$1.hasNext(Sequences.kt:214)
	at kotlin.sequences.SequencesKt___SequencesKt.toList(_Sequences.kt:813)
	at androidx.room.compiler.processing.ksp.KspAnnotated.getAnnotations(KspAnnotated.kt:70)
	at androidx.room.compiler.processing.InternalXAnnotated.getAnnotations(InternalXAnnotated.kt:46)
	at androidx.room.compiler.processing.XAnnotated.getAnnotation(XAnnotated.kt:185)
	at androidx.room.compiler.processing.ksp.KspTypeElement.getAnnotation(KspTypeElement.kt)
	at androidx.room.processor.SuppressWarningProcessor.getSuppressedWarnings(SuppressWarningProcessor.kt:28)
	at androidx.room.processor.Context.fork(Context.kt:211)
	at androidx.room.processor.Context.fork$default(Context.kt:206)
	at androidx.room.processor.TableEntityProcessor.<init>(TableEntityProcessor.kt:49)
	at androidx.room.processor.EntityProcessorKt.EntityProcessor(EntityProcessor.kt:115)
	at androidx.room.processor.EntityOrViewProcessorKt.EntityOrViewProcessor(EntityOrViewProcessor.kt:68)
	at androidx.room.processor.PojoProcessor.processRelationField(PojoProcessor.kt:506)
	at androidx.room.processor.PojoProcessor.doProcess(PojoProcessor.kt:205)
	at androidx.room.processor.PojoProcessor.access$doProcess(PojoProcessor.kt:56)
	at androidx.room.processor.PojoProcessor$process$1.invoke(PojoProcessor.kt:112)
	at androidx.room.processor.PojoProcessor$process$1.invoke(PojoProcessor.kt:109)
	at androidx.room.processor.cache.Cache$Bucket.get(Cache.kt:53)
	at androidx.room.processor.PojoProcessor.process(PojoProcessor.kt:109)
	at androidx.room.processor.NonEntityOrViewProcessor.process(EntityOrViewProcessor.kt:49)
	at androidx.room.processor.PojoProcessor.processRelationField(PojoProcessor.kt:540)
	at androidx.room.processor.PojoProcessor.doProcess(PojoProcessor.kt:205)
	at androidx.room.processor.PojoProcessor.access$doProcess(PojoProcessor.kt:56)
	at androidx.room.processor.PojoProcessor$process$1.invoke(PojoProcessor.kt:112)
	at androidx.room.processor.PojoProcessor$process$1.invoke(PojoProcessor.kt:109)
	at androidx.room.processor.cache.Cache$Bucket.get(Cache.kt:53)
	at androidx.room.processor.PojoProcessor.process(PojoProcessor.kt:109)
	at androidx.room.processor.NonEntityOrViewProcessor.process(EntityOrViewProcessor.kt:49)
	at androidx.room.processor.PojoProcessor.processRelationField(PojoProcessor.kt:540)
	at androidx.room.processor.PojoProcessor.doProcess(PojoProcessor.kt:205)
	at androidx.room.processor.PojoProcessor.access$doProcess(PojoProcessor.kt:56)
	at androidx.room.processor.PojoProcessor$process$1.invoke(PojoProcessor.kt:112)
	at androidx.room.processor.PojoProcessor$process$1.invoke(PojoProcessor.kt:109)
	at androidx.room.processor.cache.Cache$Bucket.get(Cache.kt:53)
	at androidx.room.processor.PojoProcessor.process(PojoProcessor.kt:109)
	at androidx.room.processor.NonEntityOrViewProcessor.process(EntityOrViewProcessor.kt:49)
	at androidx.room.processor.PojoProcessor.processRelationField(PojoProcessor.kt:540)
	at androidx.room.processor.PojoProcessor.doProcess(PojoProcessor.kt:205)
	at androidx.room.processor.PojoProcessor.access$doProcess(PojoProcessor.kt:56)
	at androidx.room.processor.PojoProcessor$process$1.invoke(PojoProcessor.kt:112)
	at androidx.room.processor.PojoProcessor$process$1.invoke(PojoProcessor.kt:109)
	at androidx.room.processor.cache.Cache$Bucket.get(Cache.kt:53)
	at androidx.room.processor.PojoProcessor.process(PojoProcessor.kt:109)
	at androidx.room.processor.NonEntityOrViewProcessor.process(EntityOrViewProcessor.kt:49)
	at androidx.room.processor.PojoProcessor.processRelationField(PojoProcessor.kt:540)
	at androidx.room.processor.PojoProcessor.doProcess(PojoProcessor.kt:205)
	at androidx.room.processor.PojoProcessor.access$doProcess(PojoProcessor.kt:56)
	at androidx.room.processor.PojoProcessor$process$1.invoke(PojoProcessor.kt:112)
	at androidx.room.processor.PojoProcessor$process$1.invoke(PojoProcessor.kt:109)
	at androidx.room.processor.cache.Cache$Bucket.get(Cache.kt:53)
	at androidx.room.processor.PojoProcessor.process(PojoProcessor.kt:109)
	at androidx.room.processor.NonEntityOrViewProcessor.process(EntityOrViewProcessor.kt:49)
	at androidx.room.processor.PojoProcessor.processRelationField(PojoProcessor.kt:540)
	at androidx.room.processor.PojoProcessor.doProcess(PojoProcessor.kt:205)
	at androidx.room.processor.PojoProcessor.access$doProcess(PojoProcessor.kt:56)
	at androidx.room.processor.PojoProcessor$process$1.invoke(PojoProcessor.kt:112)
	at androidx.room.processor.PojoProcessor$process$1.invoke(PojoProcessor.kt:109)
	at androidx.room.processor.cache.Cache$Bucket.get(Cache.kt:53)
	at androidx.room.processor.PojoProcessor.process(PojoProcessor.kt:109)
	at androidx.room.processor.NonEntityOrViewProcessor.process(EntityOrViewProcessor.kt:49)
	at androidx.room.processor.PojoProcessor.processRelationField(PojoProcessor.kt:540)
	at androidx.room.processor.PojoProcessor.doProcess(PojoProcessor.kt:205)
	at androidx.room.processor.PojoProcessor.access$doProcess(PojoProcessor.kt:56)
	at androidx.room.processor.PojoProcessor$process$1.invoke(PojoProcessor.kt:112)
	at androidx.room.processor.PojoProcessor$process$1.invoke(PojoProcessor.kt:109)
	at androidx.room.processor.cache.Cache$Bucket.get(Cache.kt:53)
	at androidx.room.processor.PojoProcessor.process(PojoProcessor.kt:109)
	at androidx.room.processor.NonEntityOrViewProcessor.process(EntityOrViewProcessor.kt:49)
	at androidx.room.processor.PojoProcessor.processRelationField(PojoProcessor.kt:540)
	at androidx.room.processor.PojoProcessor.doProcess(PojoProcessor.kt:205)
	at androidx.room.processor.PojoProcessor.access$doProcess(PojoProcessor.kt:56)
	at androidx.room.processor.PojoProcessor$process$1.invoke(PojoProcessor.kt:112)
	at androidx.room.processor.PojoProcessor$process$1.invoke(PojoProcessor.kt:109)
	at androidx.room.processor.cache.Cache$Bucket.get(Cache.kt:53)
	at androidx.room.processor.PojoProcessor.process(PojoProcessor.kt:109)
	at androidx.room.processor.NonEntityOrViewProcessor.process(EntityOrViewProcessor.kt:49)
	at androidx.room.processor.PojoProcessor.processRelationField(PojoProcessor.kt:540)
	at androidx.room.processor.PojoProcessor.doProcess(PojoProcessor.kt:205)
	at androidx.room.processor.PojoProcessor.access$doProcess(PojoProcessor.kt:56)
	at androidx.room.processor.PojoProcessor$process$1.invoke(PojoProcessor.kt:112)
	at androidx.room.processor.PojoProcessor$process$1.invoke(PojoProcessor.kt:109)
	at androidx.room.processor.cache.Cache$Bucket.get(Cache.kt:53)
	at androidx.room.processor.PojoProcessor.process(PojoProcessor.kt:109)
	at androidx.room.processor.NonEntityOrViewProcessor.process(EntityOrViewProcessor.kt:49)
	at androidx.room.processor.PojoProcessor.processRelationField(PojoProcessor.kt:540)
	at androidx.room.processor.PojoProcessor.doProcess(PojoProcessor.kt:205)
	at androidx.room.processor.PojoProcessor.access$doProcess(PojoProcessor.kt:56)
	at androidx.room.processor.PojoProcessor$process$1.invoke(PojoProcessor.kt:112)
	at androidx.room.processor.PojoProcessor$process$1.invoke(PojoProcessor.kt:109)
	at androidx.room.processor.cache.Cache$Bucket.get(Cache.kt:53)
	at androidx.room.processor.PojoProcessor.process(PojoProcessor.kt:109)
	at androidx.room.processor.NonEntityOrViewProcessor.process(EntityOrViewProcessor.kt:49)
	at androidx.room.processor.PojoProcessor.processRelationField(PojoProcessor.kt:540)
	at androidx.room.processor.PojoProcessor.doProcess(PojoProcessor.kt:205)
	at androidx.room.processor.PojoProcessor.access$doProcess(PojoProcessor.kt:56)
	at androidx.room.processor.PojoProcessor$process$1.invoke(PojoProcessor.kt:112)
	at androidx.room.processor.PojoProcessor$process$1.invoke(PojoProcessor.kt:109)
	at androidx.room.processor.cache.Cache$Bucket.get(Cache.kt:53)
	at androidx.room.processor.PojoProcessor.process(PojoProcessor.kt:109)
	at androidx.room.processor.NonEntityOrViewProcessor.process(EntityOrViewProcessor.kt:49)
	at androidx.room.processor.PojoProcessor.processRelationField(PojoProcessor.kt:540)
	at androidx.room.processor.PojoProcessor.doProcess(PojoProcessor.kt:205)
	at androidx.room.processor.PojoProcessor.access$doProcess(PojoProcessor.kt:56)
	at androidx.room.processor.PojoProcessor$process$1.invoke(PojoProcessor.kt:112)
	at androidx.room.processor.PojoProcessor$process$1.invoke(PojoProcessor.kt:109)
	at androidx.room.processor.cache.Cache$Bucket.get(Cache.kt:53)
	at androidx.room.processor.PojoProcessor.process(PojoProcessor.kt:109)
	at androidx.room.processor.NonEntityOrViewProcessor.process(EntityOrViewProcessor.kt:49)
	at androidx.room.processor.PojoProcessor.processRelationField(PojoProcessor.kt:540)
	at androidx.room.processor.PojoProcessor.doProcess(PojoProcessor.kt:205)
	at androidx.room.processor.PojoProcessor.access$doProcess(PojoProcessor.kt:56)
	at androidx.room.processor.PojoProcessor$process$1.invoke(PojoProcessor.kt:112)
	at androidx.room.processor.PojoProcessor$process$1.invoke(PojoProcessor.kt:109)
	at androidx.room.processor.cache.Cache$Bucket.get(Cache.kt:53)
	at androidx.room.processor.PojoProcessor.process(PojoProcessor.kt:109)
	at androidx.room.processor.NonEntityOrViewProcessor.process(EntityOrViewProcessor.kt:49)
	at androidx.room.processor.PojoProcessor.processRelationField(PojoProcessor.kt:540)
	at androidx.room.processor.PojoProcessor.doProcess(PojoProcessor.kt:205)
	at androidx.room.processor.PojoProcessor.access$doProcess(PojoProcessor.kt:56)
	at androidx.room.processor.PojoProcessor$process$1.invoke(PojoProcessor.kt:112)
	at androidx.room.processor.PojoProcessor$process$1.invoke(PojoProcessor.kt:109)
	at androidx.room.processor.cache.Cache$Bucket.get(Cache.kt:53)
	at androidx.room.processor.PojoProcessor.process(PojoProcessor.kt:109)
	at androidx.room.processor.NonEntityOrViewProcessor.process(EntityOrViewProcessor.kt:49)
	at androidx.room.processor.PojoProcessor.processRelationField(PojoProcessor.kt:540)
	at androidx.room.processor.PojoProcessor.doProcess(PojoProcessor.kt:205)
	at androidx.room.processor.PojoProcessor.access$doProcess(PojoProcessor.kt:56)
	at androidx.room.processor.PojoProcessor$process$1.invoke(PojoProcessor.kt:112)
	at androidx.room.processor.PojoProcessor$process$1.invoke(PojoProcessor.kt:109)
	at androidx.room.processor.cache.Cache$Bucket.get(Cache.kt:53)
	at androidx.room.processor.PojoProcessor.process(PojoProcessor.kt:109)
	at androidx.room.processor.NonEntityOrViewProcessor.process(EntityOrViewProcessor.kt:49)
	at androidx.room.processor.PojoProcessor.processRelationField(PojoProcessor.kt:540)
	at androidx.room.processor.PojoProcessor.doProcess(PojoProcessor.kt:205)
	at androidx.room.processor.PojoProcessor.access$doProcess(PojoProcessor.kt:56)
	at androidx.room.processor.PojoProcessor$process$1.invoke(PojoProcessor.kt:112)
	at androidx.room.processor.PojoProcessor$process$1.invoke(PojoProcessor.kt:109)
	at androidx.room.processor.cache.Cache$Bucket.get(Cache.kt:53)
	at androidx.room.processor.PojoProcessor.process(PojoProcessor.kt:109)
	at androidx.room.processor.NonEntityOrViewProcessor.process(EntityOrViewProcessor.kt:49)
	at androidx.room.processor.PojoProcessor.processRelationField(PojoProcessor.kt:540)
	at androidx.room.processor.PojoProcessor.doProcess(PojoProcessor.kt:205)
	at androidx.room.processor.PojoProcessor.access$doProcess(PojoProcessor.kt:56)
	at androidx.room.processor.PojoProcessor$process$1.invoke(PojoProcessor.kt:112)
	at androidx.room.processor.PojoProcessor$process$1.invoke(PojoProcessor.kt:109)
	at androidx.room.processor.cache.Cache$Bucket.get(Cache.kt:53)
	at androidx.room.processor.PojoProcessor.process(PojoProcessor.kt:109)
	at androidx.room.processor.NonEntityOrViewProcessor.process(EntityOrViewProcessor.kt:49)
	at androidx.room.processor.PojoProcessor.processRelationField(PojoProcessor.kt:540)
	at androidx.room.processor.PojoProcessor.doProcess(PojoProcessor.kt:205)
	at androidx.room.processor.PojoProcessor.access$doProcess(PojoProcessor.kt:56)
	at androidx.room.processor.PojoProcessor$process$1.invoke(PojoProcessor.kt:112)
	at androidx.room.processor.PojoProcessor$process$1.invoke(PojoProcessor.kt:109)
	at androidx.room.processor.cache.Cache$Bucket.get(Cache.kt:53)
	at androidx.room.processor.PojoProcessor.process(PojoProcessor.kt:109)
	at androidx.room.processor.NonEntityOrViewProcessor.process(EntityOrViewProcessor.kt:49)
	at androidx.room.processor.PojoProcessor.processRelationField(PojoProcessor.kt:540)
	at androidx.room.processor.PojoProcessor.doProcess(PojoProcessor.kt:205)
	at androidx.room.processor.PojoProcessor.access$doProcess(PojoProcessor.kt:56)
	at androidx.room.processor.PojoProcessor$process$1.invoke(PojoProcessor.kt:112)
	at androidx.room.processor.PojoProcessor$process$1.invoke(PojoProcessor.kt:109)
	at androidx.room.processor.cache.Cache$Bucket.get(Cache.kt:53)
	at androidx.room.processor.PojoProcessor.process(PojoProcessor.kt:109)
	at androidx.room.processor.NonEntityOrViewProcessor.process(EntityOrViewProcessor.kt:49)
	at androidx.room.processor.PojoProcessor.processRelationField(PojoProcessor.kt:540)
	at androidx.room.processor.PojoProcessor.doProcess(PojoProcessor.kt:205)
	at androidx.room.processor.PojoProcessor.access$doProcess(PojoProcessor.kt:56)
	at androidx.room.processor.PojoProcessor$process$1.invoke(PojoProcessor.kt:112)
	at androidx.room.processor.PojoProcessor$process$1.invoke(PojoProcessor.kt:109)
	at androidx.room.processor.cache.Cache$Bucket.get(Cache.kt:53)
	at androidx.room.processor.PojoProcessor.process(PojoProcessor.kt:109)
	at androidx.room.processor.NonEntityOrViewProcessor.process(EntityOrViewProcessor.kt:49)
	at androidx.room.processor.PojoProcessor.processRelationField(PojoProcessor.kt:540)
	at androidx.room.processor.PojoProcessor.doProcess(PojoProcessor.kt:205)
	at androidx.room.processor.PojoProcessor.access$doProcess(PojoProcessor.kt:56)
	at androidx.room.processor.PojoProcessor$process$1.invoke(PojoProcessor.kt:112)
	at androidx.room.processor.PojoProcessor$process$1.invoke(PojoProcessor.kt:109)
	at androidx.room.processor.cache.Cache$Bucket.get(Cache.kt:53)
	at androidx.room.processor.PojoProcessor.process(PojoProcessor.kt:109)
	at androidx.room.processor.NonEntityOrViewProcessor.process(EntityOrViewProcessor.kt:49)
	at androidx.room.processor.PojoProcessor.processRelationField(PojoProcessor.kt:540)
	at androidx.room.processor.PojoProcessor.doProcess(PojoProcessor.kt:205)
	at androidx.room.processor.PojoProcessor.access$doProcess(PojoProcessor.kt:56)
	at androidx.room.processor.PojoProcessor$process$1.invoke(PojoProcessor.kt:112)
	at androidx.room.processor.PojoProcessor$process$1.invoke(PojoProcessor.kt:109)
	at androidx.room.processor.cache.Cache$Bucket.get(Cache.kt:53)
	at androidx.room.processor.PojoProcessor.process(PojoProcessor.kt:109)
	at androidx.room.processor.NonEntityOrViewProcessor.process(EntityOrViewProcessor.kt:49)
	at androidx.room.processor.PojoProcessor.processRelationField(PojoProcessor.kt:540)
	at androidx.room.processor.PojoProcessor.doProcess(PojoProcessor.kt:205)
	at androidx.room.processor.PojoProcessor.access$doProcess(PojoProcessor.kt:56)
	at androidx.room.processor.PojoProcessor$process$1.invoke(PojoProcessor.kt:112)
	at androidx.room.processor.PojoProcessor$process$1.invoke(PojoProcessor.kt:109)
	at androidx.room.processor.cache.Cache$Bucket.get(Cache.kt:53)
	at androidx.room.processor.PojoProcessor.process(PojoProcessor.kt:109)
	at androidx.room.processor.NonEntityOrViewProcessor.process(EntityOrViewProcessor.kt:49)
	at androidx.room.processor.PojoProcessor.processRelationField(PojoProcessor.kt:540)
	at androidx.room.processor.PojoProcessor.doProcess(PojoProcessor.kt:205)
	at androidx.room.processor.PojoProcessor.access$doProcess(PojoProcessor.kt:56)
	at androidx.room.processor.PojoProcessor$process$1.invoke(PojoProcessor.kt:112)
	at androidx.room.processor.PojoProcessor$process$1.invoke(PojoProcessor.kt:109)
	at androidx.room.processor.cache.Cache$Bucket.get(Cache.kt:53)
	at androidx.room.processor.PojoProcessor.process(PojoProcessor.kt:109)
	at androidx.room.processor.NonEntityOrViewProcessor.process(EntityOrViewProcessor.kt:49)
	at androidx.room.processor.PojoProcessor.processRelationField(PojoProcessor.kt:540)
	at androidx.room.processor.PojoProcessor.doProcess(PojoProcessor.kt:205)
	at androidx.room.processor.PojoProcessor.access$doProcess(PojoProcessor.kt:56)
	at androidx.room.processor.PojoProcessor$process$1.invoke(PojoProcessor.kt:112)
	at androidx.room.processor.PojoProcessor$process$1.invoke(PojoProcessor.kt:109)
	at androidx.room.processor.cache.Cache$Bucket.get(Cache.kt:53)
	at androidx.room.processor.PojoProcessor.process(PojoProcessor.kt:109)
	at androidx.room.processor.NonEntityOrViewProcessor.process(EntityOrViewProcessor.kt:49)
	at androidx.room.processor.PojoProcessor.processRelationField(PojoProcessor.kt:540)
	at androidx.room.processor.PojoProcessor.doProcess(PojoProcessor.kt:205)
	at androidx.room.processor.PojoProcessor.access$doProcess(PojoProcessor.kt:56)
	at androidx.room.processor.PojoProcessor$process$1.invoke(PojoProcessor.kt:112)
	at androidx.room.processor.PojoProcessor$process$1.invoke(PojoProcessor.kt:109)
	at androidx.room.processor.cache.Cache$Bucket.get(Cache.kt:53)
	at androidx.room.processor.PojoProcessor.process(PojoProcessor.kt:109)
	at androidx.room.processor.NonEntityOrViewProcessor.process(EntityOrViewProcessor.kt:49)
	at androidx.room.processor.PojoProcessor.processRelationField(PojoProcessor.kt:540)
	at androidx.room.processor.PojoProcessor.doProcess(PojoProcessor.kt:205)
	at androidx.room.processor.PojoProcessor.access$doProcess(PojoProcessor.kt:56)
	at androidx.room.processor.PojoProcessor$process$1.invoke(PojoProcessor.kt:112)
	at androidx.room.processor.PojoProcessor$process$1.invoke(PojoProcessor.kt:109)
	at androidx.room.processor.cache.Cache$Bucket.get(Cache.kt:53)
	at androidx.room.processor.PojoProcessor.process(PojoProcessor.kt:109)
	at androidx.room.processor.NonEntityOrViewProcessor.process(EntityOrViewProcessor.kt:49)
	at androidx.room.processor.PojoProcessor.processRelationField(PojoProcessor.kt:540)
	at androidx.room.processor.PojoProcessor.doProcess(PojoProcessor.kt:205)
	at androidx.room.processor.PojoProcessor.access$doProcess(PojoProcessor.kt:56)
	at androidx.room.processor.PojoProcessor$process$1.invoke(PojoProcessor.kt:112)
	at androidx.room.processor.PojoProcessor$process$1.invoke(PojoProcessor.kt:109)
	at androidx.room.processor.cache.Cache$Bucket.get(Cache.kt:53)
	at androidx.room.processor.PojoProcessor.process(PojoProcessor.kt:109)
	at androidx.room.processor.NonEntityOrViewProcessor.process(EntityOrViewProcessor.kt:49)
	at androidx.room.processor.PojoProcessor.processRelationField(PojoProcessor.kt:540)
	at androidx.room.processor.PojoProcessor.doProcess(PojoProcessor.kt:205)
	at androidx.room.processor.PojoProcessor.access$doProcess(PojoProcessor.kt:56)
	at androidx.room.processor.PojoProcessor$process$1.invoke(PojoProcessor.kt:112)
	at androidx.room.processor.PojoProcessor$process$1.invoke(PojoProcessor.kt:109)
	at androidx.room.processor.cache.Cache$Bucket.get(Cache.kt:53)
	at androidx.room.processor.PojoProcessor.process(PojoProcessor.kt:109)
	at androidx.room.processor.NonEntityOrViewProcessor.process(EntityOrViewProcessor.kt:49)
	at androidx.room.processor.PojoProcessor.processRelationField(PojoProcessor.kt:540)
	at androidx.room.processor.PojoProcessor.doProcess(PojoProcessor.kt:205)
	at androidx.room.processor.PojoProcessor.access$doProcess(PojoProcessor.kt:56)
	at androidx.room.processor.PojoProcessor$process$1.invoke(PojoProcessor.kt:112)
	at androidx.room.processor.PojoProcessor$process$1.invoke(PojoProcessor.kt:109)
	at androidx.room.processor.cache.Cache$Bucket.get(Cache.kt:53)
	at androidx.room.processor.PojoProcessor.process(PojoProcessor.kt:109)
	at androidx.room.processor.NonEntityOrViewProcessor.process(EntityOrViewProcessor.kt:49)
	at androidx.room.processor.PojoProcessor.processRelationField(PojoProcessor.kt:540)
	at androidx.room.processor.PojoProcessor.doProcess(PojoProcessor.kt:205)
	at androidx.room.processor.PojoProcessor.access$doProcess(PojoProcessor.kt:56)
	at androidx.room.processor.PojoProcessor$process$1.invoke(PojoProcessor.kt:112)
	at androidx.room.processor.PojoProcessor$process$1.invoke(PojoProcessor.kt:109)
	at androidx.room.processor.cache.Cache$Bucket.get(Cache.kt:53)
	at androidx.room.processor.PojoProcessor.process(PojoProcessor.kt:109)
	at androidx.room.processor.NonEntityOrViewProcessor.process(EntityOrViewProcessor.kt:49)
	at androidx.room.processor.PojoProcessor.processRelationField(PojoProcessor.kt:540)
	at androidx.room.processor.PojoProcessor.doProcess(PojoProcessor.kt:205)
	at androidx.room.processor.PojoProcessor.access$doProcess(PojoProcessor.kt:56)
	at androidx.room.processor.PojoProcessor$process$1.invoke(PojoProcessor.kt:112)
	at androidx.room.processor.PojoProcessor$process$1.invoke(PojoProcessor.kt:109)
	at androidx.room.processor.cache.Cache$Bucket.get(Cache.kt:53)
	at androidx.room.processor.PojoProcessor.process(PojoProcessor.kt:109)
	at androidx.room.processor.NonEntityOrViewProcessor.process(EntityOrViewProcessor.kt:49)
	at androidx.room.processor.PojoProcessor.processRelationField(PojoProcessor.kt:540)
	at androidx.room.processor.PojoProcessor.doProcess(PojoProcessor.kt:205)
	at androidx.room.processor.PojoProcessor.access$doProcess(PojoProcessor.kt:56)
	at androidx.room.processor.PojoProcessor$process$1.invoke(PojoProcessor.kt:112)
	at androidx.room.processor.PojoProcessor$process$1.invoke(PojoProcessor.kt:109)
	at androidx.room.processor.cache.Cache$Bucket.get(Cache.kt:53)
	at androidx.room.processor.PojoProcessor.process(PojoProcessor.kt:109)
	at androidx.room.processor.NonEntityOrViewProcessor.process(EntityOrViewProcessor.kt:49)
	at androidx.room.processor.PojoProcessor.processRelationField(PojoProcessor.kt:540)
	at androidx.room.processor.PojoProcessor.doProcess(PojoProcessor.kt:205)
	at androidx.room.processor.PojoProcessor.access$doProcess(PojoProcessor.kt:56)
	at androidx.room.processor.PojoProcessor$process$1.invoke(PojoProcessor.kt:112)
	at androidx.room.processor.PojoProcessor$process$1.invoke(PojoProcessor.kt:109)
	at androidx.room.processor.cache.Cache$Bucket.get(Cache.kt:53)
	at androidx.room.processor.PojoProcessor.process(PojoProcessor.kt:109)
	at androidx.room.processor.NonEntityOrViewProcessor.process(EntityOrViewProcessor.kt:49)
	at androidx.room.processor.PojoProcessor.processRelationField(PojoProcessor.kt:540)
	at androidx.room.processor.PojoProcessor.doProcess(PojoProcessor.kt:205)
	at androidx.room.processor.PojoProcessor.access$doProcess(PojoProcessor.kt:56)
	at androidx.room.processor.PojoProcessor$process$1.invoke(PojoProcessor.kt:112)
	at androidx.room.processor.PojoProcessor$process$1.invoke(PojoProcessor.kt:109)
	at androidx.room.processor.cache.Cache$Bucket.get(Cache.kt:53)
	at androidx.room.processor.PojoProcessor.process(PojoProcessor.kt:109)
	at androidx.room.processor.NonEntityOrViewProcessor.process(EntityOrViewProcessor.kt:49)
	at androidx.room.processor.PojoProcessor.processRelationField(PojoProcessor.kt:540)
	at androidx.room.processor.PojoProcessor.doProcess(PojoProcessor.kt:205)
	at androidx.room.processor.PojoProcessor.access$doProcess(PojoProcessor.kt:56)
	at androidx.room.processor.PojoProcessor$process$1.invoke(PojoProcessor.kt:112)
	at androidx.room.processor.PojoProcessor$process$1.invoke(PojoProcessor.kt:109)
	at androidx.room.processor.cache.Cache$Bucket.get(Cache.kt:53)
	at androidx.room.processor.PojoProcessor.process(PojoProcessor.kt:109)
	at androidx.room.processor.NonEntityOrViewProcessor.process(EntityOrViewProcessor.kt:49)
	at androidx.room.processor.PojoProcessor.processRelationField(PojoProcessor.kt:540)
	at androidx.room.processor.PojoProcessor.doProcess(PojoProcessor.kt:205)
	at androidx.room.processor.PojoProcessor.access$doProcess(PojoProcessor.kt:56)
	at androidx.room.processor.PojoProcessor$process$1.invoke(PojoProcessor.kt:112)
	at androidx.room.processor.PojoProcessor$process$1.invoke(PojoProcessor.kt:109)
	at androidx.room.processor.cache.Cache$Bucket.get(Cache.kt:53)
	at androidx.room.processor.PojoProcessor.process(PojoProcessor.kt:109)
	at androidx.room.processor.NonEntityOrViewProcessor.process(EntityOrViewProcessor.kt:49)
	at androidx.room.processor.PojoProcessor.processRelationField(PojoProcessor.kt:540)
	at androidx.room.processor.PojoProcessor.doProcess(PojoProcessor.kt:205)
	at androidx.room.processor.PojoProcessor.access$doProcess(PojoProcessor.kt:56)
	at androidx.room.processor.PojoProcessor$process$1.invoke(PojoProcessor.kt:112)
	at androidx.room.processor.PojoProcessor$process$1.invoke(PojoProcessor.kt:109)
	at androidx.room.processor.cache.Cache$Bucket.get(Cache.kt:53)
	at androidx.room.processor.PojoProcessor.process(PojoProcessor.kt:109)
	at androidx.room.processor.NonEntityOrViewProcessor.process(EntityOrViewProcessor.kt:49)
	at androidx.room.processor.PojoProcessor.processRelationField(PojoProcessor.kt:540)
	at androidx.room.processor.PojoProcessor.doProcess(PojoProcessor.kt:205)
	at androidx.room.processor.PojoProcessor.access$doProcess(PojoProcessor.kt:56)
	at androidx.room.processor.PojoProcessor$process$1.invoke(PojoProcessor.kt:112)
	at androidx.room.processor.PojoProcessor$process$1.invoke(PojoProcessor.kt:109)
	at androidx.room.processor.cache.Cache$Bucket.get(Cache.kt:53)
	at androidx.room.processor.PojoProcessor.process(PojoProcessor.kt:109)
	at androidx.room.processor.NonEntityOrViewProcessor.process(EntityOrViewProcessor.kt:49)
	at androidx.room.processor.PojoProcessor.processRelationField(PojoProcessor.kt:540)
	at androidx.room.processor.PojoProcessor.doProcess(PojoProcessor.kt:205)
	at androidx.room.processor.PojoProcessor.access$doProcess(PojoProcessor.kt:56)
	at androidx.room.processor.PojoProcessor$process$1.invoke(PojoProcessor.kt:112)
	at androidx.room.processor.PojoProcessor$process$1.invoke(PojoProcessor.kt:109)
	at androidx.room.processor.cache.Cache$Bucket.get(Cache.kt:53)
	at androidx.room.processor.PojoProcessor.process(PojoProcessor.kt:109)
	at androidx.room.processor.NonEntityOrViewProcessor.process(EntityOrViewProcessor.kt:49)
	at androidx.room.processor.PojoProcessor.processRelationField(PojoProcessor.kt:540)
	at androidx.room.processor.PojoProcessor.doProcess(PojoProcessor.kt:205)
	at androidx.room.processor.PojoProcessor.access$doProcess(PojoProcessor.kt:56)
	at androidx.room.processor.PojoProcessor$process$1.invoke(PojoProcessor.kt:112)
	at androidx.room.processor.PojoProcessor$process$1.invoke(PojoProcessor.kt:109)
	at androidx.room.processor.cache.Cache$Bucket.get(Cache.kt:53)
	at androidx.room.processor.PojoProcessor.process(PojoProcessor.kt:109)
	at androidx.room.processor.NonEntityOrViewProcessor.process(EntityOrViewProcessor.kt:49)
	at androidx.room.processor.PojoProcessor.processRelationField(PojoProcessor.kt:540)
	at androidx.room.processor.PojoProcessor.doProcess(PojoProcessor.kt:205)
	at androidx.room.processor.PojoProcessor.access$doProcess(PojoProcessor.kt:56)
	at androidx.room.processor.PojoProcessor$process$1.invoke(PojoProcessor.kt:112)
	at androidx.room.processor.PojoProcessor$process$1.invoke(PojoProcessor.kt:109)
	at androidx.room.processor.cache.Cache$Bucket.get(Cache.kt:53)
	at androidx.room.processor.PojoProcessor.process(PojoProcessor.kt:109)
	at androidx.room.processor.NonEntityOrViewProcessor.process(EntityOrViewProcessor.kt:49)
	at androidx.room.processor.PojoProcessor.processRelationField(PojoProcessor.kt:540)
	at androidx.room.processor.PojoProcessor.doProcess(PojoProcessor.kt:205)
	at androidx.room.processor.PojoProcessor.access$doProcess(PojoProcessor.kt:56)
	at androidx.room.processor.PojoProcessor$process$1.invoke(PojoProcessor.kt:112)
	at androidx.room.processor.PojoProcessor$process$1.invoke(PojoProcessor.kt:109)
	at androidx.room.processor.cache.Cache$Bucket.get(Cache.kt:53)
	at androidx.room.processor.PojoProcessor.process(PojoProcessor.kt:109)
	at androidx.room.processor.NonEntityOrViewProcessor.process(EntityOrViewProcessor.kt:49)
	at androidx.room.processor.PojoProcessor.processRelationField(PojoProcessor.kt:540)
	at androidx.room.processor.PojoProcessor.doProcess(PojoProcessor.kt:205)
	at androidx.room.processor.PojoProcessor.access$doProcess(PojoProcessor.kt:56)
	at androidx.room.processor.PojoProcessor$process$1.invoke(PojoProcessor.kt:112)
	at androidx.room.processor.PojoProcessor$process$1.invoke(PojoProcessor.kt:109)
	at androidx.room.processor.cache.Cache$Bucket.get(Cache.kt:53)
	at androidx.room.processor.PojoProcessor.process(PojoProcessor.kt:109)
	at androidx.room.processor.NonEntityOrViewProcessor.process(EntityOrViewProcessor.kt:49)
	at androidx.room.processor.PojoProcessor.processRelationField(PojoProcessor.kt:540)
	at androidx.room.processor.PojoProcessor.doProcess(PojoProcessor.kt:205)
	at androidx.room.processor.PojoProcessor.access$doProcess(PojoProcessor.kt:56)
	at androidx.room.processor.PojoProcessor$process$1.invoke(PojoProcessor.kt:112)
	at androidx.room.processor.PojoProcessor$process$1.invoke(PojoProcessor.kt:109)
	at androidx.room.processor.cache.Cache$Bucket.get(Cache.kt:53)
	at androidx.room.processor.PojoProcessor.process(PojoProcessor.kt:109)
	at androidx.room.processor.NonEntityOrViewProcessor.process(EntityOrViewProcessor.kt:49)
	at androidx.room.processor.PojoProcessor.processRelationField(PojoProcessor.kt:540)
	at androidx.room.processor.PojoProcessor.doProcess(PojoProcessor.kt:205)
	at androidx.room.processor.PojoProcessor.access$doProcess(PojoProcessor.kt:56)
	at androidx.room.processor.PojoProcessor$process$1.invoke(PojoProcessor.kt:112)
	at androidx.room.processor.PojoProcessor$process$1.invoke(PojoProcessor.kt:109)
	at androidx.room.processor.cache.Cache$Bucket.get(Cache.kt:53)
	at androidx.room.processor.PojoProcessor.process(PojoProcessor.kt:109)
	at androidx.room.processor.NonEntityOrViewProcessor.process(EntityOrViewProcessor.kt:49)
	at androidx.room.processor.PojoProcessor.processRelationField(PojoProcessor.kt:540)
	at androidx.room.processor.PojoProcessor.doProcess(PojoProcessor.kt:205)
	at androidx.room.processor.PojoProcessor.access$doProcess(PojoProcessor.kt:56)
	at androidx.room.processor.PojoProcessor$process$1.invoke(PojoProcessor.kt:112)
	at androidx.room.processor.PojoProcessor$process$1.invoke(PojoProcessor.kt:109)
	at androidx.room.processor.cache.Cache$Bucket.get(Cache.kt:53)
	at androidx.room.processor.PojoProcessor.process(PojoProcessor.kt:109)
	at androidx.room.processor.NonEntityOrViewProcessor.process(EntityOrViewProcessor.kt:49)
	at androidx.room.processor.PojoProcessor.processRelationField(PojoProcessor.kt:540)
	at androidx.room.processor.PojoProcessor.doProcess(PojoProcessor.kt:205)
	at androidx.room.processor.PojoProcessor.access$doProcess(PojoProcessor.kt:56)
	at androidx.room.processor.PojoProcessor$process$1.invoke(PojoProcessor.kt:112)
	at androidx.room.processor.PojoProcessor$process$1.invoke(PojoProcessor.kt:109)
	at androidx.room.processor.cache.Cache$Bucket.get(Cache.kt:53)
	at androidx.room.processor.PojoProcessor.process(PojoProcessor.kt:109)
	at androidx.room.processor.NonEntityOrViewProcessor.process(EntityOrViewProcessor.kt:49)
	at androidx.room.processor.PojoProcessor.processRelationField(PojoProcessor.kt:540)
	at androidx.room.processor.PojoProcessor.doProcess(PojoProcessor.kt:205)
	at androidx.room.processor.PojoProcessor.access$doProcess(PojoProcessor.kt:56)
	at androidx.room.processor.PojoProcessor$process$1.invoke(PojoProcessor.kt:112)
	at androidx.room.processor.PojoProcessor$process$1.invoke(PojoProcessor.kt:109)
	at androidx.room.processor.cache.Cache$Bucket.get(Cache.kt:53)
	at androidx.room.processor.PojoProcessor.process(PojoProcessor.kt:109)
	at androidx.room.processor.NonEntityOrViewProcessor.process(EntityOrViewProcessor.kt:49)
	at androidx.room.processor.PojoProcessor.processRelationField(PojoProcessor.kt:540)
	at androidx.room.processor.PojoProcessor.doProcess(PojoProcessor.kt:205)
	at androidx.room.processor.PojoProcessor.access$doProcess(PojoProcessor.kt:56)
	at androidx.room.processor.PojoProcessor$process$1.invoke(PojoProcessor.kt:112)
	at androidx.room.processor.PojoProcessor$process$1.invoke(PojoProcessor.kt:109)
	at androidx.room.processor.cache.Cache$Bucket.get(Cache.kt:53)
	at androidx.room.processor.PojoProcessor.process(PojoProcessor.kt:109)
	at androidx.room.processor.NonEntityOrViewProcessor.process(EntityOrViewProcessor.kt:49)
	at androidx.room.processor.PojoProcessor.processRelationField(PojoProcessor.kt:540)
	at androidx.room.processor.PojoProcessor.doProcess(PojoProcessor.kt:205)
	at androidx.room.processor.PojoProcessor.access$doProcess(PojoProcessor.kt:56)
	at androidx.room.processor.PojoProcessor$process$1.invoke(PojoProcessor.kt:112)
	at androidx.room.processor.PojoProcessor$process$1.invoke(PojoProcessor.kt:109)
	at androidx.room.processor.cache.Cache$Bucket.get(Cache.kt:53)
	at androidx.room.processor.PojoProcessor.process(PojoProcessor.kt:109)
	at androidx.room.processor.NonEntityOrViewProcessor.process(EntityOrViewProcessor.kt:49)
	at androidx.room.processor.PojoProcessor.processRelationField(PojoProcessor.kt:540)
	at androidx.room.processor.PojoProcessor.doProcess(PojoProcessor.kt:205)
	at androidx.room.processor.PojoProcessor.access$doProcess(PojoProcessor.kt:56)
	at androidx.room.processor.PojoProcessor$process$1.invoke(PojoProcessor.kt:112)
	at androidx.room.processor.PojoProcessor$process$1.invoke(PojoProcessor.kt:109)
	at androidx.room.processor.cache.Cache$Bucket.get(Cache.kt:53)
	at androidx.room.processor.PojoProcessor.process(PojoProcessor.kt:109)
	at androidx.room.processor.NonEntityOrViewProcessor.process(EntityOrViewProcessor.kt:49)
	at androidx.room.processor.PojoProcessor.processRelationField(PojoProcessor.kt:540)
	at androidx.room.processor.PojoProcessor.doProcess(PojoProcessor.kt:205)
	at androidx.room.processor.PojoProcessor.access$doProcess(PojoProcessor.kt:56)
	at androidx.room.processor.PojoProcessor$process$1.invoke(PojoProcessor.kt:112)
	at androidx.room.processor.PojoProcessor$process$1.invoke(PojoProcessor.kt:109)
	at androidx.room.processor.cache.Cache$Bucket.get(Cache.kt:53)
	at androidx.room.processor.PojoProcessor.process(PojoProcessor.kt:109)
	at androidx.room.processor.NonEntityOrViewProcessor.process(EntityOrViewProcessor.kt:49)
	at androidx.room.processor.PojoProcessor.processRelationField(PojoProcessor.kt:540)
	at androidx.room.processor.PojoProcessor.doProcess(PojoProcessor.kt:205)
	at androidx.room.processor.PojoProcessor.access$doProcess(PojoProcessor.kt:56)
	at androidx.room.processor.PojoProcessor$process$1.invoke(PojoProcessor.kt:112)
	at androidx.room.processor.PojoProcessor$process$1.invoke(PojoProcessor.kt:109)
	at androidx.room.processor.cache.Cache$Bucket.get(Cache.kt:53)
	at androidx.room.processor.PojoProcessor.process(PojoProcessor.kt:109)
	at androidx.room.processor.NonEntityOrViewProcessor.process(EntityOrViewProcessor.kt:49)
	at androidx.room.processor.PojoProcessor.processRelationField(PojoProcessor.kt:540)
	at androidx.room.processor.PojoProcessor.doProcess(PojoProcessor.kt:205)
	at androidx.room.processor.PojoProcessor.access$doProcess(PojoProcessor.kt:56)
	at androidx.room.processor.PojoProcessor$process$1.invoke(PojoProcessor.kt:112)
	at androidx.room.processor.PojoProcessor$process$1.invoke(PojoProcessor.kt:109)
	at androidx.room.processor.cache.Cache$Bucket.get(Cache.kt:53)
	at androidx.room.processor.PojoProcessor.process(PojoProcessor.kt:109)
	at androidx.room.processor.NonEntityOrViewProcessor.process(EntityOrViewProcessor.kt:49)
	at androidx.room.processor.PojoProcessor.processRelationField(PojoProcessor.kt:540)
	at androidx.room.processor.PojoProcessor.doProcess(PojoProcessor.kt:205)
	at androidx.room.processor.PojoProcessor.access$doProcess(PojoProcessor.kt:56)
	at androidx.room.processor.PojoProcessor$process$1.invoke(PojoProcessor.kt:112)
	at androidx.room.processor.PojoProcessor$process$1.invoke(PojoProcessor.kt:109)
	at androidx.room.processor.cache.Cache$Bucket.get(Cache.kt:53)
	at androidx.room.processor.PojoProcessor.process(PojoProcessor.kt:109)
	at androidx.room.processor.NonEntityOrViewProcessor.process(EntityOrViewProcessor.kt:49)
	at androidx.room.processor.PojoProcessor.processRelationField(PojoProcessor.kt:540)
	at androidx.room.processor.PojoProcessor.doProcess(PojoProcessor.kt:205)
	at androidx.room.processor.PojoProcessor.access$doProcess(PojoProcessor.kt:56)
	at androidx.room.processor.PojoProcessor$process$1.invoke(PojoProcessor.kt:112)
	at androidx.room.processor.PojoProcessor$process$1.invoke(PojoProcessor.kt:109)
	at androidx.room.processor.cache.Cache$Bucket.get(Cache.kt:53)
	at androidx.room.processor.PojoProcessor.process(PojoProcessor.kt:109)
	at androidx.room.processor.NonEntityOrViewProcessor.process(EntityOrViewProcessor.kt:49)
	at androidx.room.processor.PojoProcessor.processRelationField(PojoProcessor.kt:540)
	at androidx.room.processor.PojoProcessor.doProcess(PojoProcessor.kt:205)
	at androidx.room.processor.PojoProcessor.access$doProcess(PojoProcessor.kt:56)
	at androidx.room.processor.PojoProcessor$process$1.invoke(PojoProcessor.kt:112)
	at androidx.room.processor.PojoProcessor$process$1.invoke(PojoProcessor.kt:109)
	at androidx.room.processor.cache.Cache$Bucket.get(Cache.kt:53)
	at androidx.room.processor.PojoProcessor.process(PojoProcessor.kt:109)
	at androidx.room.processor.NonEntityOrViewProcessor.process(EntityOrViewProcessor.kt:49)
	at androidx.room.processor.PojoProcessor.processRelationField(PojoProcessor.kt:540)
	at androidx.room.processor.PojoProcessor.doProcess(PojoProcessor.kt:205)
	at androidx.room.processor.PojoProcessor.access$doProcess(PojoProcessor.kt:56)
	at androidx.room.processor.PojoProcessor$process$1.invoke(PojoProcessor.kt:112)
	at androidx.room.processor.PojoProcessor$process$1.invoke(PojoProcessor.kt:109)
	at androidx.room.processor.cache.Cache$Bucket.get(Cache.kt:53)
	at androidx.room.processor.PojoProcessor.process(PojoProcessor.kt:109)
	at androidx.room.processor.NonEntityOrViewProcessor.process(EntityOrViewProcessor.kt:49)
	at androidx.room.processor.PojoProcessor.processRelationField(PojoProcessor.kt:540)
	at androidx.room.processor.PojoProcessor.doProcess(PojoProcessor.kt:205)
	at androidx.room.processor.PojoProcessor.access$doProcess(PojoProcessor.kt:56)
	at androidx.room.processor.PojoProcessor$process$1.invoke(PojoProcessor.kt:112)
	at androidx.room.processor.PojoProcessor$process$1.invoke(PojoProcessor.kt:109)
	at androidx.room.processor.cache.Cache$Bucket.get(Cache.kt:53)
	at androidx.room.processor.PojoProcessor.process(PojoProcessor.kt:109)
	at androidx.room.processor.NonEntityOrViewProcessor.process(EntityOrViewProcessor.kt:49)
	at androidx.room.processor.PojoProcessor.processRelationField(PojoProcessor.kt:540)
	at androidx.room.processor.PojoProcessor.doProcess(PojoProcessor.kt:205)
	at androidx.room.processor.PojoProcessor.access$doProcess(PojoProcessor.kt:56)
	at androidx.room.processor.PojoProcessor$process$1.invoke(PojoProcessor.kt:112)
	at androidx.room.processor.PojoProcessor$process$1.invoke(PojoProcessor.kt:109)
	at androidx.room.processor.cache.Cache$Bucket.get(Cache.kt:53)
	at androidx.room.processor.PojoProcessor.process(PojoProcessor.kt:109)
	at androidx.room.processor.NonEntityOrViewProcessor.process(EntityOrViewProcessor.kt:49)
	at androidx.room.processor.PojoProcessor.processRelationField(PojoProcessor.kt:540)
	at androidx.room.processor.PojoProcessor.doProcess(PojoProcessor.kt:205)
	at androidx.room.processor.PojoProcessor.access$doProcess(PojoProcessor.kt:56)
	at androidx.room.processor.PojoProcessor$process$1.invoke(PojoProcessor.kt:112)
	at androidx.room.processor.PojoProcessor$process$1.invoke(PojoProcessor.kt:109)
	at androidx.room.processor.cache.Cache$Bucket.get(Cache.kt:53)
	at androidx.room.processor.PojoProcessor.process(PojoProcessor.kt:109)
	at androidx.room.processor.NonEntityOrViewProcessor.process(EntityOrViewProcessor.kt:49)
	at androidx.room.processor.PojoProcessor.processRelationField(PojoProcessor.kt:540)
	at androidx.room.processor.PojoProcessor.doProcess(PojoProcessor.kt:205)
	at androidx.room.processor.PojoProcessor.access$doProcess(PojoProcessor.kt:56)
	at androidx.room.processor.PojoProcessor$process$1.invoke(PojoProcessor.kt:112)
	at androidx.room.processor.PojoProcessor$process$1.invoke(PojoProcessor.kt:109)
	at androidx.room.processor.cache.Cache$Bucket.get(Cache.kt:53)
	at androidx.room.processor.PojoProcessor.process(PojoProcessor.kt:109)
	at androidx.room.processor.NonEntityOrViewProcessor.process(EntityOrViewProcessor.kt:49)
	at androidx.room.processor.PojoProcessor.processRelationField(PojoProcessor.kt:540)
	at androidx.room.processor.PojoProcessor.doProcess(PojoProcessor.kt:205)
	at androidx.room.processor.PojoProcessor.access$doProcess(PojoProcessor.kt:56)
	at androidx.room.processor.PojoProcessor$process$1.invoke(PojoProcessor.kt:112)
	at androidx.room.processor.PojoProcessor$process$1.invoke(PojoProcessor.kt:109)
	at androidx.room.processor.cache.Cache$Bucket.get(Cache.kt:53)
	at androidx.room.processor.PojoProcessor.process(PojoProcessor.kt:109)
	at androidx.room.processor.NonEntityOrViewProcessor.process(EntityOrViewProcessor.kt:49)
	at androidx.room.processor.PojoProcessor.processRelationField(PojoProcessor.kt:540)
	at androidx.room.processor.PojoProcessor.doProcess(PojoProcessor.kt:205)
	at androidx.room.processor.PojoProcessor.access$doProcess(PojoProcessor.kt:56)
	at androidx.room.processor.PojoProcessor$process$1.invoke(PojoProcessor.kt:112)
	at androidx.room.processor.PojoProcessor$process$1.invoke(PojoProcessor.kt:109)
	at androidx.room.processor.cache.Cache$Bucket.get(Cache.kt:53)
	at androidx.room.processor.PojoProcessor.process(PojoProcessor.kt:109)
	at androidx.room.processor.NonEntityOrViewProcessor.process(EntityOrViewProcessor.kt:49)
	at androidx.room.processor.PojoProcessor.processRelationField(PojoProcessor.kt:540)
	at androidx.room.processor.PojoProcessor.doProcess(PojoProcessor.kt:205)
	at androidx.room.processor.PojoProcessor.access$doProcess(PojoProcessor.kt:56)
	at androidx.room.processor.PojoProcessor$process$1.invoke(PojoProcessor.kt:112)
	at androidx.room.processor.PojoProcessor$process$1.invoke(PojoProcessor.kt:109)
	at androidx.room.processor.cache.Cache$Bucket.get(Cache.kt:53)
	at androidx.room.processor.PojoProcessor.process(PojoProcessor.kt:109)
	at androidx.room.processor.NonEntityOrViewProcessor.process(EntityOrViewProcessor.kt:49)
	at androidx.room.processor.PojoProcessor.processRelationField(PojoProcessor.kt:540)
	at androidx.room.processor.PojoProcessor.doProcess(PojoProcessor.kt:205)
	at androidx.room.processor.PojoProcessor.access$doProcess(PojoProcessor.kt:56)
	at androidx.room.processor.PojoProcessor$process$1.invoke(PojoProcessor.kt:112)
	at androidx.room.processor.PojoProcessor$process$1.invoke(PojoProcessor.kt:109)
	at androidx.room.processor.cache.Cache$Bucket.get(Cache.kt:53)
	at androidx.room.processor.PojoProcessor.process(PojoProcessor.kt:109)
	at androidx.room.processor.NonEntityOrViewProcessor.process(EntityOrViewProcessor.kt:49)
	at androidx.room.processor.PojoProcessor.processRelationField(PojoProcessor.kt:540)
	at androidx.room.processor.PojoProcessor.doProcess(PojoProcessor.kt:205)
	at androidx.room.processor.PojoProcessor.access$doProcess(PojoProcessor.kt:56)
	at androidx.room.processor.PojoProcessor$process$1.invoke(PojoProcessor.kt:112)
	at androidx.room.processor.PojoProcessor$process$1.invoke(PojoProcessor.kt:109)
	at androidx.room.processor.cache.Cache$Bucket.get(Cache.kt:53)
	at androidx.room.processor.PojoProcessor.process(PojoProcessor.kt:109)
	at androidx.room.processor.NonEntityOrViewProcessor.process(EntityOrViewProcessor.kt:49)
	at androidx.room.processor.PojoProcessor.processRelationField(PojoProcessor.kt:540)
	at androidx.room.processor.PojoProcessor.doProcess(PojoProcessor.kt:205)
	at androidx.room.processor.PojoProcessor.access$doProcess(PojoProcessor.kt:56)
	at androidx.room.processor.PojoProcessor$process$1.invoke(PojoProcessor.kt:112)
	at androidx.room.processor.PojoProcessor$process$1.invoke(PojoProcessor.kt:109)
	at androidx.room.processor.cache.Cache$Bucket.get(Cache.kt:53)
	at androidx.room.processor.PojoProcessor.process(PojoProcessor.kt:109)
	at androidx.room.processor.NonEntityOrViewProcessor.process(EntityOrViewProcessor.kt:49)
	at androidx.room.processor.PojoProcessor.processRelationField(PojoProcessor.kt:540)
	at androidx.room.processor.PojoProcessor.doProcess(PojoProcessor.kt:205)
	at androidx.room.processor.PojoProcessor.access$doProcess(PojoProcessor.kt:56)
	at androidx.room.processor.PojoProcessor$process$1.invoke(PojoProcessor.kt:112)
	at androidx.room.processor.PojoProcessor$process$1.invoke(PojoProcessor.kt:109)
	at androidx.room.processor.cache.Cache$Bucket.get(Cache.kt:53)
	at androidx.room.processor.PojoProcessor.process(PojoProcessor.kt:109)
	at androidx.room.processor.NonEntityOrViewProcessor.process(EntityOrViewProcessor.kt:49)
	at androidx.room.processor.PojoProcessor.processRelationField(PojoProcessor.kt:540)
	at androidx.room.processor.PojoProcessor.doProcess(PojoProcessor.kt:205)
	at androidx.room.processor.PojoProcessor.access$doProcess(PojoProcessor.kt:56)
	at androidx.room.processor.PojoProcessor$process$1.invoke(PojoProcessor.kt:112)
	at androidx.room.processor.PojoProcessor$process$1.invoke(PojoProcessor.kt:109)
	at androidx.room.processor.cache.Cache$Bucket.get(Cache.kt:53)
	at androidx.room.processor.PojoProcessor.process(PojoProcessor.kt:109)
	at androidx.room.processor.NonEntityOrViewProcessor.process(EntityOrViewProcessor.kt:49)
	at androidx.room.processor.PojoProcessor.processRelationField(PojoProcessor.kt:540)
	at androidx.room.processor.PojoProcessor.doProcess(PojoProcessor.kt:205)
	at androidx.room.processor.PojoProcessor.access$doProcess(PojoProcessor.kt:56)
	at androidx.room.processor.PojoProcessor$process$1.invoke(PojoProcessor.kt:112)
	at androidx.room.processor.PojoProcessor$process$1.invoke(PojoProcessor.kt:109)
	at androidx.room.processor.cache.Cache$Bucket.get(Cache.kt:53)
	at androidx.room.processor.PojoProcessor.process(PojoProcessor.kt:109)
	at androidx.room.processor.NonEntityOrViewProcessor.process(EntityOrViewProcessor.kt:49)
	at androidx.room.processor.PojoProcessor.processRelationField(PojoProcessor.kt:540)
	at androidx.room.processor.PojoProcessor.doProcess(PojoProcessor.kt:205)
	at androidx.room.processor.PojoProcessor.access$doProcess(PojoProcessor.kt:56)
	at androidx.room.processor.PojoProcessor$process$1.invoke(PojoProcessor.kt:112)
	at androidx.room.processor.PojoProcessor$process$1.invoke(PojoProcessor.kt:109)
	at androidx.room.processor.cache.Cache$Bucket.get(Cache.kt:53)
	at androidx.room.processor.PojoProcessor.process(PojoProcessor.kt:109)
	at androidx.room.processor.NonEntityOrViewProcessor.process(EntityOrViewProcessor.kt:49)
	at androidx.room.processor.PojoProcessor.processRelationField(PojoProcessor.kt:540)
	at androidx.room.processor.PojoProcessor.doProcess(PojoProcessor.kt:205)
	at androidx.room.processor.PojoProcessor.access$doProcess(PojoProcessor.kt:56)
	at androidx.room.processor.PojoProcessor$process$1.invoke(PojoProcessor.kt:112)
	at androidx.room.processor.PojoProcessor$process$1.invoke(PojoProcessor.kt:109)
	at androidx.room.processor.cache.Cache$Bucket.get(Cache.kt:53)
	at androidx.room.processor.PojoProcessor.process(PojoProcessor.kt:109)
	at androidx.room.processor.NonEntityOrViewProcessor.process(EntityOrViewProcessor.kt:49)
	at androidx.room.processor.PojoProcessor.processRelationField(PojoProcessor.kt:540)
	at androidx.room.processor.PojoProcessor.doProcess(PojoProcessor.kt:205)
	at androidx.room.processor.PojoProcessor.access$doProcess(PojoProcessor.kt:56)
	at androidx.room.processor.PojoProcessor$process$1.invoke(PojoProcessor.kt:112)
	at androidx.room.processor.PojoProcessor$process$1.invoke(PojoProcessor.kt:109)
	at androidx.room.processor.cache.Cache$Bucket.get(Cache.kt:53)
	at androidx.room.processor.PojoProcessor.process(PojoProcessor.kt:109)
	at androidx.room.processor.NonEntityOrViewProcessor.process(EntityOrViewProcessor.kt:49)
	at androidx.room.processor.PojoProcessor.processRelationField(PojoProcessor.kt:540)
	at androidx.room.processor.PojoProcessor.doProcess(PojoProcessor.kt:205)
	at androidx.room.processor.PojoProcessor.access$doProcess(PojoProcessor.kt:56)
	at androidx.room.processor.PojoProcessor$process$1.invoke(PojoProcessor.kt:112)
	at androidx.room.processor.PojoProcessor$process$1.invoke(PojoProcessor.kt:109)
	at androidx.room.processor.cache.Cache$Bucket.get(Cache.kt:53)
	at androidx.room.processor.PojoProcessor.process(PojoProcessor.kt:109)
	at androidx.room.processor.NonEntityOrViewProcessor.process(EntityOrViewProcessor.kt:49)
	at androidx.room.processor.PojoProcessor.processRelationField(PojoProcessor.kt:540)
	at androidx.room.processor.PojoProcessor.doProcess(PojoProcessor.kt:205)
	at androidx.room.processor.PojoProcessor.access$doProcess(PojoProcessor.kt:56)
	at androidx.room.processor.PojoProcessor$process$1.invoke(PojoProcessor.kt:112)
	at androidx.room.processor.PojoProcessor$process$1.invoke(PojoProcessor.kt:109)
	at androidx.room.processor.cache.Cache$Bucket.get(Cache.kt:53)
	at androidx.room.processor.PojoProcessor.process(PojoProcessor.kt:109)
	at androidx.room.processor.NonEntityOrViewProcessor.process(EntityOrViewProcessor.kt:49)
	at androidx.room.processor.PojoProcessor.processRelationField(PojoProcessor.kt:540)
	at androidx.room.processor.PojoProcessor.doProcess(PojoProcessor.kt:205)
	at androidx.room.processor.PojoProcessor.access$doProcess(PojoProcessor.kt:56)
	at androidx.room.processor.PojoProcessor$process$1.invoke(PojoProcessor.kt:112)
	at androidx.room.processor.PojoProcessor$process$1.invoke(PojoProcessor.kt:109)
	at androidx.room.processor.cache.Cache$Bucket.get(Cache.kt:53)
	at androidx.room.processor.PojoProcessor.process(PojoProcessor.kt:109)
	at androidx.room.processor.NonEntityOrViewProcessor.process(EntityOrViewProcessor.kt:49)
	at androidx.room.processor.PojoProcessor.processRelationField(PojoProcessor.kt:540)
	at androidx.room.processor.PojoProcessor.doProcess(PojoProcessor.kt:205)
	at androidx.room.processor.PojoProcessor.access$doProcess(PojoProcessor.kt:56)
	at androidx.room.processor.PojoProcessor$process$1.invoke(PojoProcessor.kt:112)
	at androidx.room.processor.PojoProcessor$process$1.invoke(PojoProcessor.kt:109)
	at androidx.room.processor.cache.Cache$Bucket.get(Cache.kt:53)
	at androidx.room.processor.PojoProcessor.process(PojoProcessor.kt:109)
	at androidx.room.processor.NonEntityOrViewProcessor.process(EntityOrViewProcessor.kt:49)
	at androidx.room.processor.PojoProcessor.processRelationField(PojoProcessor.kt:540)
	at androidx.room.processor.PojoProcessor.doProcess(PojoProcessor.kt:205)
	at androidx.room.processor.PojoProcessor.access$doProcess(PojoProcessor.kt:56)
	at androidx.room.processor.PojoProcessor$process$1.invoke(PojoProcessor.kt:112)
	at androidx.room.processor.PojoProcessor$process$1.invoke(PojoProcessor.kt:109)
	at androidx.room.processor.cache.Cache$Bucket.get(Cache.kt:53)
	at androidx.room.processor.PojoProcessor.process(PojoProcessor.kt:109)
	at androidx.room.processor.NonEntityOrViewProcessor.process(EntityOrViewProcessor.kt:49)
	at androidx.room.processor.PojoProcessor.processRelationField(PojoProcessor.kt:540)
	at androidx.room.processor.PojoProcessor.doProcess(PojoProcessor.kt:205)
	at androidx.room.processor.PojoProcessor.access$doProcess(PojoProcessor.kt:56)
	at androidx.room.processor.PojoProcessor$process$1.invoke(PojoProcessor.kt:112)
	at androidx.room.processor.PojoProcessor$process$1.invoke(PojoProcessor.kt:109)
	at androidx.room.processor.cache.Cache$Bucket.get(Cache.kt:53)
	at androidx.room.processor.PojoProcessor.process(PojoProcessor.kt:109)
	at androidx.room.processor.NonEntityOrViewProcessor.process(EntityOrViewProcessor.kt:49)
	at androidx.room.processor.PojoProcessor.processRelationField(PojoProcessor.kt:540)
	at androidx.room.processor.PojoProcessor.doProcess(PojoProcessor.kt:205)
	at androidx.room.processor.PojoProcessor.access$doProcess(PojoProcessor.kt:56)
	at androidx.room.processor.PojoProcessor$process$1.invoke(PojoProcessor.kt:112)
	at androidx.room.processor.PojoProcessor$process$1.invoke(PojoProcessor.kt:109)
	at androidx.room.processor.cache.Cache$Bucket.get(Cache.kt:53)
	at androidx.room.processor.PojoProcessor.process(PojoProcessor.kt:109)
	at androidx.room.processor.NonEntityOrViewProcessor.process(EntityOrViewProcessor.kt:49)
	at androidx.room.processor.PojoProcessor.processRelationField(PojoProcessor.kt:540)
	at androidx.room.processor.PojoProcessor.doProcess(PojoProcessor.kt:205)
	at androidx.room.processor.PojoProcessor.access$doProcess(PojoProcessor.kt:56)
	at androidx.room.processor.PojoProcessor$process$1.invoke(PojoProcessor.kt:112)
	at androidx.room.processor.PojoProcessor$process$1.invoke(PojoProcessor.kt:109)
	at androidx.room.processor.cache.Cache$Bucket.get(Cache.kt:53)
	at androidx.room.processor.PojoProcessor.process(PojoProcessor.kt:109)
	at androidx.room.processor.NonEntityOrViewProcessor.process(EntityOrViewProcessor.kt:49)
	at androidx.room.processor.PojoProcessor.processRelationField(PojoProcessor.kt:540)
	at androidx.room.processor.PojoProcessor.doProcess(PojoProcessor.kt:205)
	at androidx.room.processor.PojoProcessor.access$doProcess(PojoProcessor.kt:56)
	at androidx.room.processor.PojoProcessor$process$1.invoke(PojoProcessor.kt:112)
	at androidx.room.processor.PojoProcessor$process$1.invoke(PojoProcessor.kt:109)
	at androidx.room.processor.cache.Cache$Bucket.get(Cache.kt:53)
	at androidx.room.processor.PojoProcessor.process(PojoProcessor.kt:109)
	at androidx.room.processor.NonEntityOrViewProcessor.process(EntityOrViewProcessor.kt:49)
	at androidx.room.processor.PojoProcessor.processRelationField(PojoProcessor.kt:540)
	at androidx.room.processor.PojoProcessor.doProcess(PojoProcessor.kt:205)
	at androidx.room.processor.PojoProcessor.access$doProcess(PojoProcessor.kt:56)
	at androidx.room.processor.PojoProcessor$process$1.invoke(PojoProcessor.kt:112)
	at androidx.room.processor.PojoProcessor$process$1.invoke(PojoProcessor.kt:109)
	at androidx.room.processor.cache.Cache$Bucket.get(Cache.kt:53)
	at androidx.room.processor.PojoProcessor.process(PojoProcessor.kt:109)
	at androidx.room.processor.NonEntityOrViewProcessor.process(EntityOrViewProcessor.kt:49)
	at androidx.room.processor.PojoProcessor.processRelationField(PojoProcessor.kt:540)
	at androidx.room.processor.PojoProcessor.doProcess(PojoProcessor.kt:205)
	at androidx.room.processor.PojoProcessor.access$doProcess(PojoProcessor.kt:56)
	at androidx.room.processor.PojoProcessor$process$1.invoke(PojoProcessor.kt:112)
	at androidx.room.processor.PojoProcessor$process$1.invoke(PojoProcessor.kt:109)
	at androidx.room.processor.cache.Cache$Bucket.get(Cache.kt:53)
	at androidx.room.processor.PojoProcessor.process(PojoProcessor.kt:109)
	at androidx.room.processor.NonEntityOrViewProcessor.process(EntityOrViewProcessor.kt:49)
	at androidx.room.processor.PojoProcessor.processRelationField(PojoProcessor.kt:540)
	at androidx.room.processor.PojoProcessor.doProcess(PojoProcessor.kt:205)
	at androidx.room.processor.PojoProcessor.access$doProcess(PojoProcessor.kt:56)
	at androidx.room.processor.PojoProcessor$process$1.invoke(PojoProcessor.kt:112)
	at androidx.room.processor.PojoProcessor$process$1.invoke(PojoProcessor.kt:109)
	at androidx.room.processor.cache.Cache$Bucket.get(Cache.kt:53)
	at androidx.room.processor.PojoProcessor.process(PojoProcessor.kt:109)
	at androidx.room.processor.NonEntityOrViewProcessor.process(EntityOrViewProcessor.kt:49)
	at androidx.room.processor.PojoProcessor.processRelationField(PojoProcessor.kt:540)
	at androidx.room.processor.PojoProcessor.doProcess(PojoProcessor.kt:205)
	at androidx.room.processor.PojoProcessor.access$doProcess(PojoProcessor.kt:56)
	at androidx.room.processor.PojoProcessor$process$1.invoke(PojoProcessor.kt:112)
	at androidx.room.processor.PojoProcessor$process$1.invoke(PojoProcessor.kt:109)
	at androidx.room.processor.cache.Cache$Bucket.get(Cache.kt:53)
	at androidx.room.processor.PojoProcessor.process(PojoProcessor.kt:109)
	at androidx.room.processor.NonEntityOrViewProcessor.process(EntityOrViewProcessor.kt:49)
	at androidx.room.processor.PojoProcessor.processRelationField(PojoProcessor.kt:540)
	at androidx.room.processor.PojoProcessor.doProcess(PojoProcessor.kt:205)
	at androidx.room.processor.PojoProcessor.access$doProcess(PojoProcessor.kt:56)
	at androidx.room.processor.PojoProcessor$process$1.invoke(PojoProcessor.kt:112)
	at androidx.room.processor.PojoProcessor$process$1.invoke(PojoProcessor.kt:109)
	at androidx.room.processor.cache.Cache$Bucket.get(Cache.kt:53)
	at androidx.room.processor.PojoProcessor.process(PojoProcessor.kt:109)
	at androidx.room.processor.NonEntityOrViewProcessor.process(EntityOrViewProcessor.kt:49)
	at androidx.room.processor.PojoProcessor.processRelationField(PojoProcessor.kt:540)
	at androidx.room.processor.PojoProcessor.doProcess(PojoProcessor.kt:205)
	at androidx.room.processor.PojoProcessor.access$doProcess(PojoProcessor.kt:56)
	at androidx.room.processor.PojoProcessor$process$1.invoke(PojoProcessor.kt:112)
	at androidx.room.processor.PojoProcessor$process$1.invoke(PojoProcessor.kt:109)
	at androidx.room.processor.cache.Cache$Bucket.get(Cache.kt:53)
	at androidx.room.processor.PojoProcessor.process(PojoProcessor.kt:109)
	at androidx.room.processor.NonEntityOrViewProcessor.process(EntityOrViewProcessor.kt:49)
	at androidx.room.processor.PojoProcessor.processRelationField(PojoProcessor.kt:540)
	at androidx.room.processor.PojoProcessor.doProcess(PojoProcessor.kt:205)
	at androidx.room.processor.PojoProcessor.access$doProcess(PojoProcessor.kt:56)
	at androidx.room.processor.PojoProcessor$process$1.invoke(PojoProcessor.kt:112)
	at androidx.room.processor.PojoProcessor$process$1.invoke(PojoProcessor.kt:109)
	at androidx.room.processor.cache.Cache$Bucket.get(Cache.kt:53)
	at androidx.room.processor.PojoProcessor.process(PojoProcessor.kt:109)
	at androidx.room.processor.NonEntityOrViewProcessor.process(EntityOrViewProcessor.kt:49)
	at androidx.room.processor.PojoProcessor.processRelationField(PojoProcessor.kt:540)
	at androidx.room.processor.PojoProcessor.doProcess(PojoProcessor.kt:205)
	at androidx.room.processor.PojoProcessor.access$doProcess(PojoProcessor.kt:56)
	at androidx.room.processor.PojoProcessor$process$1.invoke(PojoProcessor.kt:112)
	at androidx.room.processor.PojoProcessor$process$1.invoke(PojoProcessor.kt:109)
	at androidx.room.processor.cache.Cache$Bucket.get(Cache.kt:53)
	at androidx.room.processor.PojoProcessor.process(PojoProcessor.kt:109)
	at androidx.room.processor.NonEntityOrViewProcessor.process(EntityOrViewProcessor.kt:49)
	at androidx.room.processor.PojoProcessor.processRelationField(PojoProcessor.kt:540)
	at androidx.room.processor.PojoProcessor.doProcess(PojoProcessor.kt:205)
	at androidx.room.processor.PojoProcessor.access$doProcess(PojoProcessor.kt:56)
	at androidx.room.processor.PojoProcessor$process$1.invoke(PojoProcessor.kt:112)
	at androidx.room.processor.PojoProcessor$process$1.invoke(PojoProcessor.kt:109)
	at androidx.room.processor.cache.Cache$Bucket.get(Cache.kt:53)
	at androidx.room.processor.PojoProcessor.process(PojoProcessor.kt:109)
	at androidx.room.processor.NonEntityOrViewProcessor.process(EntityOrViewProcessor.kt:49)
	at androidx.room.processor.PojoProcessor.processRelationField(PojoProcessor.kt:540)
	at androidx.room.processor.PojoProcessor.doProcess(PojoProcessor.kt:205)
	at androidx.room.processor.PojoProcessor.access$doProcess(PojoProcessor.kt:56)
	at androidx.room.processor.PojoProcessor$process$1.invoke(PojoProcessor.kt:112)
	at androidx.room.processor.PojoProcessor$process$1.invoke(PojoProcessor.kt:109)
	at androidx.room.processor.cache.Cache$Bucket.get(Cache.kt:53)
	at androidx.room.processor.PojoProcessor.process(PojoProcessor.kt:109)
	at androidx.room.processor.NonEntityOrViewProcessor.process(EntityOrViewProcessor.kt:49)
	at androidx.room.processor.PojoProcessor.processRelationField(PojoProcessor.kt:540)
	at androidx.room.processor.PojoProcessor.doProcess(PojoProcessor.kt:205)
	at androidx.room.processor.PojoProcessor.access$doProcess(PojoProcessor.kt:56)
	at androidx.room.processor.PojoProcessor$process$1.invoke(PojoProcessor.kt:112)
	at androidx.room.processor.PojoProcessor$process$1.invoke(PojoProcessor.kt:109)
	at androidx.room.processor.cache.Cache$Bucket.get(Cache.kt:53)
	at androidx.room.processor.PojoProcessor.process(PojoProcessor.kt:109)
	at androidx.room.processor.NonEntityOrViewProcessor.process(EntityOrViewProcessor.kt:49)
	at androidx.room.processor.PojoProcessor.processRelationField(PojoProcessor.kt:540)
	at androidx.room.processor.PojoProcessor.doProcess(PojoProcessor.kt:205)
	at androidx.room.processor.PojoProcessor.access$doProcess(PojoProcessor.kt:56)
	at androidx.room.processor.PojoProcessor$process$1.invoke(PojoProcessor.kt:112)
	at androidx.room.processor.PojoProcessor$process$1.invoke(PojoProcessor.kt:109)
	at androidx.room.processor.cache.Cache$Bucket.get(Cache.kt:53)
	at androidx.room.processor.PojoProcessor.process(PojoProcessor.kt:109)
	at androidx.room.processor.NonEntityOrViewProcessor.process(EntityOrViewProcessor.kt:49)
	at androidx.room.processor.PojoProcessor.processRelationField(PojoProcessor.kt:540)
	at androidx.room.processor.PojoProcessor.doProcess(PojoProcessor.kt:205)
	at androidx.room.processor.PojoProcessor.access$doProcess(PojoProcessor.kt:56)
	at androidx.room.processor.PojoProcessor$process$1.invoke(PojoProcessor.kt:112)
	at androidx.room.processor.PojoProcessor$process$1.invoke(PojoProcessor.kt:109)
	at androidx.room.processor.cache.Cache$Bucket.get(Cache.kt:53)
	at androidx.room.processor.PojoProcessor.process(PojoProcessor.kt:109)
	at androidx.room.processor.NonEntityOrViewProcessor.process(EntityOrViewProcessor.kt:49)
	at androidx.room.processor.PojoProcessor.processRelationField(PojoProcessor.kt:540)
	at androidx.room.processor.PojoProcessor.doProcess(PojoProcessor.kt:205)
	at androidx.room.processor.PojoProcessor.access$doProcess(PojoProcessor.kt:56)
	at androidx.room.processor.PojoProcessor$process$1.invoke(PojoProcessor.kt:112)
	at androidx.room.processor.PojoProcessor$process$1.invoke(PojoProcessor.kt:109)
	at androidx.room.processor.cache.Cache$Bucket.get(Cache.kt:53)
	at androidx.room.processor.PojoProcessor.process(PojoProcessor.kt:109)
	at androidx.room.processor.NonEntityOrViewProcessor.process(EntityOrViewProcessor.kt:49)
	at androidx.room.processor.PojoProcessor.processRelationField(PojoProcessor.kt:540)
	at androidx.room.processor.PojoProcessor.doProcess(PojoProcessor.kt:205)
	at androidx.room.processor.PojoProcessor.access$doProcess(PojoProcessor.kt:56)
	at androidx.room.processor.PojoProcessor$process$1.invoke(PojoProcessor.kt:112)
	at androidx.room.processor.PojoProcessor$process$1.invoke(PojoProcessor.kt:109)
	at androidx.room.processor.cache.Cache$Bucket.get(Cache.kt:53)
	at androidx.room.processor.PojoProcessor.process(PojoProcessor.kt:109)
	at androidx.room.processor.NonEntityOrViewProcessor.process(EntityOrViewProcessor.kt:49)
	at androidx.room.processor.PojoProcessor.processRelationField(PojoProcessor.kt:540)
	at androidx.room.processor.PojoProcessor.doProcess(PojoProcessor.kt:205)
	at androidx.room.processor.PojoProcessor.access$doProcess(PojoProcessor.kt:56)
	at androidx.room.processor.PojoProcessor$process$1.invoke(PojoProcessor.kt:112)
	at androidx.room.processor.PojoProcessor$process$1.invoke(PojoProcessor.kt:109)
	at androidx.room.processor.cache.Cache$Bucket.get(Cache.kt:53)
	at androidx.room.processor.PojoProcessor.process(PojoProcessor.kt:109)
	at androidx.room.processor.NonEntityOrViewProcessor.process(EntityOrViewProcessor.kt:49)
	at androidx.room.processor.PojoProcessor.processRelationField(PojoProcessor.kt:540)
	at androidx.room.processor.PojoProcessor.doProcess(PojoProcessor.kt:205)
	at androidx.room.processor.PojoProcessor.access$doProcess(PojoProcessor.kt:56)
	at androidx.room.processor.PojoProcessor$process$1.invoke(PojoProcessor.kt:112)
	at androidx.room.processor.PojoProcessor$process$1.invoke(PojoProcessor.kt:109)
	at androidx.room.processor.cache.Cache$Bucket.get(Cache.kt:53)
	at androidx.room.processor.PojoProcessor.process(PojoProcessor.kt:109)
	at androidx.room.processor.NonEntityOrViewProcessor.process(EntityOrViewProcessor.kt:49)
	at androidx.room.processor.PojoProcessor.processRelationField(PojoProcessor.kt:540)
	at androidx.room.processor.PojoProcessor.doProcess(PojoProcessor.kt:205)
	at androidx.room.processor.PojoProcessor.access$doProcess(PojoProcessor.kt:56)
	at androidx.room.processor.PojoProcessor$process$1.invoke(PojoProcessor.kt:112)
	at androidx.room.processor.PojoProcessor$process$1.invoke(PojoProcessor.kt:109)
	at androidx.room.processor.cache.Cache$Bucket.get(Cache.kt:53)
	at androidx.room.processor.PojoProcessor.process(PojoProcessor.kt:109)
	at androidx.room.processor.NonEntityOrViewProcessor.process(EntityOrViewProcessor.kt:49)
	at androidx.room.processor.PojoProcessor.processRelationField(PojoProcessor.kt:540)
	at androidx.room.processor.PojoProcessor.doProcess(PojoProcessor.kt:205)
	at androidx.room.processor.PojoProcessor.access$doProcess(PojoProcessor.kt:56)
	at androidx.room.processor.PojoProcessor$process$1.invoke(PojoProcessor.kt:112)
	at androidx.room.processor.PojoProcessor$process$1.invoke(PojoProcessor.kt:109)
	at androidx.room.processor.cache.Cache$Bucket.get(Cache.kt:53)
	at androidx.room.processor.PojoProcessor.process(PojoProcessor.kt:109)
	at androidx.room.processor.NonEntityOrViewProcessor.process(EntityOrViewProcessor.kt:49)
	at androidx.room.processor.PojoProcessor.processRelationField(PojoProcessor.kt:540)
	at androidx.room.processor.PojoProcessor.doProcess(PojoProcessor.kt:205)
	at androidx.room.processor.PojoProcessor.access$doProcess(PojoProcessor.kt:56)
	at androidx.room.processor.PojoProcessor$process$1.invoke(PojoProcessor.kt:112)
	at androidx.room.processor.PojoProcessor$process$1.invoke(PojoProcessor.kt:109)
	at androidx.room.processor.cache.Cache$Bucket.get(Cache.kt:53)
	at androidx.room.processor.PojoProcessor.process(PojoProcessor.kt:109)
	at androidx.room.processor.NonEntityOrViewProcessor.process(EntityOrViewProcessor.kt:49)
	at androidx.room.processor.PojoProcessor.processRelationField(PojoProcessor.kt:540)
	at androidx.room.processor.PojoProcessor.doProcess(PojoProcessor.kt:205)
	at androidx.room.processor.PojoProcessor.access$doProcess(PojoProcessor.kt:56)
	at androidx.room.processor.PojoProcessor$process$1.invoke(PojoProcessor.kt:112)
	at androidx.room.processor.PojoProcessor$process$1.invoke(PojoProcessor.kt:109)
	at androidx.room.processor.cache.Cache$Bucket.get(Cache.kt:53)
	at androidx.room.processor.PojoProcessor.process(PojoProcessor.kt:109)
	at androidx.room.processor.NonEntityOrViewProcessor.process(EntityOrViewProcessor.kt:49)
	at androidx.room.processor.PojoProcessor.processRelationField(PojoProcessor.kt:540)
	at androidx.room.processor.PojoProcessor.doProcess(PojoProcessor.kt:205)
	at androidx.room.processor.PojoProcessor.access$doProcess(PojoProcessor.kt:56)
	at androidx.room.processor.PojoProcessor$process$1.invoke(PojoProcessor.kt:112)
	at androidx.room.processor.PojoProcessor$process$1.invoke(PojoProcessor.kt:109)
	at androidx.room.processor.cache.Cache$Bucket.get(Cache.kt:53)
	at androidx.room.processor.PojoProcessor.process(PojoProcessor.kt:109)
	at androidx.room.processor.NonEntityOrViewProcessor.process(EntityOrViewProcessor.kt:49)
	at androidx.room.processor.PojoProcessor.processRelationField(PojoProcessor.kt:540)
	at androidx.room.processor.PojoProcessor.doProcess(PojoProcessor.kt:205)
	at androidx.room.processor.PojoProcessor.access$doProcess(PojoProcessor.kt:56)
	at androidx.room.processor.PojoProcessor$process$1.invoke(PojoProcessor.kt:112)
	at androidx.room.processor.PojoProcessor$process$1.invoke(PojoProcessor.kt:109)
	at androidx.room.processor.cache.Cache$Bucket.get(Cache.kt:53)
	at androidx.room.processor.PojoProcessor.process(PojoProcessor.kt:109)
	at androidx.room.processor.NonEntityOrViewProcessor.process(EntityOrViewProcessor.kt:49)
	at androidx.room.processor.PojoProcessor.processRelationField(PojoProcessor.kt:540)
	at androidx.room.processor.PojoProcessor.doProcess(PojoProcessor.kt:205)
	at androidx.room.processor.PojoProcessor.access$doProcess(PojoProcessor.kt:56)
	at androidx.room.processor.PojoProcessor$process$1.invoke(PojoProcessor.kt:112)
	at androidx.room.processor.PojoProcessor$process$1.invoke(PojoProcessor.kt:109)
	at androidx.room.processor.cache.Cache$Bucket.get(Cache.kt:53)
	at androidx.room.processor.PojoProcessor.process(PojoProcessor.kt:109)
	at androidx.room.processor.NonEntityOrViewProcessor.process(EntityOrViewProcessor.kt:49)
	at androidx.room.processor.PojoProcessor.processRelationField(PojoProcessor.kt:540)
	at androidx.room.processor.PojoProcessor.doProcess(PojoProcessor.kt:205)
	at androidx.room.processor.PojoProcessor.access$doProcess(PojoProcessor.kt:56)
	at androidx.room.processor.PojoProcessor$process$1.invoke(PojoProcessor.kt:112)
	at androidx.room.processor.PojoProcessor$process$1.invoke(PojoProcessor.kt:109)
	at androidx.room.processor.cache.Cache$Bucket.get(Cache.kt:53)
	at androidx.room.processor.PojoProcessor.process(PojoProcessor.kt:109)
	at androidx.room.processor.NonEntityOrViewProcessor.process(EntityOrViewProcessor.kt:49)
	at androidx.room.processor.PojoProcessor.processRelationField(PojoProcessor.kt:540)
	at androidx.room.processor.PojoProcessor.doProcess(PojoProcessor.kt:205)
	at androidx.room.processor.PojoProcessor.access$doProcess(PojoProcessor.kt:56)
	at androidx.room.processor.PojoProcessor$process$1.invoke(PojoProcessor.kt:112)
	at androidx.room.processor.PojoProcessor$process$1.invoke(PojoProcessor.kt:109)
	at androidx.room.processor.cache.Cache$Bucket.get(Cache.kt:53)
	at androidx.room.processor.PojoProcessor.process(PojoProcessor.kt:109)
	at androidx.room.processor.NonEntityOrViewProcessor.process(EntityOrViewProcessor.kt:49)
	at androidx.room.processor.PojoProcessor.processRelationField(PojoProcessor.kt:540)
	at androidx.room.processor.PojoProcessor.doProcess(PojoProcessor.kt:205)
	at androidx.room.processor.PojoProcessor.access$doProcess(PojoProcessor.kt:56)
	at androidx.room.processor.PojoProcessor$process$1.invoke(PojoProcessor.kt:112)
	at androidx.room.processor.PojoProcessor$process$1.invoke(PojoProcessor.kt:109)
	at androidx.room.processor.cache.Cache$Bucket.get(Cache.kt:53)
	at androidx.room.processor.PojoProcessor.process(PojoProcessor.kt:109)
	at androidx.room.processor.NonEntityOrViewProcessor.process(EntityOrViewProcessor.kt:49)
	at androidx.room.processor.PojoProcessor.processRelationField(PojoProcessor.kt:540)
	at androidx.room.processor.PojoProcessor.doProcess(PojoProcessor.kt:205)
	at androidx.room.processor.PojoProcessor.access$doProcess(PojoProcessor.kt:56)
	at androidx.room.processor.PojoProcessor$process$1.invoke(PojoProcessor.kt:112)
	at androidx.room.processor.PojoProcessor$process$1.invoke(PojoProcessor.kt:109)
	at androidx.room.processor.cache.Cache$Bucket.get(Cache.kt:53)
	at androidx.room.processor.PojoProcessor.process(PojoProcessor.kt:109)
	at androidx.room.processor.NonEntityOrViewProcessor.process(EntityOrViewProcessor.kt:49)
	at androidx.room.processor.PojoProcessor.processRelationField(PojoProcessor.kt:540)
	at androidx.room.processor.PojoProcessor.doProcess(PojoProcessor.kt:205)
	at androidx.room.processor.PojoProcessor.access$doProcess(PojoProcessor.kt:56)
	at androidx.room.processor.PojoProcessor$process$1.invoke(PojoProcessor.kt:112)
	at androidx.room.processor.PojoProcessor$process$1.invoke(PojoProcessor.kt:109)
	at androidx.room.processor.cache.Cache$Bucket.get(Cache.kt:53)
	at androidx.room.processor.PojoProcessor.process(PojoProcessor.kt:109)
	at androidx.room.processor.NonEntityOrViewProcessor.process(EntityOrViewProcessor.kt:49)
	at androidx.room.processor.PojoProcessor.processRelationField(PojoProcessor.kt:540)
	at androidx.room.processor.PojoProcessor.doProcess(PojoProcessor.kt:205)
	at androidx.room.processor.PojoProcessor.access$doProcess(PojoProcessor.kt:56)
	at androidx.room.processor.PojoProcessor$process$1.invoke(PojoProcessor.kt:112)
	at androidx.room.processor.PojoProcessor$process$1.invoke(PojoProcessor.kt:109)
	at androidx.room.processor.cache.Cache$Bucket.get(Cache.kt:53)
	at androidx.room.processor.PojoProcessor.process(PojoProcessor.kt:109)
	at androidx.room.processor.NonEntityOrViewProcessor.process(EntityOrViewProcessor.kt:49)
	at androidx.room.processor.PojoProcessor.processRelationField(PojoProcessor.kt:540)
	at androidx.room.processor.PojoProcessor.doProcess(PojoProcessor.kt:205)
	at androidx.room.processor.PojoProcessor.access$doProcess(PojoProcessor.kt:56)
	at androidx.room.processor.PojoProcessor$process$1.invoke(PojoProcessor.kt:112)
	at androidx.room.processor.PojoProcessor$process$1.invoke(PojoProcessor.kt:109)
	at androidx.room.processor.cache.Cache$Bucket.get(Cache.kt:53)
	at androidx.room.processor.PojoProcessor.process(PojoProcessor.kt:109)
	at androidx.room.processor.NonEntityOrViewProcessor.process(EntityOrViewProcessor.kt:49)
	at androidx.room.processor.PojoProcessor.processRelationField(PojoProcessor.kt:540)
	at androidx.room.processor.PojoProcessor.doProcess(PojoProcessor.kt:205)
	at androidx.room.processor.PojoProcessor.access$doProcess(PojoProcessor.kt:56)
	at androidx.room.processor.PojoProcessor$process$1.invoke(PojoProcessor.kt:112)
	at androidx.room.processor.PojoProcessor$process$1.invoke(PojoProcessor.kt:109)
	at androidx.room.processor.cache.Cache$Bucket.get(Cache.kt:53)
	at androidx.room.processor.PojoProcessor.process(PojoProcessor.kt:109)
	at androidx.room.processor.NonEntityOrViewProcessor.process(EntityOrViewProcessor.kt:49)
	at androidx.room.processor.PojoProcessor.processRelationField(PojoProcessor.kt:540)
	at androidx.room.processor.PojoProcessor.doProcess(PojoProcessor.kt:205)
	at androidx.room.processor.PojoProcessor.access$doProcess(PojoProcessor.kt:56)
	at androidx.room.processor.PojoProcessor$process$1.invoke(PojoProcessor.kt:112)
	at androidx.room.processor.PojoProcessor$process$1.invoke(PojoProcessor.kt:109)
	at androidx.room.processor.cache.Cache$Bucket.get(Cache.kt:53)
	at androidx.room.processor.PojoProcessor.process(PojoProcessor.kt:109)
	at androidx.room.processor.NonEntityOrViewProcessor.process(EntityOrViewProcessor.kt:49)
	at androidx.room.processor.PojoProcessor.processRelationField(PojoProcessor.kt:540)
	at androidx.room.processor.PojoProcessor.doProcess(PojoProcessor.kt:205)
	at androidx.room.processor.PojoProcessor.access$doProcess(PojoProcessor.kt:56)
	at androidx.room.processor.PojoProcessor$process$1.invoke(PojoProcessor.kt:112)
	at androidx.room.processor.PojoProcessor$process$1.invoke(PojoProcessor.kt:109)
	at androidx.room.processor.cache.Cache$Bucket.get(Cache.kt:53)
	at androidx.room.processor.PojoProcessor.process(PojoProcessor.kt:109)
	at androidx.room.processor.NonEntityOrViewProcessor.process(EntityOrViewProcessor.kt:49)
	at androidx.room.processor.PojoProcessor.processRelationField(PojoProcessor.kt:540)
	at androidx.room.processor.PojoProcessor.doProcess(PojoProcessor.kt:205)
	at androidx.room.processor.PojoProcessor.access$doProcess(PojoProcessor.kt:56)
	at androidx.room.processor.PojoProcessor$process$1.invoke(PojoProcessor.kt:112)
	at androidx.room.processor.PojoProcessor$process$1.invoke(PojoProcessor.kt:109)
	at androidx.room.processor.cache.Cache$Bucket.get(Cache.kt:53)
	at androidx.room.processor.PojoProcessor.process(PojoProcessor.kt:109)
	at androidx.room.processor.NonEntityOrViewProcessor.process(EntityOrViewProcessor.kt:49)
	at androidx.room.processor.PojoProcessor.processRelationField(PojoProcessor.kt:540)
	at androidx.room.processor.PojoProcessor.doProcess(PojoProcessor.kt:205)
	at androidx.room.processor.PojoProcessor.access$doProcess(PojoProcessor.kt:56)
	at androidx.room.processor.PojoProcessor$process$1.invoke(PojoProcessor.kt:112)
	at androidx.room.processor.PojoProcessor$process$1.invoke(PojoProcessor.kt:109)
	at androidx.room.processor.cache.Cache$Bucket.get(Cache.kt:53)
	at androidx.room.processor.PojoProcessor.process(PojoProcessor.kt:109)
	at androidx.room.processor.NonEntityOrViewProcessor.process(EntityOrViewProcessor.kt:49)
	at androidx.room.processor.PojoProcessor.processRelationField(PojoProcessor.kt:540)
	at androidx.room.processor.PojoProcessor.doProcess(PojoProcessor.kt:205)
	at androidx.room.processor.PojoProcessor.access$doProcess(PojoProcessor.kt:56)
	at androidx.room.processor.PojoProcessor$process$1.invoke(PojoProcessor.kt:112)
	at androidx.room.processor.PojoProcessor$process$1.invoke(PojoProcessor.kt:109)
	at androidx.room.processor.cache.Cache$Bucket.get(Cache.kt:53)
	at androidx.room.processor.PojoProcessor.process(PojoProcessor.kt:109)
	at androidx.room.processor.NonEntityOrViewProcessor.process(EntityOrViewProcessor.kt:49)
	at androidx.room.processor.PojoProcessor.processRelationField(PojoProcessor.kt:540)
	at androidx.room.processor.PojoProcessor.doProcess(PojoProcessor.kt:205)
	at androidx.room.processor.PojoProcessor.access$doProcess(PojoProcessor.kt:56)
	at androidx.room.processor.PojoProcessor$process$1.invoke(PojoProcessor.kt:112)
	at androidx.room.processor.PojoProcessor$process$1.invoke(PojoProcessor.kt:109)
	at androidx.room.processor.cache.Cache$Bucket.get(Cache.kt:53)
	at androidx.room.processor.PojoProcessor.process(PojoProcessor.kt:109)
	at androidx.room.processor.NonEntityOrViewProcessor.process(EntityOrViewProcessor.kt:49)
	at androidx.room.processor.PojoProcessor.processRelationField(PojoProcessor.kt:540)
	at androidx.room.processor.PojoProcessor.doProcess(PojoProcessor.kt:205)
	at androidx.room.processor.PojoProcessor.access$doProcess(PojoProcessor.kt:56)
	at androidx.room.processor.PojoProcessor$process$1.invoke(PojoProcessor.kt:112)
	at androidx.room.processor.PojoProcessor$process$1.invoke(PojoProcessor.kt:109)
	at androidx.room.processor.cache.Cache$Bucket.get(Cache.kt:53)
	at androidx.room.processor.PojoProcessor.process(PojoProcessor.kt:109)
	at androidx.room.processor.NonEntityOrViewProcessor.process(EntityOrViewProcessor.kt:49)
	at androidx.room.processor.PojoProcessor.processRelationField(PojoProcessor.kt:540)
	at androidx.room.processor.PojoProcessor.doProcess(PojoProcessor.kt:205)
	at androidx.room.processor.PojoProcessor.access$doProcess(PojoProcessor.kt:56)
	at androidx.room.processor.PojoProcessor$process$1.invoke(PojoProcessor.kt:112)
	at androidx.room.processor.PojoProcessor$process$1.invoke(PojoProcessor.kt:109)
	at androidx.room.processor.cache.Cache$Bucket.get(Cache.kt:53)
	at androidx.room.processor.PojoProcessor.process(PojoProcessor.kt:109)
	at androidx.room.processor.NonEntityOrViewProcessor.process(EntityOrViewProcessor.kt:49)
	at androidx.room.processor.PojoProcessor.processRelationField(PojoProcessor.kt:540)
	at androidx.room.processor.PojoProcessor.doProcess(PojoProcessor.kt:205)
	at androidx.room.processor.PojoProcessor.access$doProcess(PojoProcessor.kt:56)
	at androidx.room.processor.PojoProcessor$process$1.invoke(PojoProcessor.kt:112)
	at androidx.room.processor.PojoProcessor$process$1.invoke(PojoProcessor.kt:109)
	at androidx.room.processor.cache.Cache$Bucket.get(Cache.kt:53)
	at androidx.room.processor.PojoProcessor.process(PojoProcessor.kt:109)
	at androidx.room.processor.NonEntityOrViewProcessor.process(EntityOrViewProcessor.kt:49)
	at androidx.room.processor.PojoProcessor.processRelationField(PojoProcessor.kt:540)


